
                        BEAST v2.7.3, 2002-2022
             Bayesian Evolutionary Analysis Sampling Trees
                       Designed and developed by
 Remco Bouckaert, Alexei J. Drummond, Andrew Rambaut & Marc A. Suchard
                                    
                   Centre for Computational Evolution
                         University of Auckland
                       r.bouckaert@auckland.ac.nz
                        alexei@cs.auckland.ac.nz
                                    
                   Institute of Evolutionary Biology
                        University of Edinburgh
                           a.rambaut@ed.ac.uk
                                    
                    David Geffen School of Medicine
                 University of California, Los Angeles
                           msuchard@ucla.edu
                                    
                      Downloads, Help & Resources:
                           http://beast2.org/
                                    
  Source code distributed under the GNU Lesser General Public License:
                   http://github.com/CompEvol/beast2
                                    
                           BEAST developers:
   Alex Alekseyenko, Trevor Bedford, Erik Bloomquist, Joseph Heled, 
 Sebastian Hoehna, Denise Kuehnert, Philippe Lemey, Wai Lok Sibon Li, 
Gerton Lunter, Sidney Markowitz, Vladimir Minin, Michael Defoin Platel, 
          Oliver Pybus, Tim Vaughan, Chieh-Hsi Wu, Walter Xie
                                    
                               Thanks to:
          Roald Forsberg, Beth Shapiro and Korbinian Strimmer

Random number seed: 1689497866791

Alignment(oreophryne_senkenbergiana_alignment_20230715)
  238 taxa
  2475 sites
  1392 patterns

Filter 1-407\3
238 taxa
136 sites
49 patterns
WARNING: Adjust tip heights attribute set to 'true' in TreeParser
         has resulted in significant (>0.1%) change in tree length.
         Use adjustTipHeights='false' to override this default.
  original max tip age =    0.409
       new max tip age =    0.000
  original tree length =   16.459
       new tree length =   52.159
       TL scale factor =    3.169
Starting frequencies: [0.25, 0.25, 0.25, 0.25]
  UCRelaxedClockModel: using 474 rate categories to approximate rate distribution across branches.
  Using BEAGLE version: 3.0.2 resource 0: CPU
    with instance flags:  PRECISION_DOUBLE COMPUTATION_SYNCH EIGEN_REAL SCALING_MANUAL SCALERS_RAW VECTOR_NONE PROCESSOR_CPU FRAMEWORK_CPU
Filter 2-407\3
238 taxa
136 sites
49 patterns
  Using BEAGLE version: 3.0.2 resource 0: CPU
    with instance flags:  PRECISION_DOUBLE COMPUTATION_SYNCH EIGEN_REAL SCALING_MANUAL SCALERS_RAW VECTOR_NONE PROCESSOR_CPU FRAMEWORK_CPU
Filter 3-407\3
238 taxa
135 sites
115 patterns
Starting frequencies: [0.25, 0.25, 0.25, 0.25]
  Using BEAGLE version: 3.0.2 resource 0: CPU
    with instance flags:  PRECISION_DOUBLE COMPUTATION_SYNCH EIGEN_REAL SCALING_MANUAL SCALERS_RAW VECTOR_NONE PROCESSOR_CPU FRAMEWORK_CPU
Filter 408-924\3
238 taxa
173 sites
125 patterns
Starting frequencies: [0.25, 0.25, 0.25, 0.25]
  Using BEAGLE version: 3.0.2 resource 0: CPU
    with instance flags:  PRECISION_DOUBLE COMPUTATION_SYNCH EIGEN_REAL SCALING_MANUAL SCALERS_RAW VECTOR_NONE PROCESSOR_CPU FRAMEWORK_CPU
Filter 409-924\3
238 taxa
172 sites
58 patterns
Starting frequencies: [0.25, 0.25, 0.25, 0.25]
  Using BEAGLE version: 3.0.2 resource 0: CPU
    with instance flags:  PRECISION_DOUBLE COMPUTATION_SYNCH EIGEN_REAL SCALING_MANUAL SCALERS_RAW VECTOR_NONE PROCESSOR_CPU FRAMEWORK_CPU
Filter 410-924\3
238 taxa
172 sites
48 patterns
Starting frequencies: [0.25, 0.25, 0.25, 0.25]
  Using BEAGLE version: 3.0.2 resource 0: CPU
    with instance flags:  PRECISION_DOUBLE COMPUTATION_SYNCH EIGEN_REAL SCALING_MANUAL SCALERS_RAW VECTOR_NONE PROCESSOR_CPU FRAMEWORK_CPU
Filter 925-1479\3
238 taxa
185 sites
68 patterns
Starting frequencies: [0.25, 0.25, 0.25, 0.25]
  Using BEAGLE version: 3.0.2 resource 0: CPU
    with instance flags:  PRECISION_DOUBLE COMPUTATION_SYNCH EIGEN_REAL SCALING_MANUAL SCALERS_RAW VECTOR_NONE PROCESSOR_CPU FRAMEWORK_CPU
Filter 926-1479\3
238 taxa
185 sites
59 patterns
Starting frequencies: [0.25, 0.25, 0.25, 0.25]
  Using BEAGLE version: 3.0.2 resource 0: CPU
    with instance flags:  PRECISION_DOUBLE COMPUTATION_SYNCH EIGEN_REAL SCALING_MANUAL SCALERS_RAW VECTOR_NONE PROCESSOR_CPU FRAMEWORK_CPU
Filter 927-1479\3
238 taxa
185 sites
150 patterns
Starting frequencies: [0.2949309956865047, 0.2016804735580145, 0.2241358857982701, 0.27925264495721064]
  Using BEAGLE version: 3.0.2 resource 0: CPU
    with instance flags:  PRECISION_DOUBLE COMPUTATION_SYNCH EIGEN_REAL SCALING_MANUAL SCALERS_RAW VECTOR_NONE PROCESSOR_CPU FRAMEWORK_CPU
Filter 1480-1989\3
238 taxa
170 sites
114 patterns
Starting frequencies: [0.25, 0.25, 0.25, 0.25]
  Using BEAGLE version: 3.0.2 resource 0: CPU
    with instance flags:  PRECISION_DOUBLE COMPUTATION_SYNCH EIGEN_REAL SCALING_MANUAL SCALERS_RAW VECTOR_NONE PROCESSOR_CPU FRAMEWORK_CPU
Filter 1481-1989\3
238 taxa
170 sites
95 patterns
Starting frequencies: [0.19989124243898568, 0.2577820408384358, 0.14658889803276398, 0.39573781868981456]
  Using BEAGLE version: 3.0.2 resource 0: CPU
    with instance flags:  PRECISION_DOUBLE COMPUTATION_SYNCH EIGEN_REAL SCALING_MANUAL SCALERS_RAW VECTOR_NONE PROCESSOR_CPU FRAMEWORK_CPU
Filter 1482-1989\3
238 taxa
170 sites
170 patterns
Starting frequencies: [0.25, 0.25, 0.25, 0.25]
  Using BEAGLE version: 3.0.2 resource 0: CPU
    with instance flags:  PRECISION_DOUBLE COMPUTATION_SYNCH EIGEN_REAL SCALING_MANUAL SCALERS_RAW VECTOR_NONE PROCESSOR_CPU FRAMEWORK_CPU
Filter 1990-2475\3
238 taxa
162 sites
135 patterns
Starting frequencies: [0.25, 0.25, 0.25, 0.25]
  Using BEAGLE version: 3.0.2 resource 0: CPU
    with instance flags:  PRECISION_DOUBLE COMPUTATION_SYNCH EIGEN_REAL SCALING_MANUAL SCALERS_RAW VECTOR_NONE PROCESSOR_CPU FRAMEWORK_CPU
Filter 1991-2475\3
238 taxa
162 sites
105 patterns
Starting frequencies: [0.1261178752410347, 0.30288296637756235, 0.13348420284689852, 0.4375149555345043]
  Using BEAGLE version: 3.0.2 resource 0: CPU
    with instance flags:  PRECISION_DOUBLE COMPUTATION_SYNCH EIGEN_REAL SCALING_MANUAL SCALERS_RAW VECTOR_NONE PROCESSOR_CPU FRAMEWORK_CPU
Filter 1992-2475\3
238 taxa
162 sites
162 patterns
Starting frequencies: [0.3428950343474007, 0.32359794135804726, 0.052064998821655974, 0.2814420254728961]
  Using BEAGLE version: 3.0.2 resource 0: CPU
    with instance flags:  PRECISION_DOUBLE COMPUTATION_SYNCH EIGEN_REAL SCALING_MANUAL SCALERS_RAW VECTOR_NONE PROCESSOR_CPU FRAMEWORK_CPU
===============================================================================
Citations for this model:

Bouckaert, Remco, Timothy G. Vaughan, Joëlle Barido-Sottani, Sebastián Duchêne, Mathieu Fourment, 
Alexandra Gavryushkina, Joseph Heled, Graham Jones, Denise Kühnert, Nicola De Maio, Michael Matschiner, 
Fábio K. Mendes, Nicola F. Müller, Huw A. Ogilvie, Louis du Plessis, Alex Popinga, Andrew Rambaut, 
David Rasmussen, Igor Siveroni, Marc A. Suchard, Chieh-Hsi Wu, Dong Xie, Chi Zhang, Tanja Stadler, 
Alexei J. Drummond 
  BEAST 2.5: An advanced software platform for Bayesian evolutionary analysis. 
  PLoS computational biology 15, no. 4 (2019): e1006650.

Gernhard 2008. The conditioned reconstructed process. Journal of Theoretical Biology Volume 253, Issue 4, 21 August 2008, Pages 769-778

Tamura, K., & Nei, M. (1993). Estimation of the number of nucleotide substitutions in the control region of mitochondrial DNA in humans and chimpanzees. Molecular Biology and Evolution, 10(3), 512-526.

Drummond AJ, Ho SYW, Phillips MJ, Rambaut A (2006) Relaxed Phylogenetics and
  Dating with Confidence. PLoS Biol 4(5): e88

Douglas J, Zhang R, Bouckaert R. Adaptive dating and fast proposals: Revisiting the phylogenetic relaxed clock model. PLoS computational biology. 2021 Feb 2;17(2):e1008322.

Bouckaert RR. An efficient coalescent epoch model for Bayesian phylogenetic inference. Systematic Biology, syac015, 2022

===============================================================================
Start likelihood: -113304.12825899805 
Writing file senken_run1.log
Writing file senken_run1-senkenbergiana.trees
         Sample      posterior     likelihood          prior
              0   -113304.1282   -106087.8512     -7216.2770 --
         100000    -85397.2181    -84728.5947      -668.6233 --
         200000    -85225.7521    -84509.6680      -716.0840 --
         300000    -85146.6151    -84448.2216      -698.3935 --
         400000    -85111.5130    -84391.2236      -720.2894 --
         500000    -85122.6597    -84413.4833      -709.1763 --
         600000    -85141.6302    -84433.9647      -707.6655 41m55s/Msamples
         700000    -85082.9285    -84385.4882      -697.4403 41m26s/Msamples
         800000    -85112.6677    -84398.0101      -714.6576 41m33s/Msamples
         900000    -85186.0616    -84442.1096      -743.9520 41m43s/Msamples
        1000000    -85114.6362    -84424.4139      -690.2223 41m42s/Msamples
        1100000    -85115.6155    -84430.0588      -685.5567 41m48s/Msamples
        1200000    -85124.3947    -84427.0914      -697.3032 41m50s/Msamples
        1300000    -85097.0377    -84425.3488      -671.6889 41m51s/Msamples
        1400000    -85127.4420    -84429.2819      -698.1601 41m51s/Msamples
        1500000    -85073.7812    -84355.8125      -717.9687 41m46s/Msamples
        1600000    -85121.0356    -84402.3580      -718.6775 41m46s/Msamples
        1700000    -85058.5022    -84366.4733      -692.0289 41m48s/Msamples
        1800000    -85076.7575    -84412.8944      -663.8631 41m44s/Msamples
        1900000    -85117.7852    -84414.7319      -703.0532 41m45s/Msamples
        2000000    -85091.7793    -84369.2786      -722.5006 41m45s/Msamples
        2100000    -85134.4558    -84405.5485      -728.9072 41m43s/Msamples
        2200000    -85070.7030    -84398.7063      -671.9966 41m47s/Msamples
        2300000    -85090.0096    -84394.7655      -695.2441 41m46s/Msamples
        2400000    -85088.9228    -84387.5518      -701.3710 41m50s/Msamples
        2500000    -85097.1736    -84372.9983      -724.1753 41m51s/Msamples
        2600000    -85034.0690    -84346.5457      -687.5232 41m52s/Msamples
        2700000    -85085.2777    -84401.6298      -683.6479 41m50s/Msamples
        2800000    -85084.0137    -84378.3436      -705.6701 41m56s/Msamples
        2900000    -85148.6654    -84411.8377      -736.8276 41m57s/Msamples
        3000000    -85078.4342    -84362.9382      -715.4959 41m54s/Msamples
        3100000    -85050.1318    -84368.8664      -681.2653 41m50s/Msamples
        3200000    -85126.2190    -84379.8127      -746.4062 41m48s/Msamples
        3300000    -85074.4410    -84352.4947      -721.9463 41m46s/Msamples
        3400000    -85042.3981    -84335.4436      -706.9544 41m43s/Msamples
        3500000    -85062.5864    -84356.3314      -706.2550 41m42s/Msamples
        3600000    -85063.2139    -84358.3402      -704.8737 41m39s/Msamples
        3700000    -85076.0569    -84372.5443      -703.5126 41m36s/Msamples
        3800000    -85066.3288    -84355.3948      -710.9340 41m34s/Msamples
        3900000    -85075.0274    -84372.2008      -702.8265 41m32s/Msamples
        4000000    -85074.1695    -84353.0944      -721.0751 41m29s/Msamples
        4100000    -85083.5048    -84379.4934      -704.0113 41m27s/Msamples
        4200000    -85078.6915    -84369.1225      -709.5690 41m26s/Msamples
        4300000    -85042.7294    -84318.2097      -724.5197 41m25s/Msamples
        4400000    -85107.9842    -84371.6491      -736.3350 41m24s/Msamples
        4500000    -85030.7252    -84336.6165      -694.1087 41m23s/Msamples
        4600000    -85091.2810    -84357.7371      -733.5439 41m23s/Msamples
        4700000    -85086.3188    -84401.1489      -685.1699 41m23s/Msamples
        4800000    -85087.0511    -84355.7014      -731.3497 41m23s/Msamples
        4900000    -85134.4507    -84356.1100      -778.3407 41m22s/Msamples
        5000000    -85141.0088    -84372.5392      -768.4695 41m20s/Msamples
        5100000    -85151.2324    -84371.0041      -780.2283 41m19s/Msamples
        5200000    -85168.9783    -84413.4315      -755.5467 41m18s/Msamples
        5300000    -85099.8744    -84374.1131      -725.7612 41m16s/Msamples
        5400000    -85139.8988    -84370.6878      -769.2109 41m14s/Msamples
        5500000    -85177.7771    -84410.8672      -766.9099 41m12s/Msamples
        5600000    -85133.1178    -84371.4942      -761.6236 41m11s/Msamples
        5700000    -85168.4816    -84368.8898      -799.5917 41m10s/Msamples
        5800000    -85139.2928    -84356.3604      -782.9324 41m8s/Msamples
        5900000    -85143.6613    -84374.3351      -769.3261 41m7s/Msamples
        6000000    -85070.9826    -84355.8738      -715.1087 41m6s/Msamples
        6100000    -85055.2220    -84352.5808      -702.6411 41m6s/Msamples
        6200000    -85074.9632    -84343.1214      -731.8418 41m6s/Msamples
        6300000    -85044.3962    -84366.4957      -677.9005 41m7s/Msamples
        6400000    -85075.8211    -84352.3088      -723.5123 41m6s/Msamples
        6500000    -85102.9227    -84381.6159      -721.3067 41m6s/Msamples
        6600000    -85098.4432    -84346.2731      -752.1701 41m5s/Msamples
        6700000    -85091.2401    -84344.6559      -746.5842 41m4s/Msamples
        6800000    -85150.2003    -84365.6343      -784.5659 41m3s/Msamples
        6900000    -85158.6581    -84365.7169      -792.9412 41m3s/Msamples
        7000000    -85159.4781    -84393.4855      -765.9925 41m3s/Msamples
        7100000    -85083.4976    -84363.4076      -720.0900 41m2s/Msamples
        7200000    -85076.3652    -84373.4300      -702.9352 41m2s/Msamples
        7300000    -85115.3160    -84359.6599      -755.6560 41m1s/Msamples
        7400000    -85122.5898    -84365.2161      -757.3737 41m0s/Msamples
        7500000    -85062.0515    -84353.8316      -708.2199 40m59s/Msamples
        7600000    -85073.9893    -84333.7638      -740.2254 40m59s/Msamples
        7700000    -85068.3182    -84359.4848      -708.8333 40m58s/Msamples
        7800000    -85036.1547    -84360.1758      -675.9788 40m58s/Msamples
        7900000    -85014.1270    -84320.1821      -693.9449 40m57s/Msamples
        8000000    -85048.3692    -84365.9307      -682.4385 40m58s/Msamples
        8100000    -85068.0743    -84376.9872      -691.0871 40m58s/Msamples
        8200000    -85069.3058    -84377.9844      -691.3214 40m57s/Msamples
        8300000    -85026.9370    -84332.2774      -694.6596 40m56s/Msamples
        8400000    -85054.4076    -84336.3455      -718.0620 40m55s/Msamples
        8500000    -85083.3416    -84362.2574      -721.0841 40m56s/Msamples
        8600000    -85019.3543    -84343.7476      -675.6066 40m56s/Msamples
        8700000    -85071.0245    -84343.8232      -727.2012 40m55s/Msamples
        8800000    -85050.8414    -84333.9191      -716.9222 40m55s/Msamples
        8900000    -85031.3465    -84320.7481      -710.5983 40m55s/Msamples
        9000000    -85079.5768    -84358.3710      -721.2057 40m54s/Msamples
        9100000    -85027.3690    -84329.4627      -697.9062 40m54s/Msamples
        9200000    -85078.4756    -84366.5212      -711.9544 40m53s/Msamples
        9300000    -85100.8880    -84388.9174      -711.9706 40m53s/Msamples
        9400000    -85054.6097    -84341.8945      -712.7151 40m53s/Msamples
        9500000    -85024.5492    -84348.2704      -676.2788 40m53s/Msamples
        9600000    -85067.8242    -84341.4766      -726.3476 40m53s/Msamples
        9700000    -85085.7550    -84383.2645      -702.4904 40m53s/Msamples
        9800000    -85057.7310    -84342.5395      -715.1914 40m52s/Msamples
        9900000    -85113.4019    -84398.9064      -714.4954 40m52s/Msamples
       10000000    -85032.1118    -84335.3166      -696.7951 40m52s/Msamples
       10100000    -85066.9108    -84336.5777      -730.3330 40m52s/Msamples
       10200000    -85052.9002    -84345.7467      -707.1535 40m51s/Msamples
       10300000    -85059.3286    -84326.0318      -733.2968 40m52s/Msamples
       10400000    -85041.6400    -84337.4547      -704.1852 40m52s/Msamples
       10500000    -85074.0696    -84358.9662      -715.1033 40m51s/Msamples
       10600000    -85054.1552    -84331.5812      -722.5739 40m51s/Msamples
       10700000    -85034.1373    -84340.7309      -693.4063 40m51s/Msamples
       10800000    -85047.9525    -84324.7800      -723.1724 40m51s/Msamples
       10900000    -85046.4940    -84335.1395      -711.3545 40m51s/Msamples
       11000000    -85041.3631    -84343.2686      -698.0945 40m51s/Msamples
       11100000    -84999.4012    -84347.7444      -651.6567 40m51s/Msamples
       11200000    -85057.2681    -84353.9881      -703.2800 40m51s/Msamples
       11300000    -85014.1147    -84354.3470      -659.7676 40m51s/Msamples
       11400000    -84993.8802    -84329.3340      -664.5462 40m51s/Msamples
       11500000    -85043.0213    -84380.9710      -662.0502 40m50s/Msamples
       11600000    -84967.5055    -84342.1010      -625.4045 40m51s/Msamples
       11700000    -85035.4106    -84360.8821      -674.5284 40m50s/Msamples
       11800000    -85012.8056    -84327.8694      -684.9362 40m51s/Msamples
       11900000    -85057.5714    -84339.6089      -717.9625 40m51s/Msamples
       12000000    -85042.4997    -84337.6821      -704.8175 40m51s/Msamples
       12100000    -85058.2505    -84329.9625      -728.2880 40m51s/Msamples
       12200000    -85031.4291    -84322.2303      -709.1987 40m51s/Msamples
       12300000    -85070.0471    -84365.4060      -704.6410 40m51s/Msamples
       12400000    -85100.6585    -84364.3836      -736.2748 40m51s/Msamples
       12500000    -85082.4931    -84344.6608      -737.8322 40m51s/Msamples
       12600000    -85036.9996    -84315.5604      -721.4391 40m51s/Msamples
       12700000    -85089.2420    -84345.2842      -743.9578 40m52s/Msamples
       12800000    -85095.9498    -84374.6096      -721.3402 40m51s/Msamples
       12900000    -85063.4492    -84349.6093      -713.8399 40m51s/Msamples
       13000000    -85069.2905    -84365.7675      -703.5230 40m51s/Msamples
       13100000    -85087.0508    -84375.5788      -711.4720 40m51s/Msamples
       13200000    -85075.2128    -84352.7101      -722.5027 40m51s/Msamples
       13300000    -85049.8261    -84307.3128      -742.5132 40m51s/Msamples
       13400000    -85035.8779    -84346.8761      -689.0018 40m51s/Msamples
       13500000    -85058.6256    -84382.7569      -675.8687 40m51s/Msamples
       13600000    -85026.9507    -84342.9442      -684.0064 40m51s/Msamples
       13700000    -85044.3016    -84355.6418      -688.6598 40m51s/Msamples
       13800000    -85046.5441    -84358.6981      -687.8459 40m50s/Msamples
       13900000    -85059.7146    -84363.5327      -696.1818 40m50s/Msamples
       14000000    -85011.4761    -84325.1791      -686.2969 40m50s/Msamples
       14100000    -85088.7214    -84382.4957      -706.2257 40m50s/Msamples
       14200000    -85019.8946    -84335.8766      -684.0180 40m51s/Msamples
       14300000    -85022.5779    -84327.0165      -695.5614 40m51s/Msamples
       14400000    -85035.3597    -84335.5049      -699.8547 40m51s/Msamples
       14500000    -85083.6159    -84356.5873      -727.0286 40m51s/Msamples
       14600000    -85120.5939    -84361.6058      -758.9880 40m51s/Msamples
       14700000    -85117.6620    -84355.3661      -762.2959 40m51s/Msamples
       14800000    -85064.8727    -84363.1028      -701.7698 40m51s/Msamples
       14900000    -85040.9755    -84348.4813      -692.4941 40m51s/Msamples
       15000000    -85055.0623    -84341.5365      -713.5258 40m50s/Msamples
       15100000    -85055.4968    -84334.0690      -721.4278 40m50s/Msamples
       15200000    -84967.9877    -84315.3260      -652.6616 40m50s/Msamples
       15300000    -85008.4441    -84335.0639      -673.3801 40m50s/Msamples
       15400000    -85016.0859    -84340.4822      -675.6036 40m50s/Msamples
       15500000    -85050.1917    -84328.8902      -721.3015 40m50s/Msamples
       15600000    -85067.2178    -84365.6563      -701.5615 40m50s/Msamples
       15700000    -85063.1956    -84351.4565      -711.7391 40m50s/Msamples
       15800000    -85040.1263    -84361.6845      -678.4417 40m50s/Msamples
       15900000    -85051.8223    -84334.2149      -717.6074 40m50s/Msamples
       16000000    -85080.5132    -84366.6756      -713.8375 40m50s/Msamples
       16100000    -84984.1198    -84311.8808      -672.2389 40m49s/Msamples
       16200000    -85011.6736    -84331.8508      -679.8228 40m49s/Msamples
       16300000    -85006.1913    -84336.7778      -669.4135 40m49s/Msamples
       16400000    -85033.6501    -84343.9547      -689.6953 40m49s/Msamples
       16500000    -85080.4621    -84364.1658      -716.2963 40m49s/Msamples
       16600000    -85075.0775    -84365.8991      -709.1783 40m49s/Msamples
       16700000    -85094.6898    -84392.9392      -701.7506 40m49s/Msamples
       16800000    -85088.7447    -84411.3592      -677.3855 40m49s/Msamples
       16900000    -85042.2801    -84336.8115      -705.4685 40m49s/Msamples
       17000000    -85127.7363    -84405.4275      -722.3087 40m49s/Msamples
       17100000    -85046.2421    -84387.5252      -658.7169 40m49s/Msamples
       17200000    -85074.5207    -84368.1623      -706.3584 40m49s/Msamples
       17300000    -85109.6305    -84371.1404      -738.4900 40m50s/Msamples
       17400000    -85079.5040    -84354.2304      -725.2736 40m50s/Msamples
       17500000    -85086.6644    -84382.2434      -704.4210 40m50s/Msamples
       17600000    -85036.1863    -84326.1486      -710.0377 40m50s/Msamples
       17700000    -85062.0448    -84346.1258      -715.9190 40m50s/Msamples
       17800000    -85019.0659    -84336.6402      -682.4257 40m50s/Msamples
       17900000    -85058.3470    -84353.8735      -704.4735 40m49s/Msamples
       18000000    -85026.0683    -84338.3150      -687.7533 40m49s/Msamples
       18100000    -85007.4108    -84344.6995      -662.7113 40m49s/Msamples
       18200000    -85043.9576    -84353.0928      -690.8647 40m50s/Msamples
       18300000    -85018.7397    -84332.2088      -686.5309 40m49s/Msamples
       18400000    -85068.6748    -84352.1015      -716.5732 40m50s/Msamples
       18500000    -85059.7617    -84363.3000      -696.4617 40m50s/Msamples
       18600000    -85058.3549    -84335.4580      -722.8968 40m50s/Msamples
       18700000    -85028.9057    -84318.7218      -710.1839 40m50s/Msamples
       18800000    -85078.9655    -84355.3021      -723.6633 40m50s/Msamples
       18900000    -85065.6432    -84348.5509      -717.0923 40m50s/Msamples
       19000000    -85057.4279    -84326.9356      -730.4923 40m50s/Msamples
       19100000    -85051.6216    -84336.5533      -715.0682 40m50s/Msamples
       19200000    -85064.6372    -84352.8577      -711.7794 40m50s/Msamples
       19300000    -85064.6861    -84385.2467      -679.4393 40m50s/Msamples
       19400000    -85029.3415    -84348.3364      -681.0050 40m50s/Msamples
       19500000    -84975.9115    -84304.4752      -671.4363 40m50s/Msamples
       19600000    -85064.5333    -84360.8948      -703.6384 40m50s/Msamples
       19700000    -85071.4556    -84347.2854      -724.1701 40m50s/Msamples
       19800000    -85089.9712    -84373.8032      -716.1679 40m50s/Msamples
       19900000    -85073.8227    -84329.8054      -744.0173 40m50s/Msamples
       20000000    -85108.9230    -84392.0477      -716.8753 40m50s/Msamples
       20100000    -85098.6138    -84364.5533      -734.0604 40m51s/Msamples
       20200000    -85076.5212    -84374.2368      -702.2843 40m51s/Msamples
       20300000    -85012.9466    -84322.6561      -690.2904 40m51s/Msamples
       20400000    -85055.4919    -84381.6832      -673.8086 40m51s/Msamples
       20500000    -85067.0151    -84346.9234      -720.0917 40m51s/Msamples
       20600000    -85004.6451    -84325.7775      -678.8675 40m51s/Msamples
       20700000    -85050.1323    -84327.8125      -722.3197 40m51s/Msamples
       20800000    -85062.5142    -84336.1611      -726.3531 40m51s/Msamples
       20900000    -85053.4595    -84362.6435      -690.8159 40m51s/Msamples
       21000000    -85107.7130    -84368.9656      -738.7473 40m51s/Msamples
       21100000    -85041.1785    -84372.7712      -668.4073 40m51s/Msamples
       21200000    -85038.2936    -84393.7943      -644.4992 40m51s/Msamples
       21300000    -85022.5115    -84342.1670      -680.3445 40m51s/Msamples
       21400000    -85018.7951    -84350.1689      -668.6262 40m51s/Msamples
       21500000    -85046.3884    -84315.8850      -730.5033 40m51s/Msamples
       21600000    -85094.3963    -84383.4003      -710.9960 40m50s/Msamples
       21700000    -85122.0962    -84366.4920      -755.6041 40m50s/Msamples
       21800000    -85104.5825    -84338.6394      -765.9431 40m50s/Msamples
       21900000    -85106.8484    -84344.6889      -762.1594 40m50s/Msamples
       22000000    -85092.6287    -84352.2077      -740.4210 40m50s/Msamples
       22100000    -85081.0993    -84348.5882      -732.5111 40m49s/Msamples
       22200000    -85080.4719    -84358.6682      -721.8036 40m49s/Msamples
       22300000    -85089.2796    -84357.0653      -732.2143 40m49s/Msamples
       22400000    -85081.1386    -84360.8922      -720.2464 40m50s/Msamples
       22500000    -85088.5454    -84376.2566      -712.2887 40m50s/Msamples
       22600000    -85093.6639    -84365.4637      -728.2001 40m50s/Msamples
       22700000    -85132.4004    -84373.2929      -759.1075 40m49s/Msamples
       22800000    -85041.4070    -84357.2918      -684.1151 40m49s/Msamples
       22900000    -85105.1730    -84351.8997      -753.2732 40m49s/Msamples
       23000000    -85107.7650    -84370.9589      -736.8060 40m49s/Msamples
       23100000    -85138.1282    -84388.9639      -749.1643 40m49s/Msamples
       23200000    -85162.6004    -84347.8620      -814.7384 40m49s/Msamples
       23300000    -85133.6000    -84352.4246      -781.1754 40m49s/Msamples
       23400000    -85170.2099    -84366.3449      -803.8649 40m49s/Msamples
       23500000    -85165.6092    -84372.8209      -792.7883 40m49s/Msamples
       23600000    -85133.1429    -84350.0530      -783.0898 40m49s/Msamples
       23700000    -85077.4158    -84355.0796      -722.3362 40m49s/Msamples
       23800000    -85074.8688    -84332.4494      -742.4193 40m50s/Msamples
       23900000    -85181.3806    -84388.9491      -792.4315 40m50s/Msamples
       24000000    -85165.1497    -84368.0209      -797.1288 40m50s/Msamples
       24100000    -85151.2885    -84361.1941      -790.0943 40m50s/Msamples
       24200000    -85115.8444    -84350.8755      -764.9688 40m50s/Msamples
       24300000    -85077.2575    -84348.4975      -728.7599 40m50s/Msamples
       24400000    -85017.6133    -84355.6870      -661.9262 40m50s/Msamples
       24500000    -85042.8963    -84351.2833      -691.6130 40m50s/Msamples
       24600000    -85036.2275    -84329.8761      -706.3513 40m50s/Msamples
       24700000    -85106.0426    -84373.7400      -732.3026 40m50s/Msamples
       24800000    -85074.1973    -84346.2082      -727.9890 40m50s/Msamples
       24900000    -85090.5431    -84324.7788      -765.7643 40m50s/Msamples
       25000000    -85098.3329    -84352.2070      -746.1259 40m50s/Msamples
       25100000    -85090.4469    -84344.8909      -745.5559 40m50s/Msamples
       25200000    -85135.6754    -84379.7824      -755.8930 40m50s/Msamples
       25300000    -85120.6892    -84337.1808      -783.5083 40m50s/Msamples
       25400000    -85113.3876    -84348.3404      -765.0472 40m50s/Msamples
       25500000    -85107.8984    -84349.6262      -758.2721 40m50s/Msamples
       25600000    -85164.1154    -84365.4210      -798.6943 40m50s/Msamples
       25700000    -85160.3762    -84385.9047      -774.4714 40m50s/Msamples
       25800000    -85108.9994    -84390.5175      -718.4818 40m50s/Msamples
       25900000    -85095.1247    -84328.3375      -766.7872 40m50s/Msamples
       26000000    -85098.5625    -84361.9227      -736.6398 40m50s/Msamples
       26100000    -85111.7506    -84358.6973      -753.0533 40m50s/Msamples
       26200000    -85102.5237    -84390.4379      -712.0858 40m50s/Msamples
       26300000    -85126.0579    -84359.4950      -766.5628 40m50s/Msamples
       26400000    -85093.4237    -84343.0013      -750.4224 40m50s/Msamples
       26500000    -85123.5952    -84376.1776      -747.4176 40m49s/Msamples
       26600000    -85047.9807    -84340.4411      -707.5396 40m50s/Msamples
       26700000    -85097.1729    -84329.2873      -767.8855 40m50s/Msamples
       26800000    -85151.8555    -84380.0980      -771.7574 40m49s/Msamples
       26900000    -85109.6343    -84365.6448      -743.9895 40m49s/Msamples
       27000000    -85157.9878    -84405.2323      -752.7554 40m49s/Msamples
       27100000    -85115.7984    -84368.9797      -746.8187 40m49s/Msamples
       27200000    -85106.9112    -84359.4656      -747.4456 40m49s/Msamples
       27300000    -85140.6308    -84379.4598      -761.1709 40m49s/Msamples
       27400000    -85168.9986    -84403.7179      -765.2807 40m49s/Msamples
       27500000    -85104.3877    -84366.6163      -737.7714 40m50s/Msamples
       27600000    -85123.4612    -84380.4508      -743.0103 40m50s/Msamples
       27700000    -85161.9919    -84364.3119      -797.6799 40m50s/Msamples
       27800000    -85147.4379    -84344.0935      -803.3444 40m50s/Msamples
       27900000    -85137.5307    -84385.1229      -752.4077 40m50s/Msamples
       28000000    -85106.9510    -84371.5646      -735.3864 40m50s/Msamples
       28100000    -85077.3343    -84353.9053      -723.4290 40m50s/Msamples
       28200000    -85015.6934    -84349.5420      -666.1513 40m50s/Msamples
       28300000    -85126.0930    -84360.4722      -765.6207 40m50s/Msamples
       28400000    -85130.3575    -84356.9876      -773.3699 40m50s/Msamples
       28500000    -85139.4650    -84367.3421      -772.1228 40m50s/Msamples
       28600000    -85125.9979    -84391.7453      -734.2526 40m50s/Msamples
       28700000    -85101.4434    -84343.1568      -758.2865 40m50s/Msamples
       28800000    -85090.9226    -84349.4539      -741.4687 40m50s/Msamples
       28900000    -85083.5852    -84337.3483      -746.2368 40m50s/Msamples
       29000000    -85067.1404    -84341.7708      -725.3695 40m50s/Msamples
       29100000    -85123.0640    -84356.1481      -766.9159 40m50s/Msamples
       29200000    -85082.1535    -84355.4170      -726.7364 40m50s/Msamples
       29300000    -85108.7207    -84355.8113      -752.9094 40m50s/Msamples
       29400000    -85083.3202    -84322.7792      -760.5409 40m50s/Msamples
       29500000    -85120.0583    -84349.6872      -770.3711 40m51s/Msamples
       29600000    -85143.9381    -84349.1425      -794.7955 40m51s/Msamples
       29700000    -85135.2198    -84340.4921      -794.7276 40m51s/Msamples
       29800000    -85106.1304    -84360.5770      -745.5534 40m51s/Msamples
       29900000    -85092.2102    -84334.4885      -757.7217 40m51s/Msamples
       30000000    -85082.8155    -84337.4782      -745.3372 40m51s/Msamples
       30100000    -85118.2080    -84356.1719      -762.0361 40m51s/Msamples
       30200000    -85054.2264    -84314.3105      -739.9158 40m51s/Msamples
       30300000    -85135.8329    -84376.8325      -759.0004 40m51s/Msamples
       30400000    -85100.8720    -84358.7856      -742.0863 40m52s/Msamples
       30500000    -85121.8248    -84368.3598      -753.4650 40m52s/Msamples
       30600000    -85114.1809    -84365.0155      -749.1653 40m52s/Msamples
       30700000    -85140.8592    -84351.1709      -789.6883 40m52s/Msamples
       30800000    -85129.4834    -84336.5858      -792.8975 40m52s/Msamples
       30900000    -85130.8279    -84353.4293      -777.3985 40m52s/Msamples
       31000000    -85125.3560    -84364.6505      -760.7055 40m52s/Msamples
       31100000    -85117.3201    -84361.9957      -755.3243 40m52s/Msamples
       31200000    -85084.2297    -84360.4131      -723.8166 40m52s/Msamples
       31300000    -85107.5672    -84364.7750      -742.7921 40m52s/Msamples
       31400000    -85146.0193    -84371.6009      -774.4184 40m52s/Msamples
       31500000    -85110.3671    -84364.3502      -746.0168 40m52s/Msamples
       31600000    -85102.9826    -84357.1624      -745.8201 40m52s/Msamples
       31700000    -85122.8270    -84353.7022      -769.1247 40m52s/Msamples
       31800000    -85016.6347    -84336.3255      -680.3092 40m52s/Msamples
       31900000    -84994.2532    -84337.6584      -656.5947 40m52s/Msamples
       32000000    -85033.6626    -84373.4386      -660.2240 40m52s/Msamples
       32100000    -85029.3763    -84326.2320      -703.1443 40m51s/Msamples
       32200000    -85039.4778    -84368.1506      -671.3271 40m51s/Msamples
       32300000    -85039.2411    -84360.6128      -678.6283 40m51s/Msamples
       32400000    -84984.1097    -84322.0346      -662.0751 40m52s/Msamples
       32500000    -85005.7643    -84364.2805      -641.4837 40m52s/Msamples
       32600000    -85098.6527    -84397.3037      -701.3490 40m52s/Msamples
       32700000    -85056.0454    -84336.7040      -719.3414 40m52s/Msamples
       32800000    -85054.8600    -84374.6159      -680.2440 40m52s/Msamples
       32900000    -85092.3095    -84380.8273      -711.4822 40m52s/Msamples
       33000000    -85015.1204    -84344.5161      -670.6042 40m52s/Msamples
       33100000    -85087.7197    -84336.2377      -751.4819 40m52s/Msamples
       33200000    -85011.5796    -84338.6204      -672.9592 40m52s/Msamples
       33300000    -85038.6630    -84366.6122      -672.0507 40m52s/Msamples
       33400000    -85056.6173    -84337.2078      -719.4095 40m52s/Msamples
       33500000    -85021.0796    -84365.2830      -655.7965 40m52s/Msamples
       33600000    -85068.6479    -84344.4332      -724.2146 40m52s/Msamples
       33700000    -85022.9009    -84321.2834      -701.6174 40m52s/Msamples
       33800000    -85048.6258    -84382.0412      -666.5845 40m52s/Msamples
       33900000    -85034.1000    -84340.0059      -694.0941 40m53s/Msamples
       34000000    -85061.2532    -84353.9213      -707.3319 40m53s/Msamples
       34100000    -84995.8154    -84308.9290      -686.8864 40m53s/Msamples
       34200000    -85044.3685    -84341.1448      -703.2237 40m53s/Msamples
       34300000    -85028.4601    -84333.6615      -694.7986 40m53s/Msamples
       34400000    -85073.2186    -84353.0134      -720.2052 40m53s/Msamples
       34500000    -85079.8553    -84348.0992      -731.7560 40m53s/Msamples
       34600000    -85097.8896    -84355.4263      -742.4632 40m53s/Msamples
       34700000    -85055.2150    -84334.5662      -720.6487 40m53s/Msamples
       34800000    -85038.4700    -84305.3888      -733.0811 40m53s/Msamples
       34900000    -85015.6252    -84331.4729      -684.1522 40m53s/Msamples
       35000000    -85044.2126    -84373.1289      -671.0836 40m53s/Msamples
       35100000    -85044.7217    -84325.1652      -719.5565 40m53s/Msamples
       35200000    -85088.7918    -84357.8328      -730.9589 40m53s/Msamples
       35300000    -84990.6466    -84337.0111      -653.6355 40m53s/Msamples
       35400000    -85045.7138    -84355.6559      -690.0578 40m53s/Msamples
       35500000    -85072.3682    -84359.1190      -713.2491 40m53s/Msamples
       35600000    -84996.9574    -84294.2115      -702.7458 40m53s/Msamples
       35700000    -85053.0593    -84352.3189      -700.7404 40m53s/Msamples
       35800000    -85038.7937    -84344.4969      -694.2967 40m53s/Msamples
       35900000    -85048.4573    -84319.1473      -729.3099 40m53s/Msamples
       36000000    -85039.2058    -84342.6799      -696.5258 40m53s/Msamples
       36100000    -85081.3663    -84316.9526      -764.4136 40m53s/Msamples
       36200000    -85084.0326    -84339.6247      -744.4078 40m52s/Msamples
       36300000    -85077.2873    -84350.8478      -726.4395 40m52s/Msamples
       36400000    -85089.2063    -84370.9123      -718.2939 40m52s/Msamples
       36500000    -85109.6346    -84341.1506      -768.4840 40m52s/Msamples
       36600000    -85157.3483    -84372.6795      -784.6687 40m52s/Msamples
       36700000    -85151.7569    -84360.8626      -790.8943 40m52s/Msamples
       36800000    -85069.2808    -84327.4742      -741.8065 40m52s/Msamples
       36900000    -85099.6437    -84325.4800      -774.1636 40m52s/Msamples
       37000000    -85104.5982    -84351.2211      -753.3771 40m52s/Msamples
       37100000    -85112.3429    -84367.9557      -744.3871 40m52s/Msamples
       37200000    -85114.7433    -84370.6033      -744.1399 40m52s/Msamples
       37300000    -85115.8145    -84356.6931      -759.1213 40m52s/Msamples
       37400000    -85113.4277    -84365.0713      -748.3563 40m52s/Msamples
       37500000    -85100.8186    -84353.2499      -747.5686 40m52s/Msamples
       37600000    -85084.4625    -84339.8713      -744.5911 40m52s/Msamples
       37700000    -85071.4127    -84367.3101      -704.1025 40m52s/Msamples
       37800000    -85089.5522    -84352.5589      -736.9932 40m52s/Msamples
       37900000    -85146.3106    -84374.0735      -772.2371 40m52s/Msamples
       38000000    -85092.0623    -84357.8109      -734.2514 40m52s/Msamples
       38100000    -85119.8933    -84385.1317      -734.7615 40m52s/Msamples
       38200000    -85138.3685    -84334.7410      -803.6275 40m52s/Msamples
       38300000    -85082.0978    -84340.2576      -741.8402 40m52s/Msamples
       38400000    -85084.5221    -84363.0349      -721.4872 40m52s/Msamples
       38500000    -85085.7286    -84370.8654      -714.8632 40m52s/Msamples
       38600000    -85103.5089    -84339.1782      -764.3306 40m52s/Msamples
       38700000    -85155.5594    -84367.8489      -787.7105 40m52s/Msamples
       38800000    -85097.9261    -84357.8508      -740.0752 40m52s/Msamples
       38900000    -85162.4437    -84358.7987      -803.6450 40m52s/Msamples
       39000000    -85115.8806    -84353.8999      -761.9807 40m52s/Msamples
       39100000    -85094.8026    -84350.0121      -744.7905 40m52s/Msamples
       39200000    -85110.7970    -84355.6845      -755.1124 40m52s/Msamples
       39300000    -85073.2121    -84347.5481      -725.6639 40m52s/Msamples
       39400000    -85081.0077    -84353.3699      -727.6378 40m52s/Msamples
       39500000    -85113.0453    -84333.9676      -779.0777 40m52s/Msamples
       39600000    -85074.8930    -84339.1959      -735.6970 40m52s/Msamples
       39700000    -85031.8393    -84337.1557      -694.6836 40m52s/Msamples
       39800000    -85044.4703    -84321.2297      -723.2406 40m52s/Msamples
       39900000    -85065.1484    -84319.1284      -746.0199 40m51s/Msamples
       40000000    -85079.4294    -84342.8355      -736.5939 40m51s/Msamples
       40100000    -85091.7245    -84337.2057      -754.5187 40m51s/Msamples
       40200000    -85104.2647    -84331.0238      -773.2409 40m51s/Msamples
       40300000    -85102.4583    -84364.2030      -738.2552 40m51s/Msamples
       40400000    -85155.8778    -84353.6242      -802.2535 40m51s/Msamples
       40500000    -85147.0562    -84362.0314      -785.0248 40m52s/Msamples
       40600000    -85126.0670    -84350.8052      -775.2618 40m52s/Msamples
       40700000    -85153.2815    -84355.6464      -797.6350 40m52s/Msamples
       40800000    -85150.4232    -84384.0309      -766.3922 40m52s/Msamples
       40900000    -85136.5720    -84352.0136      -784.5584 40m52s/Msamples
       41000000    -85072.5039    -84347.2301      -725.2737 40m52s/Msamples
       41100000    -85143.4633    -84383.5073      -759.9559 40m52s/Msamples
       41200000    -85091.1936    -84337.0378      -754.1557 40m52s/Msamples
       41300000    -85100.6250    -84360.4312      -740.1937 40m52s/Msamples
       41400000    -85097.2216    -84362.7663      -734.4553 40m52s/Msamples
       41500000    -85094.7538    -84365.8144      -728.9393 40m52s/Msamples
       41600000    -85123.4706    -84367.1060      -756.3645 40m52s/Msamples
       41700000    -85129.0547    -84354.8830      -774.1716 40m52s/Msamples
       41800000    -85031.8713    -84329.9690      -701.9023 40m52s/Msamples
       41900000    -85165.6852    -84384.5807      -781.1044 40m52s/Msamples
       42000000    -85141.7555    -84369.5197      -772.2357 40m52s/Msamples
       42100000    -85113.9846    -84337.1954      -776.7892 40m52s/Msamples
       42200000    -85109.8394    -84352.0377      -757.8017 40m53s/Msamples
       42300000    -85102.0285    -84354.4637      -747.5647 40m53s/Msamples
       42400000    -85134.6493    -84380.9610      -753.6883 40m53s/Msamples
       42500000    -85103.9614    -84351.1836      -752.7778 40m53s/Msamples
       42600000    -85088.3755    -84356.2008      -732.1747 40m53s/Msamples
       42700000    -85179.6277    -84372.8006      -806.8271 40m53s/Msamples
       42800000    -85113.3774    -84353.1644      -760.2129 40m53s/Msamples
       42900000    -85081.5409    -84331.9645      -749.5763 40m53s/Msamples
       43000000    -85170.7769    -84399.9202      -770.8567 40m54s/Msamples
       43100000    -85135.6826    -84342.6995      -792.9831 40m54s/Msamples
       43200000    -85098.7140    -84379.8725      -718.8414 40m54s/Msamples
       43300000    -85113.0389    -84350.4376      -762.6013 40m54s/Msamples
       43400000    -85105.4374    -84350.1431      -755.2943 40m54s/Msamples
       43500000    -85040.1853    -84330.6925      -709.4928 40m54s/Msamples
       43600000    -85109.9601    -84364.1357      -745.8244 40m54s/Msamples
       43700000    -85132.3191    -84365.5112      -766.8079 40m54s/Msamples
       43800000    -85047.3133    -84340.8899      -706.4233 40m54s/Msamples
       43900000    -85156.5031    -84380.0199      -776.4832 40m54s/Msamples
       44000000    -85151.5829    -84386.7875      -764.7953 40m55s/Msamples
       44100000    -85163.4260    -84364.0451      -799.3809 40m55s/Msamples
       44200000    -85092.2045    -84366.7239      -725.4806 40m55s/Msamples
       44300000    -85036.3904    -84356.8692      -679.5212 40m55s/Msamples
       44400000    -85065.2723    -84378.4749      -686.7974 40m55s/Msamples
       44500000    -85097.9091    -84337.8692      -760.0399 40m56s/Msamples
       44600000    -85131.6469    -84358.4308      -773.2161 40m56s/Msamples
       44700000    -85105.1942    -84349.9051      -755.2891 40m56s/Msamples
       44800000    -85031.9464    -84353.7988      -678.1476 40m56s/Msamples
       44900000    -85113.8736    -84370.9660      -742.9075 40m56s/Msamples
       45000000    -85084.2266    -84338.3226      -745.9039 40m57s/Msamples
       45100000    -85091.4368    -84354.3716      -737.0651 40m57s/Msamples
       45200000    -85061.2676    -84343.7379      -717.5297 40m57s/Msamples
       45300000    -85106.6461    -84355.9021      -750.7439 40m58s/Msamples
       45400000    -85112.9957    -84350.6949      -762.3008 40m58s/Msamples
       45500000    -85166.3038    -84376.2992      -790.0046 40m59s/Msamples
       45600000    -85066.4555    -84354.6246      -711.8309 40m59s/Msamples
       45700000    -85028.5936    -84342.1589      -686.4346 40m59s/Msamples
       45800000    -85098.4654    -84353.2408      -745.2245 40m59s/Msamples
       45900000    -85121.1693    -84343.1693      -777.9999 40m59s/Msamples
       46000000    -85158.4460    -84390.1646      -768.2813 40m59s/Msamples
       46100000    -85122.4170    -84340.4154      -782.0016 40m59s/Msamples
       46200000    -85121.2368    -84362.4224      -758.8144 40m59s/Msamples
       46300000    -85052.6466    -84319.3941      -733.2525 40m59s/Msamples
       46400000    -85058.6710    -84347.2097      -711.4613 40m59s/Msamples
       46500000    -85135.9678    -84353.4613      -782.5064 40m59s/Msamples
       46600000    -85118.1991    -84374.0730      -744.1261 40m59s/Msamples
       46700000    -85071.3611    -84345.0936      -726.2674 40m59s/Msamples
       46800000    -85073.4013    -84344.4475      -728.9538 40m59s/Msamples
       46900000    -85093.0122    -84359.0769      -733.9352 40m59s/Msamples
       47000000    -85110.7610    -84369.4278      -741.3331 40m59s/Msamples
       47100000    -85097.6646    -84345.3802      -752.2844 40m59s/Msamples
       47200000    -85150.0442    -84355.5173      -794.5268 40m59s/Msamples
       47300000    -85122.0112    -84357.1736      -764.8376 40m59s/Msamples
       47400000    -85168.8099    -84378.3302      -790.4796 40m59s/Msamples
       47500000    -85195.7913    -84386.0179      -809.7733 40m58s/Msamples
       47600000    -85158.4279    -84391.6250      -766.8028 40m58s/Msamples
       47700000    -85082.1508    -84354.6050      -727.5457 40m58s/Msamples
       47800000    -85115.6631    -84345.6390      -770.0241 40m58s/Msamples
       47900000    -85105.5048    -84358.1068      -747.3979 40m58s/Msamples
       48000000    -85098.3283    -84326.0737      -772.2546 40m58s/Msamples
       48100000    -85109.7593    -84355.4158      -754.3434 40m59s/Msamples
       48200000    -85130.0649    -84371.3097      -758.7551 40m58s/Msamples
       48300000    -85096.6675    -84342.5579      -754.1095 40m58s/Msamples
       48400000    -85132.2476    -84357.3423      -774.9053 40m59s/Msamples
       48500000    -85144.1315    -84345.6462      -798.4853 40m58s/Msamples
       48600000    -85120.7316    -84384.9922      -735.7393 40m58s/Msamples
       48700000    -85096.7205    -84364.5523      -732.1681 40m58s/Msamples
       48800000    -85072.3985    -84355.6675      -716.7309 40m58s/Msamples
       48900000    -85125.7764    -84370.7067      -755.0697 40m58s/Msamples
       49000000    -85154.6281    -84394.0515      -760.5765 40m58s/Msamples
       49100000    -85087.6728    -84349.2593      -738.4134 40m58s/Msamples
       49200000    -85073.1689    -84340.9328      -732.2360 40m58s/Msamples
       49300000    -85140.5053    -84352.4009      -788.1044 40m58s/Msamples
       49400000    -85130.5315    -84356.7638      -773.7676 40m58s/Msamples
       49500000    -85104.9230    -84353.6100      -751.3129 40m58s/Msamples
       49600000    -85141.9356    -84358.7463      -783.1892 40m58s/Msamples
       49700000    -85104.9844    -84345.1505      -759.8339 40m58s/Msamples
       49800000    -85109.1792    -84335.8836      -773.2955 40m58s/Msamples
       49900000    -85139.8208    -84340.9026      -798.9182 40m58s/Msamples
       50000000    -85101.5618    -84333.0825      -768.4793 40m58s/Msamples
       50100000    -85111.6612    -84369.5234      -742.1378 40m58s/Msamples
       50200000    -85075.5144    -84320.7229      -754.7914 40m58s/Msamples
       50300000    -85143.2359    -84346.8620      -796.3738 40m58s/Msamples
       50400000    -85109.4489    -84338.9397      -770.5092 40m58s/Msamples
       50500000    -85123.7320    -84345.5653      -778.1666 40m58s/Msamples
       50600000    -85132.4329    -84341.6733      -790.7595 40m58s/Msamples
       50700000    -85115.1691    -84330.9820      -784.1871 40m58s/Msamples
       50800000    -85111.2766    -84338.2757      -773.0009 40m58s/Msamples
       50900000    -85204.2376    -84363.0949      -841.1427 40m59s/Msamples
       51000000    -85210.2996    -84358.9625      -851.3370 40m59s/Msamples
       51100000    -85136.1405    -84322.1414      -813.9991 40m59s/Msamples
       51200000    -85129.0413    -84347.4879      -781.5533 40m59s/Msamples
       51300000    -85164.5283    -84357.1978      -807.3305 40m59s/Msamples
       51400000    -85146.2470    -84362.9130      -783.3339 40m59s/Msamples
       51500000    -85108.6242    -84344.3870      -764.2372 40m59s/Msamples
       51600000    -85103.8701    -84335.8517      -768.0183 40m58s/Msamples
       51700000    -85154.6125    -84375.7710      -778.8415 40m58s/Msamples
       51800000    -85088.2414    -84354.2985      -733.9428 40m58s/Msamples
       51900000    -85111.3518    -84362.0065      -749.3453 40m58s/Msamples
       52000000    -85095.0493    -84354.7884      -740.2609 40m59s/Msamples
       52100000    -85106.0170    -84335.0214      -770.9955 40m58s/Msamples
       52200000    -85157.7502    -84345.8266      -811.9236 40m58s/Msamples
       52300000    -85154.9684    -84333.9061      -821.0623 40m58s/Msamples
       52400000    -85122.0173    -84349.4049      -772.6123 40m58s/Msamples
       52500000    -85102.9743    -84350.3981      -752.5761 40m58s/Msamples
       52600000    -85141.0829    -84354.6729      -786.4099 40m58s/Msamples
       52700000    -85104.8437    -84334.8567      -769.9870 40m58s/Msamples
       52800000    -85097.4820    -84319.2167      -778.2652 40m58s/Msamples
       52900000    -85147.2944    -84363.3033      -783.9910 40m58s/Msamples
       53000000    -85147.7702    -84380.4107      -767.3594 40m58s/Msamples
       53100000    -85186.5811    -84368.1156      -818.4654 40m58s/Msamples
       53200000    -85118.5693    -84335.6805      -782.8888 40m58s/Msamples
       53300000    -85144.7915    -84359.6424      -785.1491 40m58s/Msamples
       53400000    -85084.4065    -84325.8702      -758.5362 40m58s/Msamples
       53500000    -85126.0252    -84363.2605      -762.7646 40m58s/Msamples
       53600000    -85059.5301    -84351.3085      -708.2216 40m58s/Msamples
       53700000    -85129.2269    -84332.1405      -797.0863 40m58s/Msamples
       53800000    -85129.9042    -84377.6976      -752.2066 40m58s/Msamples
       53900000    -85125.3228    -84380.2618      -745.0609 40m58s/Msamples
       54000000    -85095.0385    -84365.5239      -729.5145 40m58s/Msamples
       54100000    -85141.6159    -84386.2016      -755.4142 40m58s/Msamples
       54200000    -85115.8443    -84340.3448      -775.4994 40m58s/Msamples
       54300000    -85147.9482    -84369.2181      -778.7300 40m58s/Msamples
       54400000    -85151.0667    -84357.1111      -793.9556 40m58s/Msamples
       54500000    -85222.2819    -84414.6676      -807.6142 40m58s/Msamples
       54600000    -85128.0289    -84356.9580      -771.0709 40m58s/Msamples
       54700000    -85104.8376    -84345.5618      -759.2757 40m58s/Msamples
       54800000    -85084.2445    -84336.7898      -747.4547 40m58s/Msamples
       54900000    -85112.2220    -84351.3399      -760.8821 40m58s/Msamples
       55000000    -85132.5597    -84338.8619      -793.6978 40m58s/Msamples
       55100000    -85093.6480    -84335.9298      -757.7182 40m58s/Msamples
       55200000    -85130.3913    -84358.2641      -772.1272 40m58s/Msamples
       55300000    -85126.3839    -84366.8466      -759.5372 40m58s/Msamples
       55400000    -85137.1911    -84377.0804      -760.1106 40m58s/Msamples
       55500000    -85087.6705    -84330.8752      -756.7953 40m58s/Msamples
       55600000    -85106.6348    -84349.0270      -757.6077 40m58s/Msamples
       55700000    -85118.9229    -84357.6532      -761.2697 40m58s/Msamples
       55800000    -85128.3853    -84359.3039      -769.0814 40m58s/Msamples
       55900000    -85051.4076    -84334.6812      -716.7263 40m58s/Msamples
       56000000    -85124.3674    -84370.4836      -753.8838 40m58s/Msamples
       56100000    -85090.3508    -84338.2559      -752.0949 40m58s/Msamples
       56200000    -85112.1258    -84331.0953      -781.0305 40m58s/Msamples
       56300000    -85038.6257    -84330.0809      -708.5448 40m59s/Msamples
       56400000    -85097.4710    -84323.5542      -773.9168 40m59s/Msamples
       56500000    -85119.6996    -84361.9701      -757.7294 40m59s/Msamples
       56600000    -85080.5139    -84343.8579      -736.6560 40m59s/Msamples
       56700000    -85122.0145    -84343.7846      -778.2299 40m59s/Msamples
       56800000    -85134.4293    -84333.4282      -801.0010 40m59s/Msamples
       56900000    -85112.7095    -84333.5073      -779.2021 40m59s/Msamples
       57000000    -85086.2737    -84348.8174      -737.4563 40m59s/Msamples
       57100000    -85084.9735    -84378.2725      -706.7009 40m59s/Msamples
       57200000    -85113.2725    -84390.9034      -722.3691 40m59s/Msamples
       57300000    -85132.5811    -84351.0377      -781.5433 40m59s/Msamples
       57400000    -85110.5963    -84352.2867      -758.3096 40m59s/Msamples
       57500000    -85101.1854    -84359.2663      -741.9190 40m59s/Msamples
       57600000    -85134.5402    -84340.4101      -794.1300 41m0s/Msamples
       57700000    -85121.6740    -84366.4303      -755.2436 41m0s/Msamples
       57800000    -85128.0938    -84359.1272      -768.9665 41m0s/Msamples
       57900000    -85097.6167    -84378.4865      -719.1301 41m0s/Msamples
       58000000    -85113.0704    -84350.3273      -762.7431 41m0s/Msamples
       58100000    -85117.7253    -84377.4986      -740.2266 41m0s/Msamples
       58200000    -85137.0838    -84369.0012      -768.0826 41m0s/Msamples
       58300000    -85126.8235    -84344.1937      -782.6298 41m0s/Msamples
       58400000    -85158.8992    -84365.5995      -793.2997 41m0s/Msamples
       58500000    -85112.1600    -84367.7738      -744.3861 41m0s/Msamples
       58600000    -85108.5014    -84327.5218      -780.9795 41m1s/Msamples
       58700000    -85187.5684    -84382.1423      -805.4261 41m1s/Msamples
       58800000    -85217.5715    -84385.3974      -832.1740 41m1s/Msamples
       58900000    -85123.6087    -84362.0352      -761.5734 41m1s/Msamples
       59000000    -85081.9830    -84354.9638      -727.0192 41m1s/Msamples
       59100000    -85103.3797    -84352.9814      -750.3982 41m1s/Msamples
       59200000    -85065.2936    -84304.1153      -761.1782 41m2s/Msamples
       59300000    -85093.5464    -84352.6802      -740.8661 41m2s/Msamples
       59400000    -85092.4658    -84334.2449      -758.2209 41m2s/Msamples
       59500000    -85059.3183    -84338.5243      -720.7939 41m2s/Msamples
       59600000    -85094.6126    -84394.0337      -700.5789 41m3s/Msamples
       59700000    -85090.1837    -84326.8156      -763.3680 41m3s/Msamples
       59800000    -85143.7223    -84358.0311      -785.6911 41m3s/Msamples
       59900000    -85073.1462    -84367.0890      -706.0571 41m3s/Msamples
       60000000    -84997.2954    -84316.0003      -681.2950 41m3s/Msamples
       60100000    -85039.5545    -84301.2505      -738.3040 41m3s/Msamples
       60200000    -84985.3770    -84332.1639      -653.2130 41m3s/Msamples
       60300000    -85001.0891    -84336.9937      -664.0953 41m3s/Msamples
       60400000    -85001.1156    -84338.4268      -662.6887 41m3s/Msamples
       60500000    -84989.2100    -84377.5832      -611.6268 41m3s/Msamples
       60600000    -84923.4789    -84351.3752      -572.1036 41m3s/Msamples
       60700000    -84972.0458    -84357.8880      -614.1577 41m3s/Msamples
       60800000    -85013.4728    -84363.6739      -649.7988 41m3s/Msamples
       60900000    -85041.3150    -84368.3647      -672.9502 41m3s/Msamples
       61000000    -85058.6205    -84364.1299      -694.4905 41m3s/Msamples
       61100000    -85051.4565    -84374.8851      -676.5714 41m3s/Msamples
       61200000    -85109.9403    -84376.4135      -733.5267 41m3s/Msamples
       61300000    -85022.2340    -84331.0441      -691.1899 41m3s/Msamples
       61400000    -85039.7377    -84332.6255      -707.1122 41m3s/Msamples
       61500000    -84997.1916    -84315.0921      -682.0995 41m3s/Msamples
       61600000    -85091.1756    -84341.4309      -749.7446 41m3s/Msamples
       61700000    -85068.4693    -84341.7705      -726.6987 41m3s/Msamples
       61800000    -85093.9406    -84354.7004      -739.2402 41m3s/Msamples
       61900000    -85079.0431    -84363.1514      -715.8916 41m3s/Msamples
       62000000    -85009.7530    -84311.7519      -698.0011 41m3s/Msamples
       62100000    -84975.4301    -84316.9259      -658.5042 41m3s/Msamples
       62200000    -85037.5557    -84313.4997      -724.0560 41m3s/Msamples
       62300000    -85174.5167    -84387.4824      -787.0342 41m3s/Msamples
       62400000    -84998.1450    -84334.3260      -663.8189 41m3s/Msamples
       62500000    -84935.6026    -84313.6523      -621.9502 41m3s/Msamples
       62600000    -85031.7873    -84363.1676      -668.6196 41m3s/Msamples
       62700000    -85093.7815    -84357.3723      -736.4091 41m2s/Msamples
       62800000    -85031.0652    -84356.2474      -674.8178 41m2s/Msamples
       62900000    -85080.9041    -84355.3445      -725.5595 41m2s/Msamples
       63000000    -85081.7153    -84333.7418      -747.9735 41m2s/Msamples
       63100000    -85134.9560    -84380.6569      -754.2990 41m2s/Msamples
       63200000    -85110.1677    -84357.4402      -752.7274 41m2s/Msamples
       63300000    -85061.5869    -84342.7213      -718.8656 41m2s/Msamples
       63400000    -85084.2493    -84361.6432      -722.6061 41m2s/Msamples
       63500000    -85129.8622    -84359.4611      -770.4010 41m2s/Msamples
       63600000    -85114.8866    -84356.0768      -758.8097 41m2s/Msamples
       63700000    -85150.0919    -84344.6374      -805.4544 41m2s/Msamples
       63800000    -85082.3994    -84342.4009      -739.9985 41m2s/Msamples
       63900000    -85081.4611    -84376.8705      -704.5905 41m2s/Msamples
       64000000    -85143.8946    -84357.3774      -786.5172 41m2s/Msamples
       64100000    -85095.0040    -84343.3548      -751.6491 41m2s/Msamples
       64200000    -85136.0591    -84378.3294      -757.7296 41m2s/Msamples
       64300000    -85097.6340    -84354.9494      -742.6846 41m1s/Msamples
       64400000    -85024.2521    -84329.6492      -694.6028 41m1s/Msamples
       64500000    -85138.6782    -84375.5765      -763.1016 41m1s/Msamples
       64600000    -85101.7122    -84355.8537      -745.8585 41m1s/Msamples
       64700000    -85051.5713    -84355.0617      -696.5096 41m1s/Msamples
       64800000    -85020.4040    -84333.3001      -687.1039 41m1s/Msamples
       64900000    -85080.5395    -84364.9408      -715.5986 41m1s/Msamples
       65000000    -85091.7301    -84351.4447      -740.2854 41m1s/Msamples
       65100000    -85152.6679    -84355.8961      -796.7717 41m1s/Msamples
       65200000    -85137.1484    -84311.2828      -825.8656 41m1s/Msamples
       65300000    -85135.0131    -84368.0184      -766.9947 41m1s/Msamples
       65400000    -85159.8912    -84364.3514      -795.5398 41m1s/Msamples
       65500000    -85092.3705    -84356.2764      -736.0941 41m1s/Msamples
       65600000    -85074.5246    -84323.9001      -750.6245 41m1s/Msamples
       65700000    -85126.0424    -84335.1634      -790.8790 41m1s/Msamples
       65800000    -85146.6333    -84369.0760      -777.5573 41m1s/Msamples
       65900000    -85103.6381    -84344.1908      -759.4473 41m1s/Msamples
       66000000    -85126.0998    -84357.0381      -769.0617 41m1s/Msamples
       66100000    -85109.1143    -84350.5606      -758.5536 41m1s/Msamples
       66200000    -85131.2478    -84364.5162      -766.7316 41m1s/Msamples
       66300000    -85136.5157    -84365.6120      -770.9036 41m1s/Msamples
       66400000    -85085.8767    -84334.0730      -751.8036 41m1s/Msamples
       66500000    -85111.4854    -84336.5152      -774.9701 41m1s/Msamples
       66600000    -85155.1103    -84352.6560      -802.4542 41m1s/Msamples
       66700000    -85131.9221    -84371.2230      -760.6991 41m1s/Msamples
       66800000    -85133.2488    -84355.1079      -778.1408 41m1s/Msamples
       66900000    -85213.2612    -84390.9960      -822.2652 41m1s/Msamples
       67000000    -85102.8922    -84352.7241      -750.1681 41m1s/Msamples
       67100000    -85133.1546    -84345.1924      -787.9621 41m1s/Msamples
       67200000    -85152.6393    -84366.0967      -786.5426 41m1s/Msamples
       67300000    -85051.1101    -84317.5136      -733.5965 41m1s/Msamples
       67400000    -85115.1014    -84345.0163      -770.0851 41m1s/Msamples
       67500000    -85163.5970    -84373.3281      -790.2688 41m1s/Msamples
       67600000    -85119.2705    -84363.3855      -755.8849 41m1s/Msamples
       67700000    -85110.4516    -84380.5918      -729.8598 41m1s/Msamples
       67800000    -85129.3471    -84349.3058      -780.0412 41m1s/Msamples
       67900000    -85080.9264    -84349.5952      -731.3311 41m1s/Msamples
       68000000    -85089.1713    -84337.8440      -751.3272 41m1s/Msamples
       68100000    -85111.9176    -84364.1744      -747.7432 41m1s/Msamples
       68200000    -85130.7400    -84401.8483      -728.8916 41m1s/Msamples
       68300000    -85099.8206    -84342.1567      -757.6639 41m1s/Msamples
       68400000    -85126.8650    -84356.9365      -769.9285 41m1s/Msamples
       68500000    -85111.1749    -84386.4197      -724.7552 41m1s/Msamples
       68600000    -85125.9592    -84358.1328      -767.8263 41m1s/Msamples
       68700000    -85092.0536    -84375.2080      -716.8455 41m1s/Msamples
       68800000    -85062.7999    -84332.9439      -729.8560 41m1s/Msamples
       68900000    -85086.7505    -84370.1495      -716.6009 41m1s/Msamples
       69000000    -85012.6550    -84362.8529      -649.8021 41m1s/Msamples
       69100000    -85009.0266    -84341.3116      -667.7149 41m1s/Msamples
       69200000    -85108.1151    -84347.7059      -760.4091 41m2s/Msamples
       69300000    -85126.2654    -84344.9660      -781.2994 41m1s/Msamples
       69400000    -85106.2659    -84341.1389      -765.1270 41m1s/Msamples
       69500000    -85108.3702    -84347.6663      -760.7038 41m1s/Msamples
       69600000    -85140.0281    -84367.3688      -772.6593 41m2s/Msamples
       69700000    -85143.4477    -84351.9843      -791.4634 41m2s/Msamples
       69800000    -85147.8237    -84360.5479      -787.2757 41m2s/Msamples
       69900000    -85096.4865    -84341.2474      -755.2391 41m2s/Msamples
       70000000    -85137.9158    -84381.0765      -756.8393 41m2s/Msamples
       70100000    -85135.9223    -84375.0260      -760.8963 41m2s/Msamples
       70200000    -85103.7079    -84355.3465      -748.3613 41m2s/Msamples
       70300000    -85123.8338    -84359.7722      -764.0616 41m2s/Msamples
       70400000    -85101.5468    -84361.1963      -740.3505 41m2s/Msamples
       70500000    -85054.3161    -84330.4269      -723.8892 41m2s/Msamples
       70600000    -85108.4941    -84322.0260      -786.4681 41m2s/Msamples
       70700000    -85161.0796    -84366.0112      -795.0683 41m2s/Msamples
       70800000    -85077.7396    -84323.5369      -754.2026 41m2s/Msamples
       70900000    -85067.2288    -84347.8285      -719.4003 41m2s/Msamples
       71000000    -85112.5051    -84338.6491      -773.8560 41m2s/Msamples
       71100000    -85141.0551    -84364.0934      -776.9617 41m2s/Msamples
       71200000    -85086.8881    -84357.0064      -729.8817 41m2s/Msamples
       71300000    -85111.1919    -84349.9552      -761.2367 41m2s/Msamples
       71400000    -85155.3082    -84354.6231      -800.6850 41m2s/Msamples
       71500000    -85091.5262    -84350.9813      -740.5448 41m3s/Msamples
       71600000    -85155.0002    -84347.2695      -807.7307 41m3s/Msamples
       71700000    -85118.7038    -84353.4417      -765.2620 41m3s/Msamples
       71800000    -85116.5767    -84338.0477      -778.5290 41m3s/Msamples
       71900000    -85118.3159    -84326.3108      -792.0050 41m3s/Msamples
       72000000    -85137.8289    -84347.3006      -790.5283 41m3s/Msamples
       72100000    -85191.5633    -84367.1638      -824.3995 41m3s/Msamples
       72200000    -85114.9154    -84324.2964      -790.6190 41m3s/Msamples
       72300000    -85170.2114    -84376.5523      -793.6591 41m3s/Msamples
       72400000    -85117.4330    -84362.4226      -755.0104 41m3s/Msamples
       72500000    -85062.0610    -84343.7337      -718.3272 41m3s/Msamples
       72600000    -85096.3540    -84341.6683      -754.6856 41m3s/Msamples
       72700000    -85111.1566    -84347.9194      -763.2372 41m3s/Msamples
       72800000    -85108.2963    -84337.3128      -770.9834 41m4s/Msamples
       72900000    -85162.6303    -84407.3566      -755.2736 41m4s/Msamples
       73000000    -85124.8478    -84374.3628      -750.4850 41m4s/Msamples
       73100000    -85086.8735    -84351.6201      -735.2533 41m4s/Msamples
       73200000    -85142.9426    -84350.8961      -792.0464 41m4s/Msamples
       73300000    -85101.8509    -84376.1715      -725.6793 41m4s/Msamples
       73400000    -85052.7418    -84313.3269      -739.4148 41m4s/Msamples
       73500000    -85082.2116    -84353.5163      -728.6953 41m5s/Msamples
       73600000    -85069.5862    -84353.3243      -716.2619 41m5s/Msamples
       73700000    -85092.8968    -84344.0828      -748.8140 41m5s/Msamples
       73800000    -85088.8073    -84357.1713      -731.6360 41m5s/Msamples
       73900000    -85115.9561    -84372.7212      -743.2349 41m5s/Msamples
       74000000    -85070.6979    -84346.4442      -724.2536 41m6s/Msamples
       74100000    -85094.0941    -84353.1156      -740.9785 41m6s/Msamples
       74200000    -85071.6405    -84332.5055      -739.1349 41m6s/Msamples
       74300000    -85109.4215    -84361.3961      -748.0254 41m6s/Msamples
       74400000    -85074.5392    -84342.1093      -732.4298 41m6s/Msamples
       74500000    -85105.8233    -84346.3850      -759.4382 41m5s/Msamples
       74600000    -85115.5227    -84368.0326      -747.4900 41m5s/Msamples
       74700000    -85114.3388    -84348.2247      -766.1140 41m5s/Msamples
       74800000    -85090.5271    -84330.0129      -760.5142 41m5s/Msamples
       74900000    -85114.5888    -84369.1312      -745.4576 41m5s/Msamples
       75000000    -85053.4426    -84344.9620      -708.4806 41m5s/Msamples
       75100000    -85072.7934    -84361.5910      -711.2024 41m5s/Msamples
       75200000    -85122.2301    -84360.1416      -762.0885 41m5s/Msamples
       75300000    -85169.1864    -84409.9004      -759.2860 41m5s/Msamples
       75400000    -85123.7666    -84381.6818      -742.0847 41m5s/Msamples
       75500000    -85113.9123    -84356.2638      -757.6485 41m5s/Msamples
       75600000    -85156.4534    -84367.2921      -789.1613 41m5s/Msamples
       75700000    -85104.3277    -84347.7233      -756.6043 41m5s/Msamples
       75800000    -85068.2804    -84319.4784      -748.8020 41m5s/Msamples
       75900000    -85121.5599    -84338.3621      -783.1977 41m5s/Msamples
       76000000    -85095.9164    -84312.9748      -782.9416 41m5s/Msamples
       76100000    -85140.3248    -84342.7949      -797.5298 41m5s/Msamples
       76200000    -85137.7027    -84367.1624      -770.5402 41m5s/Msamples
       76300000    -85172.8360    -84402.6671      -770.1688 41m5s/Msamples
       76400000    -85097.9293    -84368.6122      -729.3170 41m5s/Msamples
       76500000    -85066.9701    -84330.1874      -736.7827 41m5s/Msamples
       76600000    -85046.9281    -84304.5898      -742.3383 41m5s/Msamples
       76700000    -85130.0409    -84387.5566      -742.4842 41m5s/Msamples
       76800000    -85071.6636    -84345.5457      -726.1179 41m5s/Msamples
       76900000    -85110.5970    -84345.4118      -765.1852 41m5s/Msamples
       77000000    -85052.6749    -84340.3252      -712.3497 41m5s/Msamples
       77100000    -85079.1867    -84338.5396      -740.6470 41m5s/Msamples
       77200000    -85069.9981    -84347.3318      -722.6662 41m5s/Msamples
       77300000    -85083.0930    -84353.5800      -729.5129 41m5s/Msamples
       77400000    -85148.3956    -84354.6374      -793.7581 41m5s/Msamples
       77500000    -85107.1805    -84352.6465      -754.5340 41m5s/Msamples
       77600000    -85091.0625    -84369.5176      -721.5448 41m4s/Msamples
       77700000    -85081.6793    -84339.8692      -741.8100 41m4s/Msamples
       77800000    -85111.8041    -84368.8136      -742.9904 41m4s/Msamples
       77900000    -85081.1369    -84344.6373      -736.4996 41m4s/Msamples
       78000000    -85111.7344    -84370.2059      -741.5284 41m4s/Msamples
       78100000    -85163.8930    -84380.8818      -783.0111 41m4s/Msamples
       78200000    -85092.4717    -84369.6061      -722.8656 41m4s/Msamples
       78300000    -85102.3092    -84357.5194      -744.7898 41m4s/Msamples
       78400000    -85121.2172    -84383.8219      -737.3953 41m3s/Msamples
       78500000    -85073.6294    -84338.5455      -735.0838 41m3s/Msamples
       78600000    -85126.3928    -84361.9577      -764.4351 41m3s/Msamples
       78700000    -85106.4106    -84338.3197      -768.0909 41m3s/Msamples
       78800000    -85092.0257    -84324.1787      -767.8469 41m3s/Msamples
       78900000    -85031.5234    -84353.9836      -677.5398 41m3s/Msamples
       79000000    -85078.5732    -84344.4282      -734.1449 41m3s/Msamples
       79100000    -85073.9506    -84361.6775      -712.2731 41m3s/Msamples
       79200000    -85053.2242    -84355.4755      -697.7486 41m2s/Msamples
       79300000    -85146.0038    -84360.8744      -785.1293 41m2s/Msamples
       79400000    -85141.2342    -84394.6337      -746.6004 41m2s/Msamples
       79500000    -85163.6055    -84381.0258      -782.5797 41m2s/Msamples
       79600000    -85101.6666    -84335.9826      -765.6839 41m2s/Msamples
       79700000    -85080.1879    -84323.8682      -756.3197 41m2s/Msamples
       79800000    -85099.6833    -84341.4919      -758.1913 41m2s/Msamples
       79900000    -85127.7576    -84329.9691      -797.7885 41m2s/Msamples
       80000000    -85159.3101    -84383.9325      -775.3776 41m2s/Msamples
       80100000    -85145.8076    -84369.7047      -776.1029 41m2s/Msamples
       80200000    -85156.6619    -84407.8203      -748.8415 41m2s/Msamples
       80300000    -85101.1273    -84367.9565      -733.1707 41m2s/Msamples
       80400000    -85064.9622    -84321.2410      -743.7211 41m2s/Msamples
       80500000    -85131.5165    -84346.8792      -784.6373 41m2s/Msamples
       80600000    -85130.6607    -84348.5019      -782.1587 41m2s/Msamples
       80700000    -85135.7495    -84370.0281      -765.7214 41m2s/Msamples
       80800000    -85096.1512    -84342.2777      -753.8734 41m2s/Msamples
       80900000    -85167.9396    -84366.7936      -801.1459 41m2s/Msamples
       81000000    -85113.0027    -84341.8857      -771.1169 41m2s/Msamples
       81100000    -85090.1535    -84345.7238      -744.4296 41m2s/Msamples
       81200000    -85127.7518    -84367.2588      -760.4930 41m2s/Msamples
       81300000    -85105.4278    -84348.6997      -756.7281 41m2s/Msamples
       81400000    -85173.8968    -84399.7419      -774.1549 41m2s/Msamples
       81500000    -85108.8758    -84365.3003      -743.5755 41m1s/Msamples
       81600000    -85077.8465    -84356.7804      -721.0661 41m1s/Msamples
       81700000    -85132.1691    -84337.4241      -794.7450 41m1s/Msamples
       81800000    -85119.8620    -84344.4005      -775.4614 41m1s/Msamples
       81900000    -85051.3057    -84322.9427      -728.3630 41m1s/Msamples
       82000000    -85089.5705    -84320.2324      -769.3381 41m1s/Msamples
       82100000    -85078.1428    -84359.4944      -718.6483 41m1s/Msamples
       82200000    -85119.4028    -84364.7535      -754.6493 41m1s/Msamples
       82300000    -85092.3232    -84344.1237      -748.1994 41m1s/Msamples
       82400000    -85106.6605    -84384.1244      -722.5360 41m1s/Msamples
       82500000    -85126.9269    -84378.7889      -748.1380 41m1s/Msamples
       82600000    -85057.9241    -84346.1356      -711.7885 41m1s/Msamples
       82700000    -85116.4098    -84359.1852      -757.2246 41m1s/Msamples
       82800000    -85065.3720    -84368.0449      -697.3271 41m1s/Msamples
       82900000    -85095.7733    -84349.5473      -746.2259 41m1s/Msamples
       83000000    -85130.4738    -84367.0717      -763.4021 41m1s/Msamples
       83100000    -85074.9137    -84333.8245      -741.0891 41m1s/Msamples
       83200000    -85122.7731    -84376.2448      -746.5283 41m1s/Msamples
       83300000    -85088.1452    -84335.0630      -753.0822 41m1s/Msamples
       83400000    -85124.5190    -84353.8591      -770.6598 41m0s/Msamples
       83500000    -85053.0420    -84342.6290      -710.4129 41m0s/Msamples
       83600000    -85062.7848    -84366.7089      -696.0758 41m0s/Msamples
       83700000    -85093.3582    -84326.6363      -766.7218 41m0s/Msamples
       83800000    -85057.8412    -84338.0796      -719.7616 41m0s/Msamples
       83900000    -85074.9918    -84331.0478      -743.9439 41m0s/Msamples
       84000000    -85072.9264    -84325.4113      -747.5151 41m0s/Msamples
       84100000    -85139.4297    -84333.9835      -805.4461 41m0s/Msamples
       84200000    -85113.3208    -84358.3350      -754.9858 41m0s/Msamples
       84300000    -85116.0932    -84361.7644      -754.3288 41m0s/Msamples
       84400000    -85103.3646    -84348.9795      -754.3850 41m0s/Msamples
       84500000    -85092.9161    -84329.0911      -763.8250 41m0s/Msamples
       84600000    -85082.1846    -84335.4175      -746.7671 41m0s/Msamples
       84700000    -85123.2915    -84336.7210      -786.5704 41m0s/Msamples
       84800000    -85140.6797    -84349.2138      -791.4659 41m0s/Msamples
       84900000    -85071.9631    -84352.9709      -718.9921 41m0s/Msamples
       85000000    -85133.3711    -84387.3305      -746.0406 41m0s/Msamples
       85100000    -85126.3821    -84382.2538      -744.1282 41m0s/Msamples
       85200000    -85077.0817    -84352.7925      -724.2892 41m0s/Msamples
       85300000    -85027.0679    -84324.2523      -702.8155 41m0s/Msamples
       85400000    -85084.4746    -84353.6209      -730.8537 41m0s/Msamples
       85500000    -85073.1227    -84356.4394      -716.6833 41m0s/Msamples
       85600000    -85081.0691    -84354.9580      -726.1111 41m0s/Msamples
       85700000    -85123.8586    -84353.8772      -769.9814 41m0s/Msamples
       85800000    -85105.0034    -84341.1248      -763.8786 41m0s/Msamples
       85900000    -85111.9446    -84333.3588      -778.5857 41m0s/Msamples
       86000000    -85147.0347    -84384.1995      -762.8352 41m0s/Msamples
       86100000    -85058.1461    -84320.2161      -737.9299 41m0s/Msamples
       86200000    -85075.1712    -84338.8489      -736.3223 41m0s/Msamples
       86300000    -85152.3431    -84374.2175      -778.1255 41m0s/Msamples
       86400000    -85122.5312    -84384.1197      -738.4114 41m0s/Msamples
       86500000    -85125.2327    -84401.8277      -723.4050 41m0s/Msamples
       86600000    -85109.2680    -84339.1629      -770.1051 41m0s/Msamples
       86700000    -85101.9054    -84320.9029      -781.0025 41m0s/Msamples
       86800000    -85111.5202    -84351.1605      -760.3597 41m0s/Msamples
       86900000    -85123.4207    -84340.9710      -782.4496 41m0s/Msamples
       87000000    -85085.2984    -84334.6839      -750.6145 41m1s/Msamples
       87100000    -85141.9669    -84369.3335      -772.6334 41m1s/Msamples
       87200000    -85088.7065    -84355.5497      -733.1567 41m1s/Msamples
       87300000    -85066.8201    -84362.3223      -704.4978 41m1s/Msamples
       87400000    -85071.0838    -84323.1943      -747.8894 41m1s/Msamples
       87500000    -85058.8693    -84330.5266      -728.3427 41m1s/Msamples
       87600000    -85082.8966    -84357.5194      -725.3771 41m1s/Msamples
       87700000    -85130.6452    -84364.8524      -765.7928 41m1s/Msamples
       87800000    -85087.6957    -84347.8379      -739.8577 41m2s/Msamples
       87900000    -85103.4896    -84336.1257      -767.3638 41m2s/Msamples
       88000000    -85088.1285    -84379.0330      -709.0954 41m2s/Msamples
       88100000    -85092.6670    -84366.6057      -726.0613 41m2s/Msamples
       88200000    -85095.4326    -84341.9358      -753.4967 41m2s/Msamples
       88300000    -85134.7839    -84372.8187      -761.9651 41m2s/Msamples
       88400000    -85069.3696    -84347.4310      -721.9386 41m2s/Msamples
       88500000    -85083.3024    -84341.6640      -741.6384 41m2s/Msamples
       88600000    -85129.9254    -84368.6887      -761.2366 41m1s/Msamples
       88700000    -85074.6310    -84379.4681      -695.1629 41m1s/Msamples
       88800000    -85068.1196    -84350.2362      -717.8834 41m1s/Msamples
       88900000    -85082.8104    -84357.9389      -724.8715 41m1s/Msamples
       89000000    -85106.9663    -84358.2850      -748.6813 41m1s/Msamples
       89100000    -85089.4935    -84345.8992      -743.5943 41m1s/Msamples
       89200000    -85086.7179    -84335.1750      -751.5429 41m1s/Msamples
       89300000    -85140.2932    -84341.9756      -798.3176 41m1s/Msamples
       89400000    -85120.3628    -84324.1773      -796.1855 41m1s/Msamples
       89500000    -85134.2633    -84340.5302      -793.7330 41m1s/Msamples
       89600000    -85056.3617    -84348.1249      -708.2368 41m1s/Msamples
       89700000    -85101.6503    -84356.6865      -744.9637 41m1s/Msamples
       89800000    -85136.7002    -84376.6324      -760.0678 41m1s/Msamples
       89900000    -85096.3307    -84386.8870      -709.4437 41m1s/Msamples
       90000000    -85140.5058    -84344.0257      -796.4801 41m1s/Msamples
       90100000    -85149.6065    -84363.3070      -786.2995 41m1s/Msamples
       90200000    -85108.5477    -84341.0024      -767.5453 41m0s/Msamples
       90300000    -85139.0746    -84364.6535      -774.4211 41m0s/Msamples
       90400000    -85110.0447    -84363.1971      -746.8476 41m0s/Msamples
       90500000    -85074.0399    -84325.3996      -748.6403 41m0s/Msamples
       90600000    -85076.7946    -84356.8979      -719.8967 41m0s/Msamples
       90700000    -85162.3889    -84371.4182      -790.9707 41m0s/Msamples
       90800000    -85080.6185    -84335.1422      -745.4763 41m0s/Msamples
       90900000    -85109.6978    -84358.7362      -750.9615 41m0s/Msamples
       91000000    -85103.3755    -84375.6145      -727.7610 41m0s/Msamples
       91100000    -85127.3496    -84369.5651      -757.7844 41m0s/Msamples
       91200000    -85126.1442    -84381.8199      -744.3243 41m0s/Msamples
       91300000    -85091.6964    -84329.1441      -762.5522 41m0s/Msamples
       91400000    -85118.7967    -84360.7800      -758.0166 41m0s/Msamples
       91500000    -85112.1473    -84338.3170      -773.8303 41m0s/Msamples
       91600000    -85140.5483    -84339.6292      -800.9190 41m0s/Msamples
       91700000    -85081.6434    -84363.0059      -718.6375 41m0s/Msamples
       91800000    -85060.8505    -84367.8571      -692.9933 41m0s/Msamples
       91900000    -85113.2218    -84340.8645      -772.3572 41m0s/Msamples
       92000000    -85137.1718    -84358.4593      -778.7124 40m59s/Msamples
       92100000    -85109.4696    -84359.3489      -750.1207 40m59s/Msamples
       92200000    -85069.2275    -84343.5811      -725.6464 40m59s/Msamples
       92300000    -85046.0606    -84351.0443      -695.0162 40m59s/Msamples
       92400000    -85104.2933    -84368.8815      -735.4118 40m59s/Msamples
       92500000    -85064.9706    -84364.0584      -700.9122 40m59s/Msamples
       92600000    -85093.7713    -84344.1887      -749.5826 40m59s/Msamples
       92700000    -85085.9600    -84335.4197      -750.5402 40m59s/Msamples
       92800000    -85073.3277    -84362.2706      -711.0571 40m59s/Msamples
       92900000    -85035.2829    -84356.9344      -678.3484 40m59s/Msamples
       93000000    -85123.8671    -84361.2557      -762.6113 40m59s/Msamples
       93100000    -85108.0193    -84354.4388      -753.5805 40m59s/Msamples
       93200000    -85133.5384    -84356.4355      -777.1028 40m59s/Msamples
       93300000    -85165.5886    -84367.5010      -798.0876 40m59s/Msamples
       93400000    -85132.2798    -84328.0410      -804.2388 40m59s/Msamples
       93500000    -85123.1303    -84374.9001      -748.2301 40m59s/Msamples
       93600000    -85137.9111    -84347.6084      -790.3026 40m58s/Msamples
       93700000    -85137.8880    -84353.5314      -784.3565 40m58s/Msamples
       93800000    -85131.9370    -84352.3411      -779.5958 40m58s/Msamples
       93900000    -85121.7825    -84340.2112      -781.5712 40m58s/Msamples
       94000000    -85144.7847    -84367.1387      -777.6460 40m58s/Msamples
       94100000    -85154.8718    -84382.8760      -771.9957 40m58s/Msamples
       94200000    -85115.8590    -84347.8031      -768.0559 40m58s/Msamples
       94300000    -85107.6122    -84345.6555      -761.9567 40m58s/Msamples
       94400000    -85010.9862    -84337.0708      -673.9153 40m58s/Msamples
       94500000    -85179.8275    -84397.6112      -782.2162 40m58s/Msamples
       94600000    -85104.3152    -84367.9228      -736.3924 40m58s/Msamples
       94700000    -85117.9008    -84345.4934      -772.4073 40m58s/Msamples
       94800000    -85199.7553    -84378.9831      -820.7721 40m58s/Msamples
       94900000    -85173.3641    -84351.0028      -822.3612 40m58s/Msamples
       95000000    -85117.4687    -84355.6949      -761.7737 40m58s/Msamples
       95100000    -85107.2077    -84362.6810      -744.5266 40m58s/Msamples
       95200000    -85105.5377    -84351.8383      -753.6994 40m58s/Msamples
       95300000    -85057.4994    -84353.9747      -703.5247 40m58s/Msamples
       95400000    -85060.6617    -84330.0600      -730.6017 40m58s/Msamples
       95500000    -85102.7636    -84355.3713      -747.3922 40m58s/Msamples
       95600000    -85084.0798    -84347.8415      -736.2383 40m58s/Msamples
       95700000    -85086.5920    -84368.7564      -717.8355 40m57s/Msamples
       95800000    -85070.8466    -84385.5156      -685.3310 40m57s/Msamples
       95900000    -85077.2233    -84364.3418      -712.8814 40m57s/Msamples
       96000000    -85082.8063    -84346.7223      -736.0840 40m57s/Msamples
       96100000    -85032.9756    -84361.7087      -671.2668 40m57s/Msamples
       96200000    -85062.0850    -84354.8481      -707.2368 40m57s/Msamples
       96300000    -85111.6109    -84351.6858      -759.9251 40m57s/Msamples
       96400000    -85111.7564    -84366.1864      -745.5700 40m57s/Msamples
       96500000    -85140.2529    -84383.5699      -756.6829 40m57s/Msamples
       96600000    -85093.8666    -84322.7312      -771.1353 40m57s/Msamples
       96700000    -85077.8868    -84322.6797      -755.2070 40m57s/Msamples
       96800000    -85126.7975    -84382.5215      -744.2760 40m57s/Msamples
       96900000    -85124.0566    -84355.3072      -768.7494 40m57s/Msamples
       97000000    -85097.1688    -84346.3345      -750.8343 40m57s/Msamples
       97100000    -85128.2888    -84380.5442      -747.7445 40m57s/Msamples
       97200000    -85092.7723    -84337.7412      -755.0310 40m57s/Msamples
       97300000    -85116.5750    -84328.8953      -787.6796 40m57s/Msamples
       97400000    -85075.3252    -84336.8580      -738.4671 40m57s/Msamples
       97500000    -85099.5628    -84355.6061      -743.9567 40m57s/Msamples
       97600000    -85144.5573    -84341.4059      -803.1513 40m57s/Msamples
       97700000    -85072.1459    -84340.9880      -731.1579 40m57s/Msamples
       97800000    -85096.4576    -84359.6075      -736.8500 40m57s/Msamples
       97900000    -85115.9168    -84366.7893      -749.1274 40m57s/Msamples
       98000000    -85098.8071    -84324.7959      -774.0112 40m57s/Msamples
       98100000    -85132.0538    -84356.1026      -775.9511 40m57s/Msamples
       98200000    -85105.5876    -84325.4647      -780.1228 40m57s/Msamples
       98300000    -85119.4207    -84361.6452      -757.7755 40m57s/Msamples
       98400000    -85181.5112    -84389.3227      -792.1885 40m57s/Msamples
       98500000    -85136.8951    -84339.4312      -797.4639 40m57s/Msamples
       98600000    -85123.5383    -84323.3851      -800.1532 40m58s/Msamples
       98700000    -85125.1811    -84366.4363      -758.7447 40m58s/Msamples
       98800000    -85138.6029    -84351.3583      -787.2445 40m58s/Msamples
       98900000    -85043.8729    -84340.2273      -703.6456 40m58s/Msamples
       99000000    -85111.2652    -84364.0089      -747.2562 40m58s/Msamples
       99100000    -85099.9479    -84336.1514      -763.7964 40m58s/Msamples
       99200000    -85073.7489    -84330.2851      -743.4638 40m58s/Msamples
       99300000    -85071.8579    -84336.0071      -735.8507 40m58s/Msamples
       99400000    -85190.4866    -84367.1082      -823.3784 40m58s/Msamples
       99500000    -85166.4360    -84343.6246      -822.8113 40m58s/Msamples
       99600000    -85087.5894    -84361.8489      -725.7405 40m58s/Msamples
       99700000    -85174.1683    -84397.4936      -776.6747 40m58s/Msamples
       99800000    -85116.2845    -84371.9360      -744.3484 40m58s/Msamples
       99900000    -85115.6863    -84360.9543      -754.7320 40m58s/Msamples
      100000000    -85177.9364    -84373.9687      -803.9676 40m58s/Msamples
      100100000    -85110.3804    -84337.2340      -773.1464 40m58s/Msamples
      100200000    -85078.9525    -84361.4488      -717.5036 40m58s/Msamples
      100300000    -85084.5209    -84330.0850      -754.4358 40m59s/Msamples
      100400000    -85168.6232    -84357.9918      -810.6314 40m59s/Msamples
      100500000    -85083.5271    -84342.8837      -740.6433 40m59s/Msamples
      100600000    -85073.0962    -84341.7741      -731.3220 40m59s/Msamples
      100700000    -85116.0693    -84392.7404      -723.3289 40m59s/Msamples
      100800000    -85122.8540    -84337.4037      -785.4502 40m59s/Msamples
      100900000    -85072.8586    -84310.0337      -762.8248 40m59s/Msamples
      101000000    -85117.9106    -84319.6559      -798.2547 40m59s/Msamples
      101100000    -85124.8200    -84352.0092      -772.8108 40m59s/Msamples
      101200000    -85137.1170    -84395.0460      -742.0709 41m0s/Msamples
      101300000    -85104.0481    -84337.0304      -767.0177 41m0s/Msamples
      101400000    -85084.5603    -84355.8029      -728.7574 41m0s/Msamples
      101500000    -85112.2682    -84328.3337      -783.9344 41m0s/Msamples
      101600000    -85068.2828    -84354.4181      -713.8646 41m0s/Msamples
      101700000    -85002.9245    -84307.5363      -695.3882 41m0s/Msamples
      101800000    -85053.7771    -84335.3600      -718.4170 41m0s/Msamples
      101900000    -85113.2706    -84382.2698      -731.0007 41m1s/Msamples
      102000000    -85112.6753    -84346.1919      -766.4834 41m1s/Msamples
      102100000    -85150.5313    -84368.0201      -782.5111 41m1s/Msamples
      102200000    -85148.3319    -84364.8915      -783.4404 41m1s/Msamples
      102300000    -85049.3480    -84347.3358      -702.0121 41m1s/Msamples
      102400000    -85102.7706    -84331.7496      -771.0210 41m2s/Msamples
      102500000    -85113.4758    -84354.2673      -759.2085 41m2s/Msamples
      102600000    -85118.3467    -84337.7049      -780.6418 41m2s/Msamples
      102700000    -85098.7156    -84365.1654      -733.5502 41m2s/Msamples
      102800000    -85167.0700    -84379.8534      -787.2165 41m2s/Msamples
      102900000    -85133.2416    -84348.7542      -784.4874 41m2s/Msamples
      103000000    -85115.3952    -84362.4886      -752.9065 41m2s/Msamples
      103100000    -85139.1717    -84365.9202      -773.2515 41m2s/Msamples
      103200000    -85152.1903    -84397.7150      -754.4753 41m2s/Msamples
      103300000    -85113.1248    -84374.7335      -738.3913 41m1s/Msamples
      103400000    -85116.8427    -84351.2024      -765.6403 41m1s/Msamples
      103500000    -85150.5010    -84392.1215      -758.3794 41m1s/Msamples
      103600000    -85045.2775    -84375.6096      -669.6678 41m1s/Msamples
      103700000    -85048.5874    -84380.4325      -668.1548 41m1s/Msamples
      103800000    -85077.0673    -84363.1832      -713.8840 41m1s/Msamples
      103900000    -85108.8434    -84381.2163      -727.6270 41m1s/Msamples
      104000000    -85091.2150    -84377.8613      -713.3537 41m1s/Msamples
      104100000    -85006.7246    -84352.3758      -654.3488 41m1s/Msamples
      104200000    -85028.3319    -84324.1390      -704.1928 41m1s/Msamples
      104300000    -85110.8371    -84342.8895      -767.9475 41m1s/Msamples
      104400000    -85166.1831    -84357.3495      -808.8335 41m1s/Msamples
      104500000    -85115.4468    -84364.1879      -751.2588 41m1s/Msamples
      104600000    -85062.3606    -84349.7185      -712.6420 41m1s/Msamples
      104700000    -85109.4289    -84325.9473      -783.4816 41m1s/Msamples
      104800000    -85110.1792    -84351.0088      -759.1703 41m1s/Msamples
      104900000    -85100.0841    -84364.2632      -735.8208 41m1s/Msamples
      105000000    -85156.9743    -84371.6557      -785.3185 41m1s/Msamples
      105100000    -85130.0261    -84359.3399      -770.6862 41m1s/Msamples
      105200000    -85124.4076    -84391.6399      -732.7677 41m1s/Msamples
      105300000    -85111.0757    -84354.9645      -756.1111 41m1s/Msamples
