
The following have been reloaded with a version change:
  1) compiler/GCCcore/10.3.0 => compiler/GCCcore/6.3.0
  2) lang/Java/11.0.2 => lang/Java/1.8.0_191
  3) numlib/beagle-lib/3.1.2-GCC-10.3.0 => numlib/beagle-lib/3.0.2-intel-2018.5.274
  4) tools/binutils/2.36.1-GCCcore-10.3.0 => tools/binutils/2.26-GCCcore-6.3.0

File: senken_run0.xml seed: 1689775022036 threads: 1
Loading package ORC v1.1.1 Recombination v1.0.0 BEASTLabs v2.0.0 BDSKY v1.5.0 SSM v1.2.0 FastRelaxedClockLogNormal v1.2.0 BEAST.app v2.7.3 BEAST.base v2.7.3    
  Ignoring ambiguities in tree likelihood.
  Ignoring character uncertainty in tree likelihood.
  With 49 unique site patterns.
  Using rescaling scheme : dynamic
  Ignoring ambiguities in tree likelihood.
  Ignoring character uncertainty in tree likelihood.
  With 49 unique site patterns.
  Using rescaling scheme : dynamic
  Ignoring ambiguities in tree likelihood.
  Ignoring character uncertainty in tree likelihood.
  With 115 unique site patterns.
  Using rescaling scheme : dynamic
  Ignoring ambiguities in tree likelihood.
  Ignoring character uncertainty in tree likelihood.
  With 125 unique site patterns.
  Using rescaling scheme : dynamic
  Ignoring ambiguities in tree likelihood.
  Ignoring character uncertainty in tree likelihood.
  With 58 unique site patterns.
  Using rescaling scheme : dynamic
  Ignoring ambiguities in tree likelihood.
  Ignoring character uncertainty in tree likelihood.
  With 48 unique site patterns.
  Using rescaling scheme : dynamic
  Ignoring ambiguities in tree likelihood.
  Ignoring character uncertainty in tree likelihood.
  With 68 unique site patterns.
  Using rescaling scheme : dynamic
  Ignoring ambiguities in tree likelihood.
  Ignoring character uncertainty in tree likelihood.
  With 59 unique site patterns.
  Using rescaling scheme : dynamic
  Ignoring ambiguities in tree likelihood.
  Ignoring character uncertainty in tree likelihood.
  With 150 unique site patterns.
  Using rescaling scheme : dynamic
  Ignoring ambiguities in tree likelihood.
  Ignoring character uncertainty in tree likelihood.
  With 114 unique site patterns.
  Using rescaling scheme : dynamic
  Ignoring ambiguities in tree likelihood.
  Ignoring character uncertainty in tree likelihood.
  With 95 unique site patterns.
  Using rescaling scheme : dynamic
  Ignoring ambiguities in tree likelihood.
  Ignoring character uncertainty in tree likelihood.
  With 170 unique site patterns.
  Using rescaling scheme : dynamic
  Ignoring ambiguities in tree likelihood.
  Ignoring character uncertainty in tree likelihood.
  With 135 unique site patterns.
  Using rescaling scheme : dynamic
  Ignoring ambiguities in tree likelihood.
  Ignoring character uncertainty in tree likelihood.
  With 105 unique site patterns.
  Using rescaling scheme : dynamic
  Ignoring ambiguities in tree likelihood.
  Ignoring character uncertainty in tree likelihood.
  With 162 unique site patterns.
  Using rescaling scheme : dynamic
Warning: removing transform class beast.base.inference.operator.kernel.Transform$LogConstrainedSumTransform because it should have at least 2 dimensions but it has 0
Warning: removing transform class beast.base.inference.operator.kernel.Transform$LogConstrainedSumTransform because it should have at least 2 dimensions but it has 0
Warning: removing transform class beast.base.inference.operator.kernel.Transform$LogConstrainedSumTransform because it should have at least 2 dimensions but it has 0
Warning: removing transform class beast.base.inference.operator.kernel.Transform$LogConstrainedSumTransform because it should have at least 2 dimensions but it has 0
Warning: removing transform class beast.base.inference.operator.kernel.Transform$LogConstrainedSumTransform because it should have at least 2 dimensions but it has 0
Warning: removing transform class beast.base.inference.operator.kernel.Transform$LogConstrainedSumTransform because it should have at least 2 dimensions but it has 0
Warning: removing transform class beast.base.inference.operator.kernel.Transform$LogConstrainedSumTransform because it should have at least 2 dimensions but it has 0
Warning: removing transform class beast.base.inference.operator.kernel.Transform$LogConstrainedSumTransform because it should have at least 2 dimensions but it has 0
Warning: removing transform class beast.base.inference.operator.kernel.Transform$LogConstrainedSumTransform because it should have at least 2 dimensions but it has 0
Warning: removing transform class beast.base.inference.operator.kernel.Transform$LogConstrainedSumTransform because it should have at least 2 dimensions but it has 0
Warning: removing transform class beast.base.inference.operator.kernel.Transform$LogConstrainedSumTransform because it should have at least 2 dimensions but it has 0
Warning: removing transform class beast.base.inference.operator.kernel.Transform$LogConstrainedSumTransform because it should have at least 2 dimensions but it has 0
Warning: removing transform class beast.base.inference.operator.kernel.Transform$LogConstrainedSumTransform because it should have at least 2 dimensions but it has 0
Warning: removing transform class beast.base.inference.operator.kernel.Transform$LogConstrainedSumTransform because it should have at least 2 dimensions but it has 0
Operator                                                                                       Tuning    #accept    #reject      Pr(m)  Pr(acc|m)
ScaleOperator(ucldStdevScaler.c:BD)                                                           0.83603     493733    2191138    0.02481    0.18389 
beast.base.inference.operator.IntRandomWalkOperator(CategoriesRandomWalk.c:BD)                      -    5881348    3061910    0.08271    0.65763 
beast.base.inference.operator.SwapOperator(CategoriesSwapOperator.c:BD)                             -    2828027    6124808    0.08271    0.31588 
beast.base.inference.operator.UniformOperator(CategoriesUniform.c:BD)                               -    4008195    4936053    0.08271    0.44813 
AdaptableOperatorSampler(kappa1Scaler.s:sia_pos1)                                                   -      12944      31946    0.00041    0.28835 
AdaptableOperatorSampler(kappa2Scaler.s:sia_pos1)                                                   -      12332      32560    0.00041    0.27470 
AdaptableOperatorSampler(gammaShapeScaler.s:sia_pos1)                                               -       3729      40816    0.00041    0.08371 
AdaptableOperatorSampler(gammaShapeScaler.s:sia_pos2)                                               -       4045      40628    0.00041    0.09055 
AdaptableOperatorSampler(kappa1Scaler.s:sia_pos3)                                                   -      12557      32206    0.00041    0.28052 
AdaptableOperatorSampler(kappa2Scaler.s:sia_pos3)                                                   -      12948      31672    0.00041    0.29018 
AdaptableOperatorSampler(FrequenciesExchanger.s:sia_pos3)                                           -      13588      30855    0.00041    0.30574 
AdaptableOperatorSampler(gammaShapeScaler.s:sia_pos3)                                               -      10269      34050    0.00041    0.23171 
beast.base.inference.operator.DeltaExchangeOperator(K80RateDeltaExchanger.s:bdnf_pos1)        0.27305      22658      66536    0.00083    0.25403 
AdaptableOperatorSampler(gammaShapeScaler.s:bdnf_pos1)                                              -      11275      33460    0.00041    0.25204 
beast.base.inference.operator.DeltaExchangeOperator(TVMefRateDeltaExchanger.s:bdnf_pos2)      0.84698      13827      75479    0.00083    0.15483 
AdaptableOperatorSampler(gammaShapeScaler.s:bdnf_pos2)                                              -       1723      42664    0.00041    0.03882 
beast.base.inference.operator.DeltaExchangeOperator(TIM1RateDeltaExchanger.s:bdnf_pos3)       0.83340        744      88676    0.00083    0.00832 Try setting delta to about 0.417
AdaptableOperatorSampler(gammaShapeScaler.s:bdnf_pos3)                                              -       2327      42558    0.00041    0.05184 
beast.base.inference.operator.DeltaExchangeOperator(TIM2ufRateDeltaExchanger.s:nxc_pos1)      0.71916      14768      74710    0.00083    0.16505 
beast.base.inference.operator.DeltaExchangeOperator(TIM2ufFrequenciesExchanger.s:nxc_pos1)    0.12037      25101      65071    0.00083    0.27837 
AdaptableOperatorSampler(gammaShapeScaler.s:nxc_pos1)                                               -       6540      38402    0.00041    0.14552 
beast.base.inference.operator.DeltaExchangeOperator(TIM3ufRateDeltaExchanger.s:nxc_pos2)      0.56531      12736      76981    0.00083    0.14196 
beast.base.inference.operator.DeltaExchangeOperator(TIM3ufFrequenciesExchanger.s:nxc_pos2)    0.10706      23824      65986    0.00083    0.26527 
AdaptableOperatorSampler(gammaShapeScaler.s:nxc_pos2)                                               -       2281      42583    0.00041    0.05084 
AdaptableOperatorSampler(kappa1Scaler.s:nxc_pos3)                                                   -      12974      31718    0.00041    0.29030 
AdaptableOperatorSampler(kappa2Scaler.s:nxc_pos3)                                                   -      12499      32201    0.00041    0.27962 
AdaptableOperatorSampler(gammaShapeScaler.s:nxc_pos3)                                               -      10744      33998    0.00041    0.24013 
beast.base.inference.operator.DeltaExchangeOperator(TIM2RateDeltaExchanger.s:cyb_pos1)        0.26931      18378      70979    0.00083    0.20567 
AdaptableOperatorSampler(gammaShapeScaler.s:cyb_pos1)                                               -      11387      33757    0.00041    0.25224 
AdaptableOperatorSampler(RateACScaler.s:cyb_pos2)                                                   -      12427      32207    0.00041    0.27842 
AdaptableOperatorSampler(RateAGScaler.s:cyb_pos2)                                                   -      12593      31853    0.00041    0.28333 
AdaptableOperatorSampler(RateATScaler.s:cyb_pos2)                                                   -      12520      32224    0.00041    0.27981 
AdaptableOperatorSampler(RateCGScaler.s:cyb_pos2)                                                   -      12175      32935    0.00041    0.26990 
AdaptableOperatorSampler(RateGTScaler.s:cyb_pos2)                                                   -      20407      24390    0.00041    0.45554 
AdaptableOperatorSampler(gammaShapeScaler.s:cyb_pos2)                                               -       9405      35470    0.00041    0.20958 
beast.base.inference.operator.DeltaExchangeOperator(TIM2ufRateDeltaExchanger.s:cyb_pos3)      0.14782      13059      76577    0.00083    0.14569 
beast.base.inference.operator.DeltaExchangeOperator(TIM2ufFrequenciesExchanger.s:cyb_pos3)    0.02372      20083      69094    0.00083    0.22520 
AdaptableOperatorSampler(gammaShapeScaler.s:cyb_pos3)                                               -      11954      33053    0.00041    0.26560 
beast.base.inference.operator.DeltaExchangeOperator(TIM2ufRateDeltaExchanger.s:nd4_pos1)      0.26550      17552      71967    0.00083    0.19607 
beast.base.inference.operator.DeltaExchangeOperator(TIM2ufFrequenciesExchanger.s:nd4_pos1)    0.04781      23761      65487    0.00083    0.26624 
AdaptableOperatorSampler(gammaShapeScaler.s:nd4_pos1)                                               -       9176      35598    0.00041    0.20494 
AdaptableOperatorSampler(RateACScaler.s:nd4_pos2)                                                   -      12974      31766    0.00041    0.28999 
AdaptableOperatorSampler(RateAGScaler.s:nd4_pos2)                                                   -      12272      32568    0.00041    0.27368 
AdaptableOperatorSampler(RateATScaler.s:nd4_pos2)                                                   -      12988      32076    0.00041    0.28821 
AdaptableOperatorSampler(RateCGScaler.s:nd4_pos2)                                                   -      12996      31802    0.00041    0.29010 
AdaptableOperatorSampler(RateGTScaler.s:nd4_pos2)                                                   -      13667      30938    0.00041    0.30640 
AdaptableOperatorSampler(gammaShapeScaler.s:nd4_pos2)                                               -       8865      35779    0.00041    0.19857 
AdaptableOperatorSampler(kappa1Scaler.s:nd4_pos3)                                                   -      11137      33868    0.00041    0.24746 
AdaptableOperatorSampler(kappa2Scaler.s:nd4_pos3)                                                   -      11391      33901    0.00041    0.25150 
AdaptableOperatorSampler(gammaShapeScaler.s:nd4_pos3)                                               -      11732      32722    0.00041    0.26391 
EpochFlexOperator(BirthDeathBICEPSEpochTop.t:senkenbergiana)                                  0.05833     664054    1124567    0.01654    0.37127 
EpochFlexOperator(BirthDeathBICEPSEpochAll.t:senkenbergiana)                                  0.05733     676516    1114216    0.01654    0.37779 
TreeStretchOperator(BirthDeathBICEPSTreeFlex.t:senkenbergiana)                                0.02207     722502    1069578    0.01654    0.40316 Try setting scale factor to about 0.022
kernel.BactrianScaleOperator(BirthDeathTreeRootScaler.t:senkenbergiana)                       0.08265     770708    1914178    0.02481    0.28705 
kernel.BactrianNodeOperator(BirthDeathUniformOperator.t:senkenbergiana)                       0.95205    8206145   18648269    0.24814    0.30558 
kernel.BactrianSubtreeSlide(BirthDeathSubtreeSlide.t:senkenbergiana)                          0.83194    3297555   10127139    0.12407    0.24563 
Exchange(BirthDeathNarrow.t:senkenbergiana)                                                         -     955161   12465553    0.12407    0.07117 
Exchange(BirthDeathWide.t:senkenbergiana)                                                           -        637    2685181    0.02481    0.00024 
WilsonBalding(BirthDeathWilsonBalding.t:senkenbergiana)                                             -       1998    2684052    0.02481    0.00074 
kernel.BactrianScaleOperator(BirthRateScaler.t:senkenbergiana)                                0.15457     790740    1894467    0.02481    0.29448 
kernel.BactrianScaleOperator(DeathRateScaler.t:senkenbergiana)                                2.38553     706206    1977429    0.02481    0.26315 
ScaleOperator(ucldMeanScaler.c:BD)                                                            0.87847     142713     752358    0.00827    0.15944 
beast.base.inference.operator.UpDownOperator(relaxedUpDownOperator.c:BD)                      0.83523     597271    2089496    0.02481    0.22230 

     Tuning: The value of the operator's tuning parameter, or '-' if the operator can't be optimized.
    #accept: The total number of times a proposal by this operator has been accepted.
    #reject: The total number of times a proposal by this operator has been rejected.
      Pr(m): The probability this operator is chosen in a step of the MCMC (i.e. the normalized weight).
  Pr(acc|m): The acceptance probability (#accept as a fraction of the total proposals for this operator).

