
                        BEAST v2.7.3, 2002-2022
             Bayesian Evolutionary Analysis Sampling Trees
                       Designed and developed by
 Remco Bouckaert, Alexei J. Drummond, Andrew Rambaut & Marc A. Suchard
                                    
                   Centre for Computational Evolution
                         University of Auckland
                       r.bouckaert@auckland.ac.nz
                        alexei@cs.auckland.ac.nz
                                    
                   Institute of Evolutionary Biology
                        University of Edinburgh
                           a.rambaut@ed.ac.uk
                                    
                    David Geffen School of Medicine
                 University of California, Los Angeles
                           msuchard@ucla.edu
                                    
                      Downloads, Help & Resources:
                           http://beast2.org/
                                    
  Source code distributed under the GNU Lesser General Public License:
                   http://github.com/CompEvol/beast2
                                    
                           BEAST developers:
   Alex Alekseyenko, Trevor Bedford, Erik Bloomquist, Joseph Heled, 
 Sebastian Hoehna, Denise Kuehnert, Philippe Lemey, Wai Lok Sibon Li, 
Gerton Lunter, Sidney Markowitz, Vladimir Minin, Michael Defoin Platel, 
          Oliver Pybus, Tim Vaughan, Chieh-Hsi Wu, Walter Xie
                                    
                               Thanks to:
          Roald Forsberg, Beth Shapiro and Korbinian Strimmer

Random number seed: 1689497868680

Alignment(oreophryne_senkenbergiana_alignment_20230715)
  238 taxa
  2475 sites
  1392 patterns

Filter 1-407\3
238 taxa
136 sites
49 patterns
WARNING: Adjust tip heights attribute set to 'true' in TreeParser
         has resulted in significant (>0.1%) change in tree length.
         Use adjustTipHeights='false' to override this default.
  original max tip age =    0.409
       new max tip age =    0.000
  original tree length =   16.459
       new tree length =   52.159
       TL scale factor =    3.169
Starting frequencies: [0.25, 0.25, 0.25, 0.25]
  UCRelaxedClockModel: using 474 rate categories to approximate rate distribution across branches.
  Using BEAGLE version: 3.0.2 resource 0: CPU
    with instance flags:  PRECISION_DOUBLE COMPUTATION_SYNCH EIGEN_REAL SCALING_MANUAL SCALERS_RAW VECTOR_NONE PROCESSOR_CPU FRAMEWORK_CPU
Filter 2-407\3
238 taxa
136 sites
49 patterns
  Using BEAGLE version: 3.0.2 resource 0: CPU
    with instance flags:  PRECISION_DOUBLE COMPUTATION_SYNCH EIGEN_REAL SCALING_MANUAL SCALERS_RAW VECTOR_NONE PROCESSOR_CPU FRAMEWORK_CPU
Filter 3-407\3
238 taxa
135 sites
115 patterns
Starting frequencies: [0.25, 0.25, 0.25, 0.25]
  Using BEAGLE version: 3.0.2 resource 0: CPU
    with instance flags:  PRECISION_DOUBLE COMPUTATION_SYNCH EIGEN_REAL SCALING_MANUAL SCALERS_RAW VECTOR_NONE PROCESSOR_CPU FRAMEWORK_CPU
Filter 408-924\3
238 taxa
173 sites
125 patterns
Starting frequencies: [0.25, 0.25, 0.25, 0.25]
  Using BEAGLE version: 3.0.2 resource 0: CPU
    with instance flags:  PRECISION_DOUBLE COMPUTATION_SYNCH EIGEN_REAL SCALING_MANUAL SCALERS_RAW VECTOR_NONE PROCESSOR_CPU FRAMEWORK_CPU
Filter 409-924\3
238 taxa
172 sites
58 patterns
Starting frequencies: [0.25, 0.25, 0.25, 0.25]
  Using BEAGLE version: 3.0.2 resource 0: CPU
    with instance flags:  PRECISION_DOUBLE COMPUTATION_SYNCH EIGEN_REAL SCALING_MANUAL SCALERS_RAW VECTOR_NONE PROCESSOR_CPU FRAMEWORK_CPU
Filter 410-924\3
238 taxa
172 sites
48 patterns
Starting frequencies: [0.25, 0.25, 0.25, 0.25]
  Using BEAGLE version: 3.0.2 resource 0: CPU
    with instance flags:  PRECISION_DOUBLE COMPUTATION_SYNCH EIGEN_REAL SCALING_MANUAL SCALERS_RAW VECTOR_NONE PROCESSOR_CPU FRAMEWORK_CPU
Filter 925-1479\3
238 taxa
185 sites
68 patterns
Starting frequencies: [0.25, 0.25, 0.25, 0.25]
  Using BEAGLE version: 3.0.2 resource 0: CPU
    with instance flags:  PRECISION_DOUBLE COMPUTATION_SYNCH EIGEN_REAL SCALING_MANUAL SCALERS_RAW VECTOR_NONE PROCESSOR_CPU FRAMEWORK_CPU
Filter 926-1479\3
238 taxa
185 sites
59 patterns
Starting frequencies: [0.25, 0.25, 0.25, 0.25]
  Using BEAGLE version: 3.0.2 resource 0: CPU
    with instance flags:  PRECISION_DOUBLE COMPUTATION_SYNCH EIGEN_REAL SCALING_MANUAL SCALERS_RAW VECTOR_NONE PROCESSOR_CPU FRAMEWORK_CPU
Filter 927-1479\3
238 taxa
185 sites
150 patterns
Starting frequencies: [0.2949309956865047, 0.2016804735580145, 0.2241358857982701, 0.27925264495721064]
  Using BEAGLE version: 3.0.2 resource 0: CPU
    with instance flags:  PRECISION_DOUBLE COMPUTATION_SYNCH EIGEN_REAL SCALING_MANUAL SCALERS_RAW VECTOR_NONE PROCESSOR_CPU FRAMEWORK_CPU
Filter 1480-1989\3
238 taxa
170 sites
114 patterns
Starting frequencies: [0.25, 0.25, 0.25, 0.25]
  Using BEAGLE version: 3.0.2 resource 0: CPU
    with instance flags:  PRECISION_DOUBLE COMPUTATION_SYNCH EIGEN_REAL SCALING_MANUAL SCALERS_RAW VECTOR_NONE PROCESSOR_CPU FRAMEWORK_CPU
Filter 1481-1989\3
238 taxa
170 sites
95 patterns
Starting frequencies: [0.19989124243898568, 0.2577820408384358, 0.14658889803276398, 0.39573781868981456]
  Using BEAGLE version: 3.0.2 resource 0: CPU
    with instance flags:  PRECISION_DOUBLE COMPUTATION_SYNCH EIGEN_REAL SCALING_MANUAL SCALERS_RAW VECTOR_NONE PROCESSOR_CPU FRAMEWORK_CPU
Filter 1482-1989\3
238 taxa
170 sites
170 patterns
Starting frequencies: [0.25, 0.25, 0.25, 0.25]
  Using BEAGLE version: 3.0.2 resource 0: CPU
    with instance flags:  PRECISION_DOUBLE COMPUTATION_SYNCH EIGEN_REAL SCALING_MANUAL SCALERS_RAW VECTOR_NONE PROCESSOR_CPU FRAMEWORK_CPU
Filter 1990-2475\3
238 taxa
162 sites
135 patterns
Starting frequencies: [0.25, 0.25, 0.25, 0.25]
  Using BEAGLE version: 3.0.2 resource 0: CPU
    with instance flags:  PRECISION_DOUBLE COMPUTATION_SYNCH EIGEN_REAL SCALING_MANUAL SCALERS_RAW VECTOR_NONE PROCESSOR_CPU FRAMEWORK_CPU
Filter 1991-2475\3
238 taxa
162 sites
105 patterns
Starting frequencies: [0.1261178752410347, 0.30288296637756235, 0.13348420284689852, 0.4375149555345043]
  Using BEAGLE version: 3.0.2 resource 0: CPU
    with instance flags:  PRECISION_DOUBLE COMPUTATION_SYNCH EIGEN_REAL SCALING_MANUAL SCALERS_RAW VECTOR_NONE PROCESSOR_CPU FRAMEWORK_CPU
Filter 1992-2475\3
238 taxa
162 sites
162 patterns
Starting frequencies: [0.3428950343474007, 0.32359794135804726, 0.052064998821655974, 0.2814420254728961]
  Using BEAGLE version: 3.0.2 resource 0: CPU
    with instance flags:  PRECISION_DOUBLE COMPUTATION_SYNCH EIGEN_REAL SCALING_MANUAL SCALERS_RAW VECTOR_NONE PROCESSOR_CPU FRAMEWORK_CPU
===============================================================================
Citations for this model:

Bouckaert, Remco, Timothy G. Vaughan, Joëlle Barido-Sottani, Sebastián Duchêne, Mathieu Fourment, 
Alexandra Gavryushkina, Joseph Heled, Graham Jones, Denise Kühnert, Nicola De Maio, Michael Matschiner, 
Fábio K. Mendes, Nicola F. Müller, Huw A. Ogilvie, Louis du Plessis, Alex Popinga, Andrew Rambaut, 
David Rasmussen, Igor Siveroni, Marc A. Suchard, Chieh-Hsi Wu, Dong Xie, Chi Zhang, Tanja Stadler, 
Alexei J. Drummond 
  BEAST 2.5: An advanced software platform for Bayesian evolutionary analysis. 
  PLoS computational biology 15, no. 4 (2019): e1006650.

Gernhard 2008. The conditioned reconstructed process. Journal of Theoretical Biology Volume 253, Issue 4, 21 August 2008, Pages 769-778

Tamura, K., & Nei, M. (1993). Estimation of the number of nucleotide substitutions in the control region of mitochondrial DNA in humans and chimpanzees. Molecular Biology and Evolution, 10(3), 512-526.

Drummond AJ, Ho SYW, Phillips MJ, Rambaut A (2006) Relaxed Phylogenetics and
  Dating with Confidence. PLoS Biol 4(5): e88

Douglas J, Zhang R, Bouckaert R. Adaptive dating and fast proposals: Revisiting the phylogenetic relaxed clock model. PLoS computational biology. 2021 Feb 2;17(2):e1008322.

Bouckaert RR. An efficient coalescent epoch model for Bayesian phylogenetic inference. Systematic Biology, syac015, 2022

===============================================================================
Start likelihood: -113207.92937527964 
Writing file senken_run0.log
Writing file senken_run0-senkenbergiana.trees
         Sample      posterior     likelihood          prior
              0   -113207.9293   -105991.6523     -7216.2770 --
         100000    -85560.8142    -84903.0924      -657.7217 --
         200000    -85477.5459    -84759.0667      -718.4792 --
         300000    -85175.0521    -84490.0577      -684.9943 --
         400000    -85132.7221    -84439.9840      -692.7380 --
         500000    -85131.7708    -84450.6966      -681.0742 --
         600000    -85091.4018    -84414.9958      -676.4059 40m52s/Msamples
         700000    -85107.5009    -84396.2820      -711.2189 40m33s/Msamples
         800000    -85156.4061    -84445.8966      -710.5095 40m49s/Msamples
         900000    -85143.5898    -84434.3944      -709.1953 40m44s/Msamples
        1000000    -85166.7661    -84459.0568      -707.7093 40m45s/Msamples
        1100000    -85106.8190    -84379.0247      -727.7942 40m43s/Msamples
        1200000    -85079.9940    -84387.3804      -692.6136 40m40s/Msamples
        1300000    -85097.1688    -84383.5368      -713.6320 40m44s/Msamples
        1400000    -85080.4747    -84375.2718      -705.2028 40m45s/Msamples
        1500000    -85087.1921    -84369.4844      -717.7077 40m43s/Msamples
        1600000    -85071.7845    -84355.9646      -715.8199 40m40s/Msamples
        1700000    -85103.7094    -84363.7428      -739.9665 40m41s/Msamples
        1800000    -85111.4583    -84404.9580      -706.5003 40m39s/Msamples
        1900000    -85089.7332    -84370.9014      -718.8318 40m39s/Msamples
        2000000    -85095.5943    -84382.2749      -713.3193 40m41s/Msamples
        2100000    -85120.2888    -84404.9373      -715.3515 40m42s/Msamples
        2200000    -85108.6898    -84399.8676      -708.8222 40m42s/Msamples
        2300000    -85048.8571    -84374.5060      -674.3511 40m42s/Msamples
        2400000    -85067.1997    -84381.6451      -685.5545 40m42s/Msamples
        2500000    -85059.4476    -84346.5843      -712.8633 40m44s/Msamples
        2600000    -85119.0018    -84399.3752      -719.6266 40m43s/Msamples
        2700000    -85107.6458    -84380.9867      -726.6591 40m41s/Msamples
        2800000    -85070.1936    -84374.6859      -695.5077 40m42s/Msamples
        2900000    -85072.5793    -84370.1216      -702.4577 40m40s/Msamples
        3000000    -85073.5504    -84382.7325      -690.8179 40m38s/Msamples
        3100000    -85105.2386    -84401.0964      -704.1422 40m36s/Msamples
        3200000    -85003.2594    -84346.6927      -656.5667 40m34s/Msamples
        3300000    -85076.0574    -84365.7907      -710.2667 40m32s/Msamples
        3400000    -85064.1715    -84371.7081      -692.4634 40m27s/Msamples
        3500000    -85006.6793    -84347.1991      -659.4801 40m24s/Msamples
        3600000    -85104.2312    -84370.4894      -733.7417 40m21s/Msamples
        3700000    -85143.9762    -84357.0299      -786.9463 40m18s/Msamples
        3800000    -85128.9330    -84369.2533      -759.6796 40m15s/Msamples
        3900000    -85133.0493    -84340.4635      -792.5858 40m12s/Msamples
        4000000    -85175.5392    -84359.2196      -816.3196 40m10s/Msamples
        4100000    -85113.2697    -84362.4183      -750.8513 40m8s/Msamples
        4200000    -85111.7127    -84333.7250      -777.9877 40m7s/Msamples
        4300000    -85108.0839    -84382.2903      -725.7936 40m6s/Msamples
        4400000    -85079.8800    -84341.2433      -738.6367 40m5s/Msamples
        4500000    -85122.5264    -84352.8107      -769.7157 40m9s/Msamples
        4600000    -85168.8463    -84390.7063      -778.1399 40m12s/Msamples
        4700000    -85108.5816    -84356.3664      -752.2151 40m10s/Msamples
        4800000    -85128.6796    -84353.9493      -774.7303 40m9s/Msamples
        4900000    -85092.5343    -84349.2137      -743.3206 40m8s/Msamples
        5000000    -85073.8404    -84351.8615      -721.9788 40m8s/Msamples
        5100000    -85118.4453    -84358.5313      -759.9139 40m7s/Msamples
        5200000    -85126.3843    -84356.9571      -769.4271 40m7s/Msamples
        5300000    -85143.2122    -84379.3142      -763.8980 40m6s/Msamples
        5400000    -85117.7683    -84341.2304      -776.5378 40m6s/Msamples
        5500000    -85101.9854    -84338.9329      -763.0524 40m6s/Msamples
        5600000    -85098.0507    -84360.5105      -737.5402 40m5s/Msamples
        5700000    -85044.4815    -84345.3896      -699.0919 40m5s/Msamples
        5800000    -85060.6031    -84387.2845      -673.3186 40m5s/Msamples
        5900000    -85049.7362    -84354.6647      -695.0715 40m5s/Msamples
        6000000    -85082.7799    -84360.4590      -722.3209 40m4s/Msamples
        6100000    -85134.2001    -84378.9319      -755.2682 40m3s/Msamples
        6200000    -85176.9731    -84368.5583      -808.4148 40m1s/Msamples
        6300000    -85175.7399    -84383.2463      -792.4935 40m1s/Msamples
        6400000    -85093.4757    -84359.2600      -734.2156 40m0s/Msamples
        6500000    -85101.1304    -84355.5725      -745.5578 39m59s/Msamples
        6600000    -85147.4775    -84371.7749      -775.7026 39m58s/Msamples
        6700000    -85084.0824    -84343.3582      -740.7242 39m57s/Msamples
        6800000    -85089.7029    -84361.5427      -728.1602 39m57s/Msamples
        6900000    -85076.9125    -84350.5034      -726.4091 39m56s/Msamples
        7000000    -85137.2097    -84354.4805      -782.7292 39m56s/Msamples
        7100000    -85138.1042    -84325.6896      -812.4146 39m55s/Msamples
        7200000    -85131.9425    -84352.7952      -779.1473 39m56s/Msamples
        7300000    -85125.7476    -84384.6934      -741.0542 39m55s/Msamples
        7400000    -85125.0011    -84393.8901      -731.1109 39m55s/Msamples
        7500000    -85138.9009    -84367.5022      -771.3987 39m55s/Msamples
        7600000    -85129.7165    -84351.1174      -778.5991 39m55s/Msamples
        7700000    -85146.9565    -84386.0701      -760.8864 39m54s/Msamples
        7800000    -85065.3684    -84361.1950      -704.1734 39m53s/Msamples
        7900000    -85068.4179    -84352.5442      -715.8737 39m53s/Msamples
        8000000    -85111.1383    -84385.7831      -725.3552 39m53s/Msamples
        8100000    -85070.9171    -84341.5989      -729.3181 39m53s/Msamples
        8200000    -85144.2194    -84365.9905      -778.2288 39m53s/Msamples
        8300000    -85084.9075    -84358.1391      -726.7684 39m53s/Msamples
        8400000    -85136.9313    -84365.0272      -771.9040 39m53s/Msamples
        8500000    -85127.6034    -84373.9422      -753.6612 39m53s/Msamples
        8600000    -85134.0192    -84394.9112      -739.1079 39m53s/Msamples
        8700000    -85129.6255    -84357.7491      -771.8763 39m53s/Msamples
        8800000    -85164.9611    -84357.2646      -807.6964 39m52s/Msamples
        8900000    -85146.0447    -84352.6702      -793.3745 39m51s/Msamples
        9000000    -85113.1058    -84318.9208      -794.1850 39m51s/Msamples
        9100000    -85159.4882    -84366.7583      -792.7298 39m50s/Msamples
        9200000    -85120.5978    -84325.8530      -794.7448 39m50s/Msamples
        9300000    -85182.9167    -84341.7902      -841.1265 39m49s/Msamples
        9400000    -85134.7026    -84334.6621      -800.0404 39m49s/Msamples
        9500000    -85195.9441    -84365.3200      -830.6241 39m48s/Msamples
        9600000    -85092.6615    -84348.0823      -744.5792 39m48s/Msamples
        9700000    -85107.3777    -84387.8206      -719.5570 39m47s/Msamples
        9800000    -85125.4093    -84352.1211      -773.2881 39m47s/Msamples
        9900000    -85100.3870    -84345.7403      -754.6466 39m47s/Msamples
       10000000    -85087.3591    -84341.1288      -746.2303 39m47s/Msamples
       10100000    -85090.9467    -84364.7708      -726.1759 39m47s/Msamples
       10200000    -85131.2575    -84355.8101      -775.4473 39m47s/Msamples
       10300000    -85135.5907    -84382.3673      -753.2233 39m47s/Msamples
       10400000    -85139.9895    -84360.0213      -779.9682 39m47s/Msamples
       10500000    -85192.9979    -84396.2921      -796.7057 39m47s/Msamples
       10600000    -85121.4079    -84390.4142      -730.9937 39m46s/Msamples
       10700000    -85106.8693    -84361.5878      -745.2815 39m46s/Msamples
       10800000    -85121.1207    -84377.4764      -743.6442 39m45s/Msamples
       10900000    -85143.9215    -84360.6176      -783.3039 39m45s/Msamples
       11000000    -85144.2733    -84381.5854      -762.6878 39m45s/Msamples
       11100000    -85094.3200    -84349.1367      -745.1832 39m44s/Msamples
       11200000    -85108.2793    -84369.6055      -738.6738 39m44s/Msamples
       11300000    -85089.6624    -84362.1534      -727.5090 39m44s/Msamples
       11400000    -85125.7817    -84367.3604      -758.4212 39m44s/Msamples
       11500000    -85155.4849    -84390.4692      -765.0157 39m43s/Msamples
       11600000    -85045.0135    -84354.1223      -690.8912 39m43s/Msamples
       11700000    -85001.3419    -84350.8536      -650.4882 39m43s/Msamples
       11800000    -84997.0441    -84370.8910      -626.1531 39m43s/Msamples
       11900000    -85013.9951    -84340.6538      -673.3413 39m43s/Msamples
       12000000    -85118.7859    -84376.4683      -742.3175 39m43s/Msamples
       12100000    -85100.8143    -84365.7841      -735.0302 39m43s/Msamples
       12200000    -85110.3133    -84352.8230      -757.4903 39m43s/Msamples
       12300000    -85112.3962    -84359.1339      -753.2623 39m43s/Msamples
       12400000    -85153.1606    -84368.5935      -784.5670 39m43s/Msamples
       12500000    -85142.3278    -84367.5326      -774.7952 39m43s/Msamples
       12600000    -85138.3727    -84367.9502      -770.4224 39m43s/Msamples
       12700000    -85145.1326    -84375.3026      -769.8299 39m43s/Msamples
       12800000    -85132.8359    -84365.1877      -767.6482 39m43s/Msamples
       12900000    -85089.8804    -84351.1673      -738.7130 39m43s/Msamples
       13000000    -85103.3055    -84348.7213      -754.5841 39m43s/Msamples
       13100000    -85191.5856    -84380.4571      -811.1285 39m43s/Msamples
       13200000    -85117.8130    -84363.1459      -754.6671 39m43s/Msamples
       13300000    -85181.2554    -84368.4771      -812.7783 39m43s/Msamples
       13400000    -85163.1415    -84384.8627      -778.2787 39m43s/Msamples
       13500000    -85097.6415    -84367.6634      -729.9780 39m44s/Msamples
       13600000    -85105.2107    -84385.6479      -719.5628 39m44s/Msamples
       13700000    -85141.7146    -84364.6170      -777.0975 39m44s/Msamples
       13800000    -85127.0811    -84343.1447      -783.9363 39m44s/Msamples
       13900000    -85148.0850    -84383.9451      -764.1398 39m44s/Msamples
       14000000    -85179.3232    -84415.2393      -764.0838 39m43s/Msamples
       14100000    -85148.4987    -84368.7955      -779.7032 39m43s/Msamples
       14200000    -85126.7390    -84357.1302      -769.6088 39m43s/Msamples
       14300000    -85148.0194    -84383.5813      -764.4381 39m42s/Msamples
       14400000    -85124.2257    -84359.5769      -764.6488 39m42s/Msamples
       14500000    -85106.4244    -84373.7550      -732.6693 39m42s/Msamples
       14600000    -85135.1256    -84352.8110      -782.3146 39m42s/Msamples
       14700000    -85123.5521    -84372.1717      -751.3803 39m42s/Msamples
       14800000    -85173.3686    -84405.2701      -768.0985 39m42s/Msamples
       14900000    -85167.7796    -84398.9874      -768.7922 39m42s/Msamples
       15000000    -85159.2023    -84380.6110      -778.5912 39m42s/Msamples
       15100000    -85162.3950    -84360.2027      -802.1923 39m41s/Msamples
       15200000    -85157.0248    -84356.9966      -800.0282 39m41s/Msamples
       15300000    -85116.1317    -84366.5533      -749.5784 39m41s/Msamples
       15400000    -85131.1294    -84370.2013      -760.9280 39m40s/Msamples
       15500000    -85142.6345    -84367.6920      -774.9425 39m40s/Msamples
       15600000    -85134.6310    -84354.9667      -779.6643 39m40s/Msamples
       15700000    -85148.9139    -84379.6832      -769.2306 39m40s/Msamples
       15800000    -85143.3926    -84356.9540      -786.4385 39m40s/Msamples
       15900000    -85132.9342    -84367.1033      -765.8308 39m40s/Msamples
       16000000    -85092.6054    -84336.8996      -755.7058 39m40s/Msamples
       16100000    -85169.7063    -84368.6242      -801.0820 39m39s/Msamples
       16200000    -85118.6314    -84342.2022      -776.4292 39m39s/Msamples
       16300000    -85180.1321    -84383.8535      -796.2786 39m39s/Msamples
       16400000    -85182.5677    -84378.3787      -804.1890 39m39s/Msamples
       16500000    -85169.4149    -84373.7487      -795.6661 39m38s/Msamples
       16600000    -85161.8106    -84390.4711      -771.3394 39m38s/Msamples
       16700000    -85130.2488    -84382.0336      -748.2152 39m38s/Msamples
       16800000    -85172.7329    -84374.7289      -798.0040 39m38s/Msamples
       16900000    -85100.5068    -84344.8173      -755.6895 39m38s/Msamples
       17000000    -85069.2276    -84338.5468      -730.6807 39m38s/Msamples
       17100000    -85185.3067    -84371.4507      -813.8559 39m38s/Msamples
       17200000    -85155.1184    -84379.9885      -775.1298 39m37s/Msamples
       17300000    -85104.4245    -84361.3297      -743.0947 39m37s/Msamples
       17400000    -85106.6465    -84392.5093      -714.1371 39m37s/Msamples
       17500000    -85148.4115    -84375.2623      -773.1491 39m36s/Msamples
       17600000    -85112.3385    -84370.9258      -741.4126 39m36s/Msamples
       17700000    -85153.3174    -84371.8056      -781.5118 39m36s/Msamples
       17800000    -85131.2899    -84371.8659      -759.4240 39m36s/Msamples
       17900000    -85179.7267    -84390.0179      -789.7088 39m37s/Msamples
       18000000    -85153.1865    -84390.2489      -762.9375 39m37s/Msamples
       18100000    -85148.5835    -84393.1307      -755.4527 39m37s/Msamples
       18200000    -85136.8769    -84371.9709      -764.9060 39m37s/Msamples
       18300000    -85139.8838    -84370.2415      -769.6423 39m37s/Msamples
       18400000    -85079.7291    -84340.8914      -738.8377 39m37s/Msamples
       18500000    -85158.2807    -84402.5242      -755.7564 39m36s/Msamples
       18600000    -85092.6476    -84350.3700      -742.2775 39m36s/Msamples
       18700000    -85088.4133    -84322.0066      -766.4066 39m36s/Msamples
       18800000    -85120.3701    -84372.3833      -747.9868 39m36s/Msamples
       18900000    -85111.4812    -84360.1883      -751.2928 39m37s/Msamples
       19000000    -85177.4482    -84392.5359      -784.9123 39m37s/Msamples
       19100000    -85089.0779    -84350.5099      -738.5679 39m37s/Msamples
       19200000    -85092.3945    -84341.7336      -750.6608 39m37s/Msamples
       19300000    -85129.5334    -84360.3998      -769.1335 39m37s/Msamples
       19400000    -85112.9048    -84386.9164      -725.9884 39m37s/Msamples
       19500000    -85133.3100    -84389.2911      -744.0188 39m37s/Msamples
       19600000    -85144.1768    -84351.0419      -793.1349 39m37s/Msamples
       19700000    -85133.3702    -84361.3110      -772.0592 39m37s/Msamples
       19800000    -85087.7604    -84377.2929      -710.4674 39m37s/Msamples
       19900000    -85123.2428    -84319.4812      -803.7616 39m37s/Msamples
       20000000    -85137.5475    -84402.2410      -735.3064 39m37s/Msamples
       20100000    -85088.3448    -84378.5648      -709.7800 39m37s/Msamples
       20200000    -85099.3099    -84352.8424      -746.4674 39m37s/Msamples
       20300000    -85129.7097    -84357.1199      -772.5897 39m37s/Msamples
       20400000    -85126.2138    -84374.3432      -751.8706 39m37s/Msamples
       20500000    -85138.4459    -84358.5379      -779.9080 39m37s/Msamples
       20600000    -85067.9173    -84348.9113      -719.0060 39m37s/Msamples
       20700000    -85129.1803    -84345.0214      -784.1588 39m37s/Msamples
       20800000    -85146.1362    -84373.8386      -772.2975 39m37s/Msamples
       20900000    -85095.7125    -84344.1714      -751.5410 39m37s/Msamples
       21000000    -85107.4343    -84356.5472      -750.8870 39m37s/Msamples
       21100000    -85136.9115    -84370.3190      -766.5924 39m37s/Msamples
       21200000    -85128.7283    -84358.2364      -770.4919 39m37s/Msamples
       21300000    -85109.3585    -84326.8331      -782.5254 39m37s/Msamples
       21400000    -85161.6430    -84361.9839      -799.6590 39m37s/Msamples
       21500000    -85108.4592    -84349.3595      -759.0996 39m37s/Msamples
       21600000    -85152.5163    -84333.1101      -819.4061 39m37s/Msamples
       21700000    -85142.8477    -84358.8113      -784.0364 39m37s/Msamples
       21800000    -85105.8724    -84352.6471      -753.2253 39m37s/Msamples
       21900000    -85119.7433    -84374.5071      -745.2361 39m37s/Msamples
       22000000    -85160.6545    -84358.8914      -801.7631 39m37s/Msamples
       22100000    -85128.2835    -84390.0632      -738.2203 39m37s/Msamples
       22200000    -85105.8536    -84368.9606      -736.8930 39m37s/Msamples
       22300000    -85140.0723    -84367.8311      -772.2411 39m38s/Msamples
       22400000    -85153.8307    -84343.2624      -810.5682 39m38s/Msamples
       22500000    -85143.3053    -84363.1126      -780.1926 39m38s/Msamples
       22600000    -85080.0686    -84353.5062      -726.5624 39m38s/Msamples
       22700000    -85115.2416    -84363.3595      -751.8821 39m38s/Msamples
       22800000    -85132.0246    -84357.5570      -774.4676 39m38s/Msamples
       22900000    -85097.8677    -84346.7619      -751.1058 39m38s/Msamples
       23000000    -85098.2609    -84356.5561      -741.7047 39m38s/Msamples
       23100000    -85122.2048    -84377.2194      -744.9854 39m38s/Msamples
       23200000    -85116.5425    -84388.4836      -728.0588 39m38s/Msamples
       23300000    -85105.7081    -84352.6798      -753.0282 39m38s/Msamples
       23400000    -85068.3630    -84367.5862      -700.7767 39m38s/Msamples
       23500000    -85017.7502    -84341.5961      -676.1541 39m38s/Msamples
       23600000    -85087.2783    -84355.4940      -731.7842 39m38s/Msamples
       23700000    -85083.4389    -84332.8503      -750.5885 39m39s/Msamples
       23800000    -85140.4641    -84367.8957      -772.5683 39m38s/Msamples
       23900000    -85149.8677    -84360.5756      -789.2921 39m38s/Msamples
       24000000    -85138.5036    -84350.8150      -787.6885 39m38s/Msamples
       24100000    -85129.2030    -84374.9183      -754.2846 39m38s/Msamples
       24200000    -85098.1504    -84364.3155      -733.8348 39m38s/Msamples
       24300000    -85127.5339    -84368.7940      -758.7398 39m39s/Msamples
       24400000    -85111.9131    -84349.9359      -761.9772 39m39s/Msamples
       24500000    -85145.5433    -84360.9140      -784.6292 39m39s/Msamples
       24600000    -85106.6804    -84351.1827      -755.4976 39m39s/Msamples
       24700000    -85154.5027    -84351.4490      -803.0537 39m39s/Msamples
       24800000    -85132.7954    -84366.6459      -766.1495 39m40s/Msamples
       24900000    -85092.2807    -84321.2654      -771.0153 39m40s/Msamples
       25000000    -85070.3979    -84330.8141      -739.5837 39m40s/Msamples
       25100000    -85013.6308    -84338.9690      -674.6618 39m41s/Msamples
       25200000    -85138.1752    -84351.1066      -787.0685 39m41s/Msamples
       25300000    -85112.7321    -84362.1221      -750.6099 39m41s/Msamples
       25400000    -85147.3467    -84374.1114      -773.2352 39m41s/Msamples
       25500000    -85132.1106    -84344.5856      -787.5250 39m42s/Msamples
       25600000    -85104.5274    -84374.5956      -729.9318 39m42s/Msamples
       25700000    -85120.3861    -84360.7748      -759.6113 39m42s/Msamples
       25800000    -85123.4941    -84346.6398      -776.8542 39m42s/Msamples
       25900000    -85121.9684    -84347.5233      -774.4450 39m42s/Msamples
       26000000    -85155.0598    -84420.3659      -734.6939 39m42s/Msamples
       26100000    -85165.5296    -84397.3456      -768.1839 39m42s/Msamples
       26200000    -85096.0010    -84332.6542      -763.3468 39m42s/Msamples
       26300000    -85083.2453    -84325.6718      -757.5734 39m41s/Msamples
       26400000    -85079.1653    -84360.6266      -718.5386 39m41s/Msamples
       26500000    -85109.3406    -84363.0081      -746.3324 39m41s/Msamples
       26600000    -85150.5776    -84359.6903      -790.8872 39m41s/Msamples
       26700000    -85116.2404    -84346.1826      -770.0577 39m41s/Msamples
       26800000    -85170.6443    -84350.6635      -819.9808 39m41s/Msamples
       26900000    -85109.6154    -84346.8828      -762.7325 39m41s/Msamples
       27000000    -85159.7680    -84385.1937      -774.5742 39m41s/Msamples
       27100000    -85103.5488    -84353.5647      -749.9841 39m41s/Msamples
       27200000    -85128.1559    -84349.3523      -778.8036 39m41s/Msamples
       27300000    -85078.1528    -84371.1547      -706.9980 39m41s/Msamples
       27400000    -85113.9736    -84382.4810      -731.4926 39m41s/Msamples
       27500000    -85115.8972    -84353.3538      -762.5433 39m41s/Msamples
       27600000    -85142.8791    -84353.6837      -789.1954 39m41s/Msamples
       27700000    -85105.1808    -84341.6826      -763.4981 39m41s/Msamples
       27800000    -85070.9722    -84339.4566      -731.5155 39m41s/Msamples
       27900000    -85157.1813    -84355.3004      -801.8809 39m41s/Msamples
       28000000    -85133.2092    -84364.2413      -768.9679 39m41s/Msamples
       28100000    -85124.4715    -84358.7848      -765.6867 39m41s/Msamples
       28200000    -85099.0919    -84326.4986      -772.5932 39m41s/Msamples
       28300000    -85118.1552    -84355.8387      -762.3165 39m41s/Msamples
       28400000    -85113.4621    -84359.0840      -754.3781 39m41s/Msamples
       28500000    -85122.9076    -84354.5618      -768.3457 39m41s/Msamples
       28600000    -85090.2946    -84325.1887      -765.1059 39m41s/Msamples
       28700000    -85091.6206    -84336.9701      -754.6504 39m41s/Msamples
       28800000    -85111.5755    -84378.8534      -732.7220 39m41s/Msamples
       28900000    -85119.5135    -84301.7702      -817.7433 39m41s/Msamples
       29000000    -85094.6201    -84357.8507      -736.7694 39m41s/Msamples
       29100000    -85089.5431    -84331.9592      -757.5838 39m41s/Msamples
       29200000    -85086.0093    -84323.4912      -762.5180 39m41s/Msamples
       29300000    -85093.6593    -84340.5419      -753.1173 39m41s/Msamples
       29400000    -85077.8385    -84322.5030      -755.3354 39m41s/Msamples
       29500000    -85086.6697    -84344.2706      -742.3991 39m41s/Msamples
       29600000    -85139.2205    -84380.8181      -758.4023 39m41s/Msamples
       29700000    -85090.8573    -84342.2753      -748.5819 39m40s/Msamples
       29800000    -85095.4112    -84329.2833      -766.1278 39m40s/Msamples
       29900000    -85076.7374    -84338.0150      -738.7223 39m40s/Msamples
       30000000    -85153.3765    -84390.5872      -762.7893 39m40s/Msamples
       30100000    -85103.0405    -84336.2508      -766.7896 39m40s/Msamples
       30200000    -85118.2871    -84336.1526      -782.1344 39m40s/Msamples
       30300000    -85151.2644    -84366.4999      -784.7644 39m40s/Msamples
       30400000    -85163.1479    -84362.2603      -800.8876 39m40s/Msamples
       30500000    -85117.6706    -84357.9489      -759.7216 39m40s/Msamples
       30600000    -85063.3102    -84325.8884      -737.4218 39m40s/Msamples
       30700000    -85127.0384    -84358.8879      -768.1504 39m40s/Msamples
       30800000    -85108.0601    -84343.2200      -764.8401 39m40s/Msamples
       30900000    -85081.6236    -84325.5686      -756.0549 39m40s/Msamples
       31000000    -85101.7084    -84344.7336      -756.9748 39m40s/Msamples
       31100000    -85102.3928    -84357.0090      -745.3837 39m40s/Msamples
       31200000    -85083.2070    -84342.2599      -740.9470 39m40s/Msamples
       31300000    -85120.2592    -84341.5964      -778.6628 39m39s/Msamples
       31400000    -85112.8874    -84334.5265      -778.3608 39m39s/Msamples
       31500000    -85142.1119    -84354.3093      -787.8025 39m40s/Msamples
       31600000    -85112.1269    -84340.6997      -771.4271 39m40s/Msamples
       31700000    -85137.5610    -84350.4200      -787.1409 39m40s/Msamples
       31800000    -85058.4893    -84345.4000      -713.0892 39m40s/Msamples
       31900000    -85108.0030    -84379.4246      -728.5783 39m40s/Msamples
       32000000    -85115.6518    -84357.8154      -757.8363 39m40s/Msamples
       32100000    -85116.2751    -84342.5409      -773.7341 39m40s/Msamples
       32200000    -85114.4966    -84363.5603      -750.9362 39m40s/Msamples
       32300000    -85152.4611    -84396.7763      -755.6848 39m40s/Msamples
       32400000    -85140.5475    -84357.9330      -782.6144 39m40s/Msamples
       32500000    -85085.8322    -84299.0705      -786.7616 39m40s/Msamples
       32600000    -85064.9467    -84335.1047      -729.8420 39m40s/Msamples
       32700000    -85098.0115    -84329.8046      -768.2068 39m40s/Msamples
       32800000    -85120.5447    -84369.0422      -751.5024 39m40s/Msamples
       32900000    -85104.4304    -84359.7911      -744.6393 39m40s/Msamples
       33000000    -85056.6611    -84345.0623      -711.5987 39m40s/Msamples
       33100000    -85134.3599    -84362.8434      -771.5164 39m40s/Msamples
       33200000    -85137.3026    -84381.9399      -755.3627 39m40s/Msamples
       33300000    -85200.2860    -84398.4232      -801.8627 39m40s/Msamples
       33400000    -85103.4392    -84347.4943      -755.9449 39m40s/Msamples
       33500000    -85154.9179    -84364.5214      -790.3965 39m40s/Msamples
       33600000    -85152.0639    -84391.3971      -760.6667 39m40s/Msamples
       33700000    -85182.2424    -84374.2475      -807.9948 39m40s/Msamples
       33800000    -85094.9324    -84383.9315      -711.0008 39m40s/Msamples
       33900000    -85114.2257    -84389.8792      -724.3464 39m40s/Msamples
       34000000    -85061.7844    -84330.5368      -731.2476 39m40s/Msamples
       34100000    -85110.9069    -84335.4906      -775.4162 39m41s/Msamples
       34200000    -85059.4022    -84332.2828      -727.1194 39m41s/Msamples
       34300000    -85065.8139    -84351.4233      -714.3906 39m41s/Msamples
       34400000    -85075.5158    -84346.6592      -728.8566 39m41s/Msamples
       34500000    -85109.8200    -84337.9017      -771.9183 39m41s/Msamples
       34600000    -85164.2374    -84371.2348      -793.0026 39m41s/Msamples
       34700000    -85067.9769    -84365.5719      -702.4049 39m41s/Msamples
       34800000    -85072.4980    -84319.5751      -752.9228 39m41s/Msamples
       34900000    -85088.2991    -84367.1371      -721.1619 39m41s/Msamples
       35000000    -85061.6143    -84346.9780      -714.6362 39m41s/Msamples
       35100000    -85193.1801    -84391.0140      -802.1661 39m42s/Msamples
       35200000    -85176.0487    -84370.2508      -805.7978 39m42s/Msamples
       35300000    -85191.7615    -84381.3089      -810.4526 39m42s/Msamples
       35400000    -85146.0254    -84353.5132      -792.5122 39m42s/Msamples
       35500000    -85134.1892    -84349.4265      -784.7627 39m42s/Msamples
       35600000    -85194.9142    -84372.3478      -822.5664 39m42s/Msamples
       35700000    -85114.8841    -84343.6415      -771.2425 39m42s/Msamples
       35800000    -85132.8285    -84345.3484      -787.4800 39m42s/Msamples
       35900000    -85100.5065    -84375.2856      -725.2209 39m42s/Msamples
       36000000    -85151.0762    -84366.1458      -784.9304 39m42s/Msamples
       36100000    -85125.0778    -84357.5302      -767.5475 39m42s/Msamples
       36200000    -85109.7037    -84393.4314      -716.2723 39m42s/Msamples
       36300000    -85104.6348    -84358.1475      -746.4872 39m42s/Msamples
       36400000    -85123.5898    -84339.9977      -783.5921 39m42s/Msamples
       36500000    -85159.0400    -84369.4935      -789.5464 39m42s/Msamples
       36600000    -85106.6502    -84356.9609      -749.6892 39m42s/Msamples
       36700000    -85110.5496    -84379.8206      -730.7289 39m42s/Msamples
       36800000    -85091.8470    -84327.4725      -764.3745 39m42s/Msamples
       36900000    -85134.9255    -84348.8296      -786.0959 39m42s/Msamples
       37000000    -85100.0383    -84338.4105      -761.6277 39m42s/Msamples
       37100000    -85153.2032    -84358.7951      -794.4080 39m42s/Msamples
       37200000    -85120.3562    -84356.4538      -763.9024 39m42s/Msamples
       37300000    -85158.0484    -84360.3745      -797.6739 39m42s/Msamples
       37400000    -85096.5072    -84320.4169      -776.0902 39m42s/Msamples
       37500000    -85050.3267    -84340.0434      -710.2832 39m42s/Msamples
       37600000    -85126.4916    -84342.9406      -783.5509 39m42s/Msamples
       37700000    -85083.0234    -84349.0372      -733.9862 39m42s/Msamples
       37800000    -85089.5373    -84350.5901      -738.9472 39m42s/Msamples
       37900000    -85094.4108    -84347.9551      -746.4557 39m42s/Msamples
       38000000    -85099.2016    -84362.2447      -736.9568 39m42s/Msamples
       38100000    -85053.8857    -84342.2722      -711.6134 39m42s/Msamples
       38200000    -85146.8047    -84370.9546      -775.8501 39m42s/Msamples
       38300000    -85108.3895    -84367.4959      -740.8936 39m42s/Msamples
       38400000    -85064.2246    -84340.4290      -723.7955 39m41s/Msamples
       38500000    -85173.8384    -84379.9168      -793.9215 39m42s/Msamples
       38600000    -85092.7276    -84381.2927      -711.4349 39m42s/Msamples
       38700000    -85120.4014    -84388.4808      -731.9205 39m41s/Msamples
       38800000    -85080.6502    -84367.0423      -713.6078 39m41s/Msamples
       38900000    -85122.7408    -84379.1790      -743.5618 39m41s/Msamples
       39000000    -85120.1193    -84339.7097      -780.4095 39m41s/Msamples
       39100000    -85141.7002    -84328.8776      -812.8226 39m41s/Msamples
       39200000    -85116.7726    -84364.1226      -752.6499 39m41s/Msamples
       39300000    -85175.3432    -84378.9131      -796.4301 39m41s/Msamples
       39400000    -85142.4539    -84369.6072      -772.8467 39m41s/Msamples
       39500000    -85123.0117    -84365.4378      -757.5738 39m41s/Msamples
       39600000    -85145.8983    -84360.2223      -785.6760 39m41s/Msamples
       39700000    -85109.9532    -84364.9964      -744.9568 39m41s/Msamples
       39800000    -85065.7974    -84342.1811      -723.6163 39m41s/Msamples
       39900000    -85081.6271    -84332.5428      -749.0843 39m41s/Msamples
       40000000    -85170.4280    -84414.6001      -755.8278 39m41s/Msamples
       40100000    -85139.3290    -84365.2088      -774.1201 39m41s/Msamples
       40200000    -85128.7854    -84368.6455      -760.1398 39m41s/Msamples
       40300000    -85137.7953    -84326.1617      -811.6336 39m41s/Msamples
       40400000    -85125.9218    -84368.0026      -757.9192 39m41s/Msamples
       40500000    -85111.9169    -84350.8502      -761.0666 39m41s/Msamples
       40600000    -85092.4676    -84338.4785      -753.9890 39m41s/Msamples
       40700000    -85131.5373    -84373.9938      -757.5435 39m41s/Msamples
       40800000    -85163.8064    -84406.3464      -757.4599 39m41s/Msamples
       40900000    -85095.4609    -84341.2056      -754.2552 39m41s/Msamples
       41000000    -85065.8847    -84360.0813      -705.8034 39m41s/Msamples
       41100000    -85065.1493    -84342.9090      -722.2402 39m41s/Msamples
       41200000    -85092.9731    -84352.0355      -740.9376 39m41s/Msamples
       41300000    -85133.7243    -84379.7906      -753.9337 39m41s/Msamples
       41400000    -85102.6388    -84345.3729      -757.2659 39m41s/Msamples
       41500000    -85090.6684    -84366.5634      -724.1049 39m41s/Msamples
       41600000    -85136.7759    -84363.9578      -772.8181 39m41s/Msamples
       41700000    -85078.1124    -84347.2266      -730.8857 39m41s/Msamples
       41800000    -85127.8549    -84357.9940      -769.8609 39m41s/Msamples
       41900000    -85127.6614    -84335.4995      -792.1619 39m41s/Msamples
       42000000    -85166.2015    -84375.9547      -790.2467 39m41s/Msamples
       42100000    -85155.7043    -84379.4724      -776.2319 39m41s/Msamples
       42200000    -85131.0899    -84351.9447      -779.1451 39m41s/Msamples
       42300000    -85156.9106    -84351.7024      -805.2082 39m41s/Msamples
       42400000    -85126.3921    -84362.9395      -763.4525 39m41s/Msamples
       42500000    -85174.8803    -84356.0960      -818.7842 39m41s/Msamples
       42600000    -85150.8879    -84337.7007      -813.1872 39m41s/Msamples
       42700000    -85220.6524    -84379.8410      -840.8114 39m41s/Msamples
       42800000    -85150.1394    -84323.8476      -826.2918 39m41s/Msamples
       42900000    -85064.7019    -84347.4415      -717.2603 39m41s/Msamples
       43000000    -85122.8702    -84377.0442      -745.8259 39m41s/Msamples
       43100000    -85075.2764    -84341.5513      -733.7250 39m41s/Msamples
       43200000    -85100.4730    -84368.9472      -731.5257 39m41s/Msamples
       43300000    -85132.1749    -84358.8997      -773.2751 39m41s/Msamples
       43400000    -85066.9057    -84341.2054      -725.7002 39m41s/Msamples
       43500000    -85068.3169    -84354.1191      -714.1978 39m41s/Msamples
       43600000    -85112.5346    -84345.1868      -767.3477 39m41s/Msamples
       43700000    -85085.7259    -84359.3850      -726.3408 39m41s/Msamples
       43800000    -85111.4798    -84333.8205      -777.6592 39m41s/Msamples
       43900000    -85125.5092    -84327.9606      -797.5485 39m41s/Msamples
       44000000    -85083.5993    -84329.3876      -754.2117 39m41s/Msamples
       44100000    -85118.0538    -84373.1806      -744.8731 39m41s/Msamples
       44200000    -85107.6419    -84353.0679      -754.5739 39m41s/Msamples
       44300000    -85098.3120    -84334.3463      -763.9656 39m41s/Msamples
       44400000    -85142.5617    -84375.6358      -766.9258 39m41s/Msamples
       44500000    -85088.6473    -84347.5723      -741.0750 39m41s/Msamples
       44600000    -85146.9703    -84355.7595      -791.2108 39m40s/Msamples
       44700000    -85153.8482    -84384.7703      -769.0778 39m40s/Msamples
       44800000    -85140.2810    -84344.9027      -795.3783 39m40s/Msamples
       44900000    -85110.8200    -84331.5151      -779.3049 39m40s/Msamples
       45000000    -85110.6381    -84364.0481      -746.5900 39m41s/Msamples
       45100000    -85110.0322    -84364.5326      -745.4996 39m41s/Msamples
       45200000    -85084.6594    -84345.2412      -739.4182 39m41s/Msamples
       45300000    -85079.7396    -84336.7618      -742.9778 39m40s/Msamples
       45400000    -85085.0868    -84338.7781      -746.3087 39m41s/Msamples
       45500000    -85091.2808    -84332.7229      -758.5578 39m41s/Msamples
       45600000    -85125.2125    -84348.8793      -776.3332 39m41s/Msamples
       45700000    -85107.1034    -84355.9723      -751.1311 39m41s/Msamples
       45800000    -85071.7382    -84340.5753      -731.1628 39m41s/Msamples
       45900000    -85075.4681    -84337.3655      -738.1025 39m41s/Msamples
       46000000    -85102.3825    -84352.0302      -750.3522 39m41s/Msamples
       46100000    -85126.1524    -84370.4490      -755.7033 39m41s/Msamples
       46200000    -85116.9012    -84332.6137      -784.2875 39m41s/Msamples
       46300000    -85160.5709    -84361.0569      -799.5139 39m41s/Msamples
       46400000    -85067.6886    -84326.0502      -741.6384 39m41s/Msamples
       46500000    -85070.3959    -84347.4979      -722.8979 39m41s/Msamples
       46600000    -85166.0709    -84377.3292      -788.7416 39m41s/Msamples
       46700000    -85120.3693    -84335.7383      -784.6310 39m41s/Msamples
       46800000    -85063.3541    -84328.9199      -734.4342 39m41s/Msamples
       46900000    -85146.0566    -84377.0412      -769.0154 39m42s/Msamples
       47000000    -85108.4015    -84333.1062      -775.2953 39m42s/Msamples
       47100000    -85052.9462    -84313.2555      -739.6906 39m42s/Msamples
       47200000    -85086.2631    -84344.3282      -741.9348 39m42s/Msamples
       47300000    -85137.1830    -84322.4984      -814.6846 39m42s/Msamples
       47400000    -85135.5770    -84359.1555      -776.4214 39m42s/Msamples
       47500000    -85147.4387    -84353.3562      -794.0824 39m42s/Msamples
       47600000    -85180.8982    -84385.1586      -795.7396 39m42s/Msamples
       47700000    -85179.7061    -84374.9899      -804.7162 39m43s/Msamples
       47800000    -85113.4947    -84326.0275      -787.4671 39m43s/Msamples
       47900000    -85144.2784    -84374.2942      -769.9841 39m43s/Msamples
       48000000    -85161.5460    -84361.0990      -800.4469 39m43s/Msamples
       48100000    -85127.4328    -84338.7656      -788.6672 39m43s/Msamples
       48200000    -85152.7108    -84367.2579      -785.4528 39m43s/Msamples
       48300000    -85141.4794    -84360.0714      -781.4079 39m43s/Msamples
       48400000    -85085.1859    -84347.4984      -737.6874 39m43s/Msamples
       48500000    -85126.6810    -84342.9676      -783.7134 39m43s/Msamples
       48600000    -85094.9011    -84367.5683      -727.3327 39m43s/Msamples
       48700000    -85150.5164    -84364.6091      -785.9073 39m43s/Msamples
       48800000    -85166.6776    -84362.4400      -804.2376 39m43s/Msamples
       48900000    -85164.3039    -84368.9144      -795.3895 39m43s/Msamples
       49000000    -85132.4402    -84391.3130      -741.1271 39m44s/Msamples
       49100000    -85091.8468    -84354.7914      -737.0554 39m44s/Msamples
       49200000    -85118.3220    -84371.7413      -746.5807 39m44s/Msamples
       49300000    -85062.8879    -84370.1473      -692.7405 39m44s/Msamples
       49400000    -85026.9847    -84343.4388      -683.5459 39m44s/Msamples
       49500000    -84972.2995    -84316.1592      -656.1403 39m44s/Msamples
       49600000    -85075.3149    -84323.4451      -751.8697 39m44s/Msamples
       49700000    -85084.9837    -84358.2241      -726.7595 39m45s/Msamples
       49800000    -85131.7765    -84348.2504      -783.5261 39m45s/Msamples
       49900000    -85127.0449    -84350.4077      -776.6372 39m45s/Msamples
       50000000    -85145.8839    -84378.0347      -767.8492 39m45s/Msamples
       50100000    -85121.8309    -84359.1080      -762.7229 39m45s/Msamples
       50200000    -85095.5624    -84355.9759      -739.5865 39m45s/Msamples
       50300000    -85046.4995    -84357.3800      -689.1195 39m45s/Msamples
       50400000    -85129.6633    -84376.0456      -753.6176 39m46s/Msamples
       50500000    -85082.1177    -84353.9123      -728.2054 39m46s/Msamples
       50600000    -85080.3057    -84315.6263      -764.6793 39m46s/Msamples
       50700000    -85139.9031    -84354.0684      -785.8346 39m46s/Msamples
       50800000    -85126.7569    -84373.6382      -753.1186 39m46s/Msamples
       50900000    -85059.7837    -84367.2717      -692.5119 39m46s/Msamples
       51000000    -85088.8877    -84367.7586      -721.1291 39m46s/Msamples
       51100000    -85124.8101    -84372.6862      -752.1239 39m46s/Msamples
       51200000    -85152.7120    -84376.5448      -776.1672 39m46s/Msamples
       51300000    -85139.3632    -84365.5600      -773.8031 39m46s/Msamples
       51400000    -85109.3400    -84345.5011      -763.8389 39m46s/Msamples
       51500000    -85130.5405    -84372.4217      -758.1187 39m46s/Msamples
       51600000    -85161.7122    -84360.6693      -801.0428 39m47s/Msamples
       51700000    -85135.1797    -84368.4808      -766.6988 39m47s/Msamples
       51800000    -85135.4258    -84361.7500      -773.6758 39m47s/Msamples
       51900000    -85135.3628    -84347.2000      -788.1628 39m47s/Msamples
       52000000    -85072.7679    -84325.3921      -747.3758 39m47s/Msamples
       52100000    -85069.0247    -84341.5152      -727.5095 39m47s/Msamples
       52200000    -85090.0731    -84342.7791      -747.2940 39m48s/Msamples
       52300000    -85124.1471    -84349.3538      -774.7933 39m48s/Msamples
       52400000    -85094.4529    -84332.3769      -762.0759 39m48s/Msamples
       52500000    -85193.2327    -84395.1208      -798.1119 39m48s/Msamples
       52600000    -85178.1345    -84367.3261      -810.8083 39m49s/Msamples
       52700000    -85089.0608    -84330.4713      -758.5895 39m49s/Msamples
       52800000    -85097.6155    -84339.0325      -758.5829 39m49s/Msamples
       52900000    -85079.8229    -84338.1346      -741.6882 39m49s/Msamples
       53000000    -85066.8834    -84337.0534      -729.8299 39m49s/Msamples
       53100000    -85097.6353    -84363.5432      -734.0921 39m50s/Msamples
       53200000    -85101.8303    -84375.7497      -726.0805 39m50s/Msamples
       53300000    -85120.6713    -84356.9680      -763.7032 39m50s/Msamples
       53400000    -85120.8279    -84357.4445      -763.3833 39m50s/Msamples
       53500000    -85026.1066    -84345.1312      -680.9753 39m50s/Msamples
       53600000    -85078.3962    -84324.6255      -753.7706 39m51s/Msamples
       53700000    -85115.8177    -84370.6295      -745.1882 39m51s/Msamples
       53800000    -85136.4844    -84358.6547      -777.8296 39m52s/Msamples
       53900000    -85116.5961    -84344.2194      -772.3766 39m51s/Msamples
       54000000    -85131.1345    -84334.2127      -796.9218 39m51s/Msamples
       54100000    -85115.6661    -84353.6884      -761.9776 39m51s/Msamples
       54200000    -85122.2337    -84353.1516      -769.0821 39m51s/Msamples
       54300000    -85155.4563    -84372.9604      -782.4958 39m51s/Msamples
       54400000    -85170.3028    -84348.1335      -822.1693 39m51s/Msamples
       54500000    -85124.2051    -84357.0279      -767.1772 39m51s/Msamples
       54600000    -85120.9151    -84343.2825      -777.6326 39m51s/Msamples
       54700000    -85118.8333    -84382.6003      -736.2330 39m51s/Msamples
       54800000    -85106.4005    -84355.6957      -750.7048 39m51s/Msamples
       54900000    -85139.0481    -84364.9968      -774.0513 39m51s/Msamples
       55000000    -85162.3594    -84382.1220      -780.2373 39m51s/Msamples
       55100000    -85066.4017    -84327.4709      -738.9307 39m51s/Msamples
       55200000    -85174.7515    -84367.6540      -807.0975 39m51s/Msamples
       55300000    -85169.9832    -84368.1825      -801.8007 39m51s/Msamples
       55400000    -85166.6712    -84351.1220      -815.5492 39m51s/Msamples
       55500000    -85118.5493    -84360.0672      -758.4821 39m51s/Msamples
       55600000    -85130.1204    -84376.0441      -754.0763 39m51s/Msamples
       55700000    -85086.7107    -84354.4745      -732.2361 39m51s/Msamples
       55800000    -85142.7207    -84386.4601      -756.2606 39m51s/Msamples
       55900000    -85118.0627    -84345.0486      -773.0141 39m51s/Msamples
       56000000    -85167.3969    -84362.1442      -805.2527 39m51s/Msamples
       56100000    -85100.3419    -84358.3542      -741.9877 39m51s/Msamples
       56200000    -85076.4325    -84361.3468      -715.0856 39m51s/Msamples
       56300000    -85116.5533    -84377.8424      -738.7108 39m51s/Msamples
       56400000    -85088.5310    -84369.1481      -719.3828 39m51s/Msamples
       56500000    -85071.1275    -84338.0970      -733.0305 39m51s/Msamples
       56600000    -85017.3537    -84351.8363      -665.5174 39m51s/Msamples
       56700000    -84992.1546    -84353.1176      -639.0369 39m51s/Msamples
       56800000    -85061.9153    -84336.1551      -725.7601 39m51s/Msamples
       56900000    -85097.7328    -84343.4539      -754.2789 39m50s/Msamples
       57000000    -85136.1966    -84398.5903      -737.6063 39m50s/Msamples
       57100000    -85120.1908    -84365.3215      -754.8692 39m50s/Msamples
       57200000    -85125.0800    -84367.9214      -757.1585 39m50s/Msamples
       57300000    -85081.6664    -84340.2558      -741.4106 39m50s/Msamples
       57400000    -85118.1026    -84371.9493      -746.1532 39m50s/Msamples
       57500000    -85037.9994    -84347.4010      -690.5984 39m50s/Msamples
       57600000    -85108.1924    -84353.5087      -754.6836 39m50s/Msamples
       57700000    -85144.2598    -84379.6150      -764.6447 39m50s/Msamples
       57800000    -85144.8547    -84388.1122      -756.7425 39m50s/Msamples
       57900000    -85115.1864    -84366.5748      -748.6115 39m50s/Msamples
       58000000    -85155.8301    -84362.5581      -793.2719 39m50s/Msamples
       58100000    -85108.3777    -84330.2444      -778.1333 39m50s/Msamples
       58200000    -85135.9655    -84355.9785      -779.9869 39m50s/Msamples
       58300000    -85123.1393    -84350.6687      -772.4706 39m50s/Msamples
       58400000    -85136.2284    -84372.8598      -763.3685 39m50s/Msamples
       58500000    -85108.2880    -84330.8008      -777.4872 39m50s/Msamples
       58600000    -85168.0139    -84371.0334      -796.9804 39m50s/Msamples
       58700000    -85096.9452    -84324.3966      -772.5486 39m50s/Msamples
       58800000    -85163.0907    -84383.8529      -779.2377 39m50s/Msamples
       58900000    -85101.1191    -84368.5725      -732.5466 39m50s/Msamples
       59000000    -85073.1404    -84326.2213      -746.9190 39m50s/Msamples
       59100000    -85121.4883    -84360.1715      -761.3167 39m49s/Msamples
       59200000    -85086.0516    -84363.5298      -722.5218 39m49s/Msamples
       59300000    -85122.7084    -84359.5292      -763.1792 39m49s/Msamples
       59400000    -85123.8087    -84362.8950      -760.9137 39m49s/Msamples
       59500000    -85056.4253    -84325.8647      -730.5605 39m49s/Msamples
       59600000    -85164.4673    -84369.6661      -794.8012 39m49s/Msamples
       59700000    -85120.6219    -84363.6873      -756.9345 39m49s/Msamples
       59800000    -85073.3366    -84343.3526      -729.9839 39m49s/Msamples
       59900000    -85022.2574    -84335.4132      -686.8441 39m49s/Msamples
       60000000    -85029.7784    -84375.8739      -653.9045 39m49s/Msamples
       60100000    -85067.4757    -84325.2876      -742.1881 39m49s/Msamples
       60200000    -85138.6992    -84351.5284      -787.1708 39m49s/Msamples
       60300000    -85109.9567    -84366.6609      -743.2957 39m49s/Msamples
       60400000    -85137.4898    -84374.1306      -763.3592 39m49s/Msamples
       60500000    -85136.1852    -84350.5201      -785.6651 39m49s/Msamples
       60600000    -85162.0393    -84362.5681      -799.4712 39m49s/Msamples
       60700000    -85131.9973    -84351.3549      -780.6424 39m49s/Msamples
       60800000    -85138.0569    -84365.1574      -772.8994 39m49s/Msamples
       60900000    -85069.0202    -84350.2779      -718.7422 39m50s/Msamples
       61000000    -85088.6175    -84357.4236      -731.1938 39m50s/Msamples
       61100000    -85099.7588    -84347.3341      -752.4247 39m50s/Msamples
       61200000    -85110.4017    -84342.5127      -767.8890 39m50s/Msamples
       61300000    -85116.3005    -84358.4695      -757.8310 39m50s/Msamples
       61400000    -85167.1307    -84364.3348      -802.7958 39m50s/Msamples
       61500000    -85144.7601    -84354.8338      -789.9262 39m50s/Msamples
       61600000    -85139.9393    -84375.6655      -764.2738 39m50s/Msamples
       61700000    -85176.3631    -84411.8267      -764.5363 39m49s/Msamples
       61800000    -85164.2166    -84362.8809      -801.3356 39m49s/Msamples
       61900000    -85121.7964    -84357.3341      -764.4623 39m49s/Msamples
       62000000    -85144.3018    -84375.8369      -768.4649 39m50s/Msamples
       62100000    -85116.2225    -84341.1661      -775.0564 39m50s/Msamples
       62200000    -85061.7610    -84333.5040      -728.2570 39m49s/Msamples
       62300000    -85169.5003    -84370.4001      -799.1002 39m49s/Msamples
       62400000    -85167.9396    -84368.7428      -799.1968 39m49s/Msamples
       62500000    -85065.2629    -84361.9683      -703.2945 39m50s/Msamples
       62600000    -85104.7673    -84371.7068      -733.0604 39m50s/Msamples
       62700000    -85087.9272    -84363.8094      -724.1177 39m50s/Msamples
       62800000    -85099.2838    -84327.8530      -771.4308 39m50s/Msamples
       62900000    -85076.4730    -84335.9229      -740.5501 39m50s/Msamples
       63000000    -85061.9064    -84346.4940      -715.4124 39m50s/Msamples
       63100000    -85036.8993    -84318.5522      -718.3471 39m50s/Msamples
       63200000    -85035.3730    -84317.1926      -718.1804 39m50s/Msamples
       63300000    -85030.4600    -84349.7314      -680.7285 39m50s/Msamples
       63400000    -85043.9048    -84332.5562      -711.3485 39m50s/Msamples
       63500000    -85083.0998    -84383.0611      -700.0386 39m50s/Msamples
       63600000    -85054.0701    -84352.2074      -701.8627 39m50s/Msamples
       63700000    -85074.6719    -84336.9625      -737.7093 39m50s/Msamples
       63800000    -85125.3100    -84342.2063      -783.1036 39m50s/Msamples
       63900000    -85149.7191    -84380.2311      -769.4879 39m50s/Msamples
       64000000    -85111.4517    -84336.7285      -774.7231 39m50s/Msamples
       64100000    -85061.6484    -84311.3280      -750.3204 39m50s/Msamples
       64200000    -85116.1987    -84351.4186      -764.7800 39m50s/Msamples
       64300000    -85116.5796    -84343.0160      -773.5635 39m50s/Msamples
       64400000    -85067.1286    -84329.6987      -737.4299 39m50s/Msamples
       64500000    -85115.3859    -84359.2134      -756.1724 39m50s/Msamples
       64600000    -85178.6865    -84382.4965      -796.1899 39m50s/Msamples
       64700000    -85108.5206    -84336.4291      -772.0915 39m50s/Msamples
       64800000    -85133.2385    -84341.2168      -792.0217 39m50s/Msamples
       64900000    -85117.1425    -84310.4978      -806.6447 39m50s/Msamples
       65000000    -85122.7122    -84355.2687      -767.4435 39m50s/Msamples
       65100000    -85117.1114    -84361.8144      -755.2969 39m50s/Msamples
       65200000    -85123.1646    -84374.8535      -748.3110 39m50s/Msamples
       65300000    -85085.2413    -84337.5850      -747.6563 39m50s/Msamples
       65400000    -85117.4282    -84375.8973      -741.5308 39m50s/Msamples
       65500000    -85121.5096    -84329.5709      -791.9387 39m50s/Msamples
       65600000    -85059.0622    -84321.7212      -737.3409 39m50s/Msamples
       65700000    -85122.2626    -84379.1149      -743.1476 39m50s/Msamples
       65800000    -85094.4300    -84347.5849      -746.8451 39m50s/Msamples
       65900000    -85104.7958    -84353.7227      -751.0730 39m50s/Msamples
       66000000    -85097.7266    -84352.3497      -745.3769 39m50s/Msamples
       66100000    -85114.2765    -84340.4352      -773.8412 39m50s/Msamples
       66200000    -85083.2580    -84311.9227      -771.3353 39m50s/Msamples
       66300000    -85181.9988    -84402.1062      -779.8926 39m50s/Msamples
       66400000    -85202.4772    -84363.3786      -839.0985 39m50s/Msamples
       66500000    -85124.3202    -84336.4679      -787.8523 39m50s/Msamples
       66600000    -85127.3219    -84368.0256      -759.2963 39m50s/Msamples
       66700000    -85107.7394    -84350.9684      -756.7709 39m50s/Msamples
       66800000    -85112.7880    -84365.9978      -746.7901 39m50s/Msamples
       66900000    -85110.1923    -84338.3685      -771.8237 39m50s/Msamples
       67000000    -85126.4411    -84350.3597      -776.0813 39m50s/Msamples
       67100000    -85072.8261    -84322.2895      -750.5365 39m50s/Msamples
       67200000    -85103.4071    -84352.3457      -751.0614 39m50s/Msamples
       67300000    -85085.9735    -84365.6702      -720.3032 39m50s/Msamples
       67400000    -85079.6022    -84351.9696      -727.6325 39m50s/Msamples
       67500000    -85099.8008    -84345.8986      -753.9022 39m50s/Msamples
       67600000    -85154.4774    -84392.3166      -762.1608 39m50s/Msamples
       67700000    -85138.0992    -84357.6080      -780.4912 39m50s/Msamples
       67800000    -85110.1500    -84343.7523      -766.3977 39m50s/Msamples
       67900000    -85090.4644    -84368.4855      -721.9788 39m50s/Msamples
       68000000    -85109.3293    -84355.8155      -753.5138 39m50s/Msamples
       68100000    -85182.5295    -84380.9088      -801.6207 39m50s/Msamples
       68200000    -85095.2015    -84361.9371      -733.2644 39m50s/Msamples
       68300000    -85175.2286    -84383.5654      -791.6632 39m51s/Msamples
       68400000    -85172.3594    -84351.2601      -821.0992 39m51s/Msamples
       68500000    -85118.1800    -84345.3777      -772.8022 39m51s/Msamples
       68600000    -85069.0127    -84365.0285      -703.9842 39m51s/Msamples
       68700000    -85080.0186    -84338.7521      -741.2665 39m51s/Msamples
       68800000    -85107.0075    -84335.4438      -771.5637 39m51s/Msamples
       68900000    -85099.2719    -84352.3104      -746.9614 39m51s/Msamples
       69000000    -85143.8886    -84371.1205      -772.7681 39m51s/Msamples
       69100000    -85164.9620    -84363.1518      -801.8101 39m51s/Msamples
       69200000    -85116.1200    -84343.0255      -773.0944 39m51s/Msamples
       69300000    -85109.6288    -84324.5348      -785.0939 39m51s/Msamples
       69400000    -85129.8368    -84353.8499      -775.9869 39m51s/Msamples
       69500000    -85120.9714    -84344.5173      -776.4541 39m51s/Msamples
       69600000    -85118.5007    -84374.5542      -743.9465 39m51s/Msamples
       69700000    -85114.3499    -84359.4198      -754.9300 39m52s/Msamples
       69800000    -85109.8148    -84356.4080      -753.4068 39m52s/Msamples
       69900000    -85027.9746    -84325.8315      -702.1430 39m52s/Msamples
       70000000    -85122.4338    -84357.1777      -765.2560 39m52s/Msamples
       70100000    -85074.5267    -84330.2103      -744.3164 39m52s/Msamples
       70200000    -85138.2169    -84334.6314      -803.5854 39m52s/Msamples
       70300000    -85109.6466    -84356.5084      -753.1382 39m53s/Msamples
       70400000    -85080.7362    -84352.8956      -727.8405 39m53s/Msamples
       70500000    -85103.7974    -84350.7937      -753.0037 39m53s/Msamples
       70600000    -85079.8757    -84344.7580      -735.1176 39m53s/Msamples
       70700000    -85060.5207    -84319.3287      -741.1920 39m53s/Msamples
       70800000    -85122.9853    -84343.4281      -779.5572 39m54s/Msamples
       70900000    -85141.1774    -84354.3833      -786.7941 39m54s/Msamples
       71000000    -85118.6588    -84376.7289      -741.9298 39m54s/Msamples
       71100000    -85108.5068    -84348.7320      -759.7748 39m54s/Msamples
       71200000    -85092.9595    -84338.8004      -754.1590 39m54s/Msamples
       71300000    -85148.9526    -84378.9429      -770.0096 39m55s/Msamples
       71400000    -85072.7682    -84347.5426      -725.2255 39m55s/Msamples
       71500000    -85125.1625    -84364.3255      -760.8369 39m55s/Msamples
       71600000    -85044.2822    -84328.6361      -715.6461 39m55s/Msamples
       71700000    -85057.4125    -84334.3323      -723.0802 39m56s/Msamples
       71800000    -85103.3399    -84349.2001      -754.1398 39m56s/Msamples
       71900000    -85098.0744    -84334.2914      -763.7830 39m56s/Msamples
       72000000    -85084.9731    -84340.0950      -744.8781 39m56s/Msamples
       72100000    -85116.5684    -84389.5691      -726.9992 39m56s/Msamples
       72200000    -85055.1852    -84361.7528      -693.4324 39m56s/Msamples
       72300000    -85062.0952    -84357.9009      -704.1943 39m56s/Msamples
       72400000    -85109.1336    -84327.7596      -781.3740 39m56s/Msamples
       72500000    -85090.5251    -84326.9437      -763.5813 39m56s/Msamples
       72600000    -85066.7205    -84336.1744      -730.5461 39m56s/Msamples
       72700000    -85091.2408    -84315.7771      -775.4636 39m55s/Msamples
       72800000    -85082.1864    -84341.8317      -740.3546 39m55s/Msamples
       72900000    -85114.4450    -84379.6467      -734.7983 39m55s/Msamples
       73000000    -85155.3862    -84382.2431      -773.1431 39m55s/Msamples
       73100000    -85159.2056    -84374.6058      -784.5998 39m55s/Msamples
       73200000    -85118.4946    -84355.5763      -762.9183 39m55s/Msamples
       73300000    -85138.7796    -84394.4851      -744.2945 39m55s/Msamples
       73400000    -85065.4804    -84319.4801      -746.0002 39m55s/Msamples
       73500000    -85142.2523    -84357.0443      -785.2079 39m55s/Msamples
       73600000    -85109.0087    -84342.1772      -766.8314 39m55s/Msamples
       73700000    -85114.6630    -84350.4490      -764.2139 39m55s/Msamples
       73800000    -85108.5194    -84345.8722      -762.6471 39m55s/Msamples
       73900000    -85100.7205    -84332.0565      -768.6640 39m55s/Msamples
       74000000    -85113.6934    -84353.5580      -760.1354 39m55s/Msamples
       74100000    -85118.3591    -84371.9705      -746.3885 39m55s/Msamples
       74200000    -85072.9051    -84358.7350      -714.1700 39m55s/Msamples
       74300000    -85081.2412    -84344.1592      -737.0820 39m54s/Msamples
       74400000    -85167.9040    -84386.9430      -780.9609 39m54s/Msamples
       74500000    -85162.2763    -84346.3997      -815.8766 39m54s/Msamples
       74600000    -85197.6131    -84366.1309      -831.4822 39m54s/Msamples
       74700000    -85105.2950    -84357.5152      -747.7798 39m54s/Msamples
       74800000    -85109.6812    -84377.1173      -732.5639 39m54s/Msamples
       74900000    -85115.3318    -84347.0663      -768.2654 39m54s/Msamples
       75000000    -85137.5051    -84390.8327      -746.6723 39m54s/Msamples
       75100000    -85082.3353    -84355.4920      -726.8432 39m54s/Msamples
       75200000    -85062.8410    -84336.3823      -726.4587 39m54s/Msamples
       75300000    -85094.4807    -84349.4552      -745.0255 39m54s/Msamples
       75400000    -85105.2361    -84335.7911      -769.4450 39m54s/Msamples
       75500000    -85115.4583    -84324.4337      -791.0246 39m54s/Msamples
       75600000    -85092.8966    -84381.6900      -711.2066 39m54s/Msamples
       75700000    -85102.9567    -84318.4270      -784.5296 39m54s/Msamples
       75800000    -85108.4966    -84340.7516      -767.7449 39m54s/Msamples
       75900000    -85045.4131    -84360.7665      -684.6465 39m54s/Msamples
       76000000    -85027.2155    -84335.2006      -692.0148 39m54s/Msamples
       76100000    -85083.4340    -84351.2428      -732.1911 39m53s/Msamples
       76200000    -85136.3448    -84350.9439      -785.4008 39m53s/Msamples
       76300000    -85140.4037    -84359.6435      -780.7601 39m53s/Msamples
       76400000    -85083.0770    -84357.4702      -725.6068 39m53s/Msamples
       76500000    -85057.6083    -84356.3704      -701.2379 39m53s/Msamples
       76600000    -85113.5700    -84382.6119      -730.9580 39m53s/Msamples
       76700000    -85127.7694    -84363.3267      -764.4426 39m53s/Msamples
       76800000    -85060.1547    -84333.0250      -727.1296 39m53s/Msamples
       76900000    -85148.3421    -84393.4095      -754.9326 39m53s/Msamples
       77000000    -85098.4802    -84364.6591      -733.8210 39m53s/Msamples
       77100000    -85130.4520    -84366.8502      -763.6017 39m53s/Msamples
       77200000    -85129.7788    -84399.7991      -729.9797 39m53s/Msamples
       77300000    -85110.5248    -84361.1139      -749.4108 39m53s/Msamples
       77400000    -85080.7179    -84337.8672      -742.8507 39m53s/Msamples
       77500000    -85131.4439    -84360.7722      -770.6717 39m53s/Msamples
       77600000    -85116.8436    -84358.3263      -758.5173 39m53s/Msamples
       77700000    -85112.7393    -84363.6414      -749.0979 39m53s/Msamples
       77800000    -85147.0452    -84383.0283      -764.0169 39m53s/Msamples
       77900000    -85109.1837    -84334.9721      -774.2116 39m53s/Msamples
       78000000    -85085.7705    -84332.9221      -752.8483 39m53s/Msamples
       78100000    -85091.3504    -84342.5495      -748.8009 39m53s/Msamples
       78200000    -85137.4734    -84376.5127      -760.9606 39m53s/Msamples
       78300000    -85129.7125    -84369.7280      -759.9844 39m53s/Msamples
       78400000    -85145.8920    -84388.0449      -757.8470 39m52s/Msamples
       78500000    -85142.6143    -84374.9839      -767.6304 39m52s/Msamples
       78600000    -85109.6408    -84362.8288      -746.8119 39m52s/Msamples
       78700000    -85087.1845    -84310.2466      -776.9378 39m52s/Msamples
       78800000    -85087.8305    -84358.3951      -729.4354 39m52s/Msamples
       78900000    -85147.9697    -84360.5585      -787.4111 39m52s/Msamples
       79000000    -85158.8062    -84360.8093      -797.9968 39m52s/Msamples
       79100000    -85139.1385    -84347.1160      -792.0225 39m52s/Msamples
       79200000    -85155.6263    -84363.1847      -792.4416 39m52s/Msamples
       79300000    -85120.2181    -84331.6177      -788.6004 39m52s/Msamples
       79400000    -85146.3102    -84387.6159      -758.6942 39m52s/Msamples
       79500000    -85180.9422    -84377.0731      -803.8690 39m52s/Msamples
       79600000    -85088.6492    -84337.4348      -751.2143 39m52s/Msamples
       79700000    -85171.6502    -84388.9513      -782.6988 39m52s/Msamples
       79800000    -85161.9918    -84373.3558      -788.6359 39m52s/Msamples
       79900000    -85121.6522    -84383.0894      -738.5627 39m52s/Msamples
       80000000    -85106.2533    -84349.0349      -757.2184 39m52s/Msamples
       80100000    -85151.0941    -84350.0881      -801.0059 39m52s/Msamples
       80200000    -85128.6999    -84380.4235      -748.2763 39m52s/Msamples
       80300000    -85103.2492    -84351.2809      -751.9683 39m52s/Msamples
       80400000    -85130.3147    -84393.6417      -736.6729 39m52s/Msamples
       80500000    -85097.1529    -84379.6686      -717.4843 39m52s/Msamples
       80600000    -85088.0013    -84356.2024      -731.7989 39m52s/Msamples
       80700000    -85143.1752    -84355.6674      -787.5077 39m52s/Msamples
       80800000    -85153.2816    -84354.0535      -799.2280 39m52s/Msamples
       80900000    -85150.2992    -84352.4814      -797.8177 39m52s/Msamples
       81000000    -85150.0833    -84368.2302      -781.8530 39m52s/Msamples
       81100000    -85144.3359    -84370.2153      -774.1206 39m52s/Msamples
       81200000    -85108.0431    -84359.0306      -749.0124 39m52s/Msamples
       81300000    -85152.1740    -84370.0806      -782.0933 39m52s/Msamples
       81400000    -85144.9907    -84338.7968      -806.1939 39m52s/Msamples
       81500000    -85113.9942    -84374.2926      -739.7016 39m52s/Msamples
       81600000    -85114.3219    -84353.2670      -761.0548 39m52s/Msamples
       81700000    -85101.1013    -84374.4134      -726.6878 39m52s/Msamples
       81800000    -85125.5884    -84375.2581      -750.3303 39m52s/Msamples
       81900000    -85134.5617    -84357.4449      -777.1167 39m52s/Msamples
       82000000    -85106.1471    -84344.2284      -761.9187 39m52s/Msamples
       82100000    -85105.6786    -84346.4399      -759.2387 39m52s/Msamples
       82200000    -85132.6524    -84368.8979      -763.7545 39m52s/Msamples
       82300000    -85121.3253    -84353.7719      -767.5534 39m52s/Msamples
       82400000    -85128.2363    -84377.2082      -751.0281 39m52s/Msamples
       82500000    -85123.0990    -84367.4215      -755.6775 39m52s/Msamples
       82600000    -85132.8281    -84343.0884      -789.7396 39m51s/Msamples
       82700000    -85140.5215    -84379.5515      -760.9700 39m52s/Msamples
       82800000    -85124.1019    -84367.7362      -756.3656 39m52s/Msamples
       82900000    -85083.7960    -84337.3511      -746.4449 39m52s/Msamples
       83000000    -85045.2469    -84330.6405      -714.6063 39m52s/Msamples
       83100000    -85131.4032    -84363.6583      -767.7449 39m52s/Msamples
       83200000    -85105.2255    -84376.3346      -728.8908 39m52s/Msamples
       83300000    -85079.3775    -84349.5038      -729.8736 39m52s/Msamples
       83400000    -85110.0322    -84347.8358      -762.1963 39m52s/Msamples
       83500000    -85058.3933    -84336.0277      -722.3655 39m52s/Msamples
       83600000    -85103.8744    -84371.3948      -732.4795 39m52s/Msamples
       83700000    -85074.5566    -84362.4525      -712.1040 39m52s/Msamples
       83800000    -85061.6336    -84333.2015      -728.4321 39m52s/Msamples
       83900000    -85060.3368    -84356.5595      -703.7772 39m52s/Msamples
       84000000    -85134.0963    -84363.6100      -770.4863 39m52s/Msamples
       84100000    -85087.5209    -84327.0707      -760.4501 39m52s/Msamples
       84200000    -85179.4106    -84369.1405      -810.2701 39m52s/Msamples
       84300000    -85132.6306    -84364.0733      -768.5573 39m52s/Msamples
       84400000    -85107.1348    -84353.1628      -753.9719 39m52s/Msamples
       84500000    -85137.0822    -84351.6919      -785.3902 39m52s/Msamples
       84600000    -85088.1056    -84336.5799      -751.5256 39m52s/Msamples
       84700000    -85151.1428    -84360.1328      -791.0099 39m52s/Msamples
       84800000    -85116.7443    -84352.7738      -763.9705 39m52s/Msamples
       84900000    -85179.1174    -84351.1150      -828.0023 39m52s/Msamples
       85000000    -85199.6219    -84356.2495      -843.3724 39m52s/Msamples
       85100000    -85108.1332    -84333.8410      -774.2922 39m52s/Msamples
       85200000    -85114.5634    -84335.4645      -779.0989 39m52s/Msamples
       85300000    -85129.3225    -84351.5649      -777.7576 39m52s/Msamples
       85400000    -85138.7584    -84381.1539      -757.6045 39m52s/Msamples
       85500000    -85140.6842    -84354.8261      -785.8580 39m52s/Msamples
       85600000    -85118.4109    -84369.0781      -749.3328 39m52s/Msamples
       85700000    -85091.8518    -84334.4104      -757.4414 39m52s/Msamples
       85800000    -85145.3335    -84345.6462      -799.6873 39m52s/Msamples
       85900000    -85092.9551    -84348.6764      -744.2786 39m52s/Msamples
       86000000    -85065.5584    -84327.1423      -738.4161 39m52s/Msamples
       86100000    -85092.6580    -84332.9981      -759.6599 39m52s/Msamples
       86200000    -85174.5606    -84378.1522      -796.4084 39m52s/Msamples
       86300000    -85135.9711    -84342.5131      -793.4579 39m52s/Msamples
       86400000    -85096.9721    -84361.2540      -735.7181 39m52s/Msamples
       86500000    -85108.3191    -84372.7814      -735.5376 39m52s/Msamples
       86600000    -85066.2746    -84327.7063      -738.5683 39m52s/Msamples
       86700000    -85132.8352    -84332.0306      -800.8046 39m52s/Msamples
       86800000    -85126.8243    -84326.0213      -800.8029 39m52s/Msamples
       86900000    -85123.0950    -84369.4957      -753.5993 39m52s/Msamples
       87000000    -85096.5379    -84340.1015      -756.4363 39m52s/Msamples
       87100000    -85079.9445    -84349.2707      -730.6737 39m52s/Msamples
       87200000    -85064.3449    -84338.7074      -725.6374 39m52s/Msamples
       87300000    -85063.5265    -84339.0939      -724.4325 39m52s/Msamples
       87400000    -85076.0350    -84332.3115      -743.7234 39m52s/Msamples
       87500000    -85113.9218    -84361.0595      -752.8623 39m52s/Msamples
       87600000    -85130.0267    -84341.8801      -788.1466 39m52s/Msamples
       87700000    -85104.7319    -84339.7501      -764.9817 39m52s/Msamples
       87800000    -85111.7509    -84353.4552      -758.2956 39m53s/Msamples
       87900000    -85153.9059    -84350.4888      -803.4171 39m53s/Msamples
       88000000    -85042.7645    -84302.8168      -739.9476 39m53s/Msamples
       88100000    -85100.8969    -84366.0407      -734.8562 39m53s/Msamples
       88200000    -85071.6858    -84347.9322      -723.7536 39m53s/Msamples
       88300000    -85090.2849    -84359.3000      -730.9849 39m53s/Msamples
       88400000    -85048.3510    -84346.5166      -701.8343 39m53s/Msamples
       88500000    -85131.6873    -84358.5460      -773.1413 39m53s/Msamples
       88600000    -85108.6641    -84351.9870      -756.6770 39m53s/Msamples
       88700000    -85108.1779    -84320.3377      -787.8401 39m54s/Msamples
       88800000    -85103.0193    -84337.7750      -765.2442 39m54s/Msamples
       88900000    -85131.6621    -84344.6118      -787.0502 39m54s/Msamples
       89000000    -85110.6229    -84349.0077      -761.6151 39m54s/Msamples
       89100000    -85089.0392    -84315.6988      -773.3404 39m54s/Msamples
       89200000    -85124.2472    -84335.6527      -788.5945 39m54s/Msamples
       89300000    -85078.2247    -84327.3686      -750.8561 39m54s/Msamples
       89400000    -85089.0282    -84361.9438      -727.0843 39m55s/Msamples
       89500000    -85132.2216    -84359.8432      -772.3784 39m55s/Msamples
       89600000    -85101.4910    -84351.7609      -749.7300 39m55s/Msamples
       89700000    -85101.3246    -84366.5657      -734.7588 39m55s/Msamples
       89800000    -85096.9394    -84343.4811      -753.4583 39m55s/Msamples
       89900000    -85109.3791    -84366.7149      -742.6642 39m55s/Msamples
       90000000    -85107.2297    -84350.7020      -756.5276 39m55s/Msamples
       90100000    -85091.3919    -84365.1193      -726.2725 39m55s/Msamples
       90200000    -85028.2325    -84342.3365      -685.8959 39m55s/Msamples
       90300000    -85092.0172    -84372.2591      -719.7581 39m55s/Msamples
       90400000    -85137.6915    -84335.6396      -802.0519 39m55s/Msamples
       90500000    -85109.2014    -84345.0597      -764.1416 39m55s/Msamples
       90600000    -85075.4316    -84341.7275      -733.7041 39m55s/Msamples
       90700000    -85098.0313    -84356.9520      -741.0792 39m55s/Msamples
       90800000    -85130.5964    -84349.2025      -781.3939 39m55s/Msamples
       90900000    -85115.9722    -84320.5069      -795.4652 39m55s/Msamples
       91000000    -85132.4561    -84377.2612      -755.1948 39m55s/Msamples
       91100000    -85184.6483    -84373.5606      -811.0876 39m55s/Msamples
       91200000    -85134.4362    -84353.7799      -780.6563 39m55s/Msamples
       91300000    -85173.2301    -84359.7721      -813.4579 39m54s/Msamples
       91400000    -85089.3576    -84349.1318      -740.2258 39m54s/Msamples
       91500000    -85151.1096    -84360.9083      -790.2013 39m54s/Msamples
       91600000    -85171.2330    -84386.6252      -784.6078 39m54s/Msamples
       91700000    -85072.0235    -84334.5274      -737.4960 39m54s/Msamples
       91800000    -85132.1031    -84388.2848      -743.8183 39m54s/Msamples
       91900000    -85107.7959    -84376.6618      -731.1340 39m54s/Msamples
       92000000    -85114.6513    -84374.0643      -740.5870 39m54s/Msamples
       92100000    -85101.9583    -84367.5120      -734.4463 39m54s/Msamples
       92200000    -85060.7551    -84348.6191      -712.1359 39m54s/Msamples
       92300000    -85060.5982    -84339.6670      -720.9311 39m54s/Msamples
       92400000    -85103.6693    -84370.8370      -732.8322 39m54s/Msamples
       92500000    -85106.6812    -84360.7863      -745.8949 39m54s/Msamples
       92600000    -85081.2269    -84339.2097      -742.0171 39m54s/Msamples
       92700000    -85090.8388    -84363.0394      -727.7993 39m54s/Msamples
       92800000    -85110.4787    -84364.2171      -746.2616 39m54s/Msamples
       92900000    -85188.4812    -84383.5421      -804.9391 39m54s/Msamples
       93000000    -85135.9906    -84343.3111      -792.6795 39m54s/Msamples
       93100000    -85116.7614    -84371.5959      -745.1654 39m54s/Msamples
       93200000    -85058.6639    -84340.3305      -718.3333 39m54s/Msamples
       93300000    -85088.6893    -84333.1831      -755.5061 39m54s/Msamples
       93400000    -85043.6046    -84367.6382      -675.9663 39m54s/Msamples
       93500000    -85083.1644    -84392.8399      -690.3245 39m54s/Msamples
       93600000    -85135.7344    -84386.3436      -749.3908 39m54s/Msamples
       93700000    -85154.9841    -84370.1002      -784.8839 39m53s/Msamples
       93800000    -85069.0061    -84318.6445      -750.3616 39m53s/Msamples
       93900000    -85066.5765    -84341.8117      -724.7648 39m53s/Msamples
       94000000    -85144.3349    -84379.1752      -765.1597 39m53s/Msamples
       94100000    -85171.9179    -84389.6405      -782.2773 39m53s/Msamples
       94200000    -85196.0416    -84374.4563      -821.5853 39m53s/Msamples
       94300000    -85109.9304    -84363.6394      -746.2909 39m53s/Msamples
       94400000    -85052.2204    -84345.5648      -706.6556 39m53s/Msamples
       94500000    -85052.5690    -84347.6827      -704.8862 39m53s/Msamples
       94600000    -85064.8350    -84325.4417      -739.3933 39m53s/Msamples
       94700000    -85072.0126    -84357.9278      -714.0847 39m53s/Msamples
       94800000    -85063.0647    -84306.5851      -756.4795 39m53s/Msamples
       94900000    -85152.3930    -84360.8494      -791.5436 39m53s/Msamples
       95000000    -85121.2299    -84375.5634      -745.6664 39m53s/Msamples
       95100000    -85165.5342    -84376.3967      -789.1374 39m53s/Msamples
       95200000    -85079.8460    -84334.6014      -745.2446 39m53s/Msamples
       95300000    -85179.4309    -84367.3950      -812.0359 39m53s/Msamples
       95400000    -85134.9137    -84359.5420      -775.3717 39m53s/Msamples
       95500000    -85147.1324    -84314.4637      -832.6686 39m53s/Msamples
       95600000    -85167.4917    -84341.1765      -826.3152 39m53s/Msamples
       95700000    -85195.1237    -84367.5945      -827.5291 39m53s/Msamples
       95800000    -85127.7881    -84340.3998      -787.3883 39m52s/Msamples
       95900000    -85134.2705    -84386.4101      -747.8603 39m52s/Msamples
       96000000    -85092.3989    -84370.4098      -721.9891 39m52s/Msamples
       96100000    -85143.8985    -84353.5406      -790.3579 39m52s/Msamples
       96200000    -85147.3194    -84357.5794      -789.7399 39m52s/Msamples
       96300000    -85054.0681    -84336.5856      -717.4824 39m52s/Msamples
       96400000    -85066.4153    -84348.0817      -718.3336 39m52s/Msamples
       96500000    -85116.9023    -84356.6852      -760.2170 39m52s/Msamples
       96600000    -85091.3379    -84330.0735      -761.2643 39m52s/Msamples
       96700000    -85099.7454    -84372.4427      -727.3026 39m52s/Msamples
       96800000    -85141.8413    -84381.6937      -760.1476 39m52s/Msamples
       96900000    -85153.3940    -84359.3402      -794.0537 39m52s/Msamples
       97000000    -85117.4211    -84370.2114      -747.2097 39m52s/Msamples
       97100000    -85020.1848    -84335.4806      -684.7042 39m52s/Msamples
       97200000    -85142.4828    -84341.9216      -800.5612 39m52s/Msamples
       97300000    -85120.3554    -84366.6441      -753.7112 39m52s/Msamples
       97400000    -85111.6023    -84358.7240      -752.8783 39m52s/Msamples
       97500000    -85067.1241    -84380.6138      -686.5102 39m52s/Msamples
       97600000    -85086.6867    -84372.4058      -714.2809 39m52s/Msamples
       97700000    -85053.2616    -84346.5023      -706.7592 39m52s/Msamples
       97800000    -85103.4518    -84380.6967      -722.7550 39m52s/Msamples
       97900000    -85147.4475    -84372.5805      -774.8669 39m52s/Msamples
       98000000    -85149.7558    -84359.0648      -790.6910 39m52s/Msamples
       98100000    -85088.1610    -84352.5606      -735.6003 39m52s/Msamples
       98200000    -85060.6328    -84351.2367      -709.3960 39m52s/Msamples
       98300000    -85124.7858    -84360.7601      -764.0256 39m52s/Msamples
       98400000    -85127.3419    -84337.4476      -789.8942 39m52s/Msamples
       98500000    -85131.8701    -84350.6067      -781.2633 39m52s/Msamples
       98600000    -85091.8742    -84372.3500      -719.5242 39m52s/Msamples
       98700000    -85090.3986    -84343.9778      -746.4208 39m52s/Msamples
       98800000    -85118.5541    -84385.5800      -732.9740 39m52s/Msamples
       98900000    -85103.8900    -84369.3728      -734.5172 39m52s/Msamples
       99000000    -85074.4043    -84329.9578      -744.4465 39m52s/Msamples
       99100000    -85151.8834    -84369.2589      -782.6245 39m52s/Msamples
       99200000    -85122.6779    -84358.4044      -764.2735 39m52s/Msamples
       99300000    -85113.7923    -84363.7709      -750.0214 39m52s/Msamples
       99400000    -85159.7077    -84349.0213      -810.6863 39m52s/Msamples
       99500000    -85078.9517    -84320.8485      -758.1031 39m51s/Msamples
       99600000    -85131.0421    -84324.9334      -806.1086 39m51s/Msamples
       99700000    -85145.4380    -84358.1562      -787.2817 39m51s/Msamples
       99800000    -85115.0024    -84364.2097      -750.7926 39m51s/Msamples
       99900000    -85036.9137    -84333.1006      -703.8130 39m51s/Msamples
      100000000    -85076.8514    -84340.7562      -736.0951 39m51s/Msamples
      100100000    -85081.9126    -84344.4665      -737.4460 39m51s/Msamples
      100200000    -85068.6967    -84352.6603      -716.0364 39m51s/Msamples
      100300000    -85089.8328    -84318.1737      -771.6590 39m51s/Msamples
      100400000    -85149.9801    -84376.6667      -773.3133 39m51s/Msamples
      100500000    -85104.4544    -84359.2145      -745.2398 39m51s/Msamples
      100600000    -85097.1923    -84392.2209      -704.9714 39m51s/Msamples
      100700000    -85082.8289    -84345.1239      -737.7049 39m51s/Msamples
      100800000    -85043.2359    -84358.4769      -684.7589 39m51s/Msamples
      100900000    -85028.4061    -84339.4227      -688.9834 39m51s/Msamples
      101000000    -85050.2763    -84342.1955      -708.0807 39m51s/Msamples
      101100000    -85083.1113    -84339.3621      -743.7492 39m51s/Msamples
      101200000    -85137.0539    -84340.4111      -796.6428 39m51s/Msamples
      101300000    -85138.6055    -84319.8602      -818.7453 39m51s/Msamples
      101400000    -85151.0246    -84353.1794      -797.8452 39m51s/Msamples
      101500000    -85170.8306    -84413.7154      -757.1151 39m51s/Msamples
      101600000    -85139.4880    -84352.5733      -786.9146 39m51s/Msamples
      101700000    -85116.7570    -84348.7944      -767.9625 39m51s/Msamples
      101800000    -85145.1156    -84376.5200      -768.5956 39m51s/Msamples
      101900000    -85131.9564    -84371.4088      -760.5476 39m51s/Msamples
      102000000    -85054.5595    -84345.4781      -709.0814 39m51s/Msamples
      102100000    -85116.0466    -84349.9882      -766.0584 39m51s/Msamples
      102200000    -85183.2431    -84335.6740      -847.5690 39m51s/Msamples
      102300000    -85110.4840    -84338.0614      -772.4226 39m51s/Msamples
      102400000    -85114.1049    -84341.3777      -772.7272 39m51s/Msamples
      102500000    -85082.0613    -84365.6654      -716.3959 39m51s/Msamples
      102600000    -85103.6845    -84332.9986      -770.6858 39m51s/Msamples
      102700000    -85113.1298    -84356.0052      -757.1246 39m51s/Msamples
      102800000    -85095.5248    -84340.9316      -754.5932 39m51s/Msamples
      102900000    -85114.8079    -84326.9453      -787.8625 39m51s/Msamples
      103000000    -85102.7107    -84352.5152      -750.1954 39m51s/Msamples
      103100000    -85090.5494    -84335.2346      -755.3147 39m51s/Msamples
      103200000    -85113.6473    -84337.1849      -776.4624 39m51s/Msamples
      103300000    -85141.3994    -84366.4225      -774.9768 39m51s/Msamples
      103400000    -85103.5244    -84378.4530      -725.0714 39m51s/Msamples
      103500000    -85116.3210    -84367.8562      -748.4648 39m51s/Msamples
      103600000    -85053.3563    -84325.4715      -727.8847 39m51s/Msamples
      103700000    -85092.9078    -84345.8845      -747.0232 39m51s/Msamples
      103800000    -85153.5798    -84329.2531      -824.3267 39m51s/Msamples
      103900000    -85117.9335    -84360.5736      -757.3599 39m51s/Msamples
      104000000    -85148.8796    -84356.0918      -792.7878 39m51s/Msamples
      104100000    -85118.5059    -84344.7254      -773.7804 39m51s/Msamples
      104200000    -85104.2909    -84366.0394      -738.2514 39m51s/Msamples
      104300000    -85144.5669    -84358.2586      -786.3082 39m51s/Msamples
      104400000    -85128.5469    -84372.5465      -756.0003 39m51s/Msamples
      104500000    -85118.0798    -84375.8408      -742.2389 39m51s/Msamples
      104600000    -85104.6320    -84351.7054      -752.9266 39m51s/Msamples
      104700000    -85133.8043    -84327.1475      -806.6567 39m51s/Msamples
      104800000    -85196.5726    -84378.1853      -818.3872 39m51s/Msamples
      104900000    -85137.2604    -84381.0511      -756.2093 39m51s/Msamples
      105000000    -85132.5192    -84329.3136      -803.2056 39m51s/Msamples
      105100000    -85084.4217    -84358.8715      -725.5501 39m52s/Msamples
      105200000    -85086.2836    -84367.6844      -718.5992 39m52s/Msamples
      105300000    -85090.7111    -84354.6190      -736.0920 39m52s/Msamples
      105400000    -85117.6814    -84354.6978      -762.9835 39m52s/Msamples
      105500000    -85095.3677    -84370.9453      -724.4224 39m52s/Msamples
      105600000    -85142.6568    -84341.0011      -801.6557 39m52s/Msamples
      105700000    -85115.8837    -84370.5869      -745.2968 39m52s/Msamples
      105800000    -85107.9474    -84347.1123      -760.8350 39m52s/Msamples
      105900000    -85114.1361    -84356.6095      -757.5266 39m52s/Msamples
      106000000    -85095.0091    -84354.2498      -740.7593 39m52s/Msamples
      106100000    -85124.8467    -84364.3348      -760.5119 39m52s/Msamples
      106200000    -85096.5994    -84364.0379      -732.5614 39m52s/Msamples
      106300000    -85081.0115    -84329.5216      -751.4899 39m53s/Msamples
      106400000    -85138.4336    -84341.1954      -797.2382 39m53s/Msamples
      106500000    -85160.2098    -84348.2936      -811.9161 39m53s/Msamples
      106600000    -85151.3817    -84390.2694      -761.1123 39m53s/Msamples
      106700000    -85097.2067    -84372.1054      -725.1013 39m53s/Msamples
      106800000    -85103.0112    -84380.3933      -722.6179 39m53s/Msamples
      106900000    -85111.5706    -84385.1237      -726.4468 39m53s/Msamples
      107000000    -85130.7605    -84373.1795      -757.5810 39m53s/Msamples
      107100000    -85103.5032    -84338.7417      -764.7614 39m54s/Msamples
      107200000    -85111.5397    -84333.2424      -778.2973 39m54s/Msamples
      107300000    -85077.4196    -84304.9052      -772.5144 39m54s/Msamples
      107400000    -85088.0046    -84371.7368      -716.2677 39m54s/Msamples
      107500000    -85149.6036    -84352.8043      -796.7993 39m54s/Msamples
      107600000    -85083.4113    -84324.3828      -759.0285 39m54s/Msamples
      107700000    -85107.8768    -84357.6721      -750.2046 39m54s/Msamples
      107800000    -85169.0318    -84382.0708      -786.9610 39m54s/Msamples
      107900000    -85051.3504    -84369.6943      -681.6560 39m55s/Msamples
      108000000    -85088.1723    -84369.4874      -718.6848 39m55s/Msamples
      108100000    -85081.8325    -84343.9622      -737.8702 39m55s/Msamples
      108200000    -85109.4260    -84352.6016      -756.8243 39m55s/Msamples
